19:06:40.584 [main                     ] DEBUG Logger               - Configured Logger
19:06:40.588 [main                     ] DEBUG GameApplication      - Logging settings
Title: Pong
Version: 1.0
Width: 800
Height: 600
Fullscreen: false
Intro: false
Profiling: false
Single step:false
App Mode: DEBUG
Menu Key: ESCAPE
Stage Style: DECORATED
Scene Factory: class com.almasb.fxgl.app.scene.SceneFactory

19:06:40.880 [JavaFX Application Thread] DEBUG FXGLApplication      - Initializing FXGL
19:06:40.884 [JavaFX Application Thread] INFO  Engine               - FXGL-11.11 (08.09.2020 18.00) on WINDOWS (J:17.0.5 FX:14)
19:06:40.884 [JavaFX Application Thread] DEBUG Engine               - JRE Vendor Name: Amazon.com Inc.
19:06:40.884 [JavaFX Application Thread] DEBUG Engine               - Running on OS: Windows 11 version 10.0
19:06:40.885 [JavaFX Application Thread] DEBUG Engine               - Architecture: amd64
19:06:40.885 [JavaFX Application Thread] INFO  Engine               - Source code and latest versions at: https://github.com/AlmasB/FXGL
19:06:40.885 [JavaFX Application Thread] INFO  Engine               -              Join the FXGL chat at: https://gitter.im/AlmasB/FXGL
19:06:40.949 [JavaFX Application Thread] DEBUG MainWindow           - Creating a JavaFX scene
19:06:40.981 [JavaFX Application Thread] DEBUG MainWindow           - Target settings size: 800.0 x 600.0
19:06:40.981 [JavaFX Application Thread] DEBUG MainWindow           - Scaled scene size:    800.0 x 600.0
19:06:40.981 [JavaFX Application Thread] DEBUG MainWindow           - Scaled ratio: (1.0, 1.0)
19:06:40.982 [JavaFX Application Thread] DEBUG MainWindow           - Set initial scene to StartupScene
19:06:40.985 [JavaFX Application Thread] DEBUG MainWindow           - Opening main window
19:06:41.038 [JavaFX Application Thread] DEBUG MainWindow           - Window border size: (16.0, 39.0)
19:06:41.038 [JavaFX Application Thread] DEBUG MainWindow           - Scaled size: 800.0 x 600.0
19:06:41.038 [JavaFX Application Thread] DEBUG MainWindow           - Scaled ratio: (1.0, 1.0)
19:06:41.038 [JavaFX Application Thread] DEBUG MainWindow           - Scene size: 800.0 x 600.0
19:06:41.038 [JavaFX Application Thread] DEBUG MainWindow           - Stage size: 816.0 x 639.0
19:06:41.043 [FXGL Background Thread 1 ] DEBUG Engine               - Initializing environment variables
19:06:41.056 [FXGL Background Thread 1 ] DEBUG GameApplicationServi - Applying CSS: fxgl_dark.css
19:06:41.057 [FXGL Background Thread 1 ] DEBUG FXGLAssetLoaderServi - Loading from file system: /assets/ui/css/fxgl_dark.css
19:06:41.080 [FXGL Background Thread 1 ] DEBUG GameApplicationServi - Initializing application scenes
19:06:41.104 [FXGL Background Thread 1 ] DEBUG GameWorld            - Game world initialized
19:06:41.135 [FXGL Background Thread 1 ] DEBUG PhysicsWorld         - Physics world initialized: appHeight=600, physics.ppm=50.0
19:06:41.136 [FXGL Background Thread 1 ] DEBUG GameScene            - Game scene initialized: 800x600
19:06:41.151 [FXGL Background Thread 1 ] DEBUG FXGLAssetLoaderServi - Loading from file system: /assets/textures/particles/trace_horizontal.png
19:06:41.178 [FXGL Background Thread 1 ] DEBUG FXGL.DefaultMenu     - createMenuBodyGameMenu()
19:06:41.189 [FXGL Background Thread 1 ] DEBUG FXGL.DefaultMenu     - createOptionsMenu()
19:06:41.191 [FXGL Background Thread 1 ] DEBUG FXGLAssetLoaderServi - Loading from file system: /assets/textures/particles/smoke.png
19:06:41.222 [FXGL Background Thread 1 ] DEBUG GameApplicationServi - Application scenes initialized
19:06:41.229 [FXGL Background Thread 1 ] DEBUG SystemBundleService  - Loading FXGL system data
19:06:41.232 [FXGL Background Thread 1 ] DEBUG FileSystemAccess     - Reading from: C:\Users\ellio\Documents\CI628\CI628-PongServer-master\system\fxgl.bundle
19:06:41.236 [FXGL Background Thread 1 ] DEBUG SystemBundleService  - Bundle FXGL: {}
19:06:41.236 [FXGL Background Thread 1 ] DEBUG UpdaterService       - Checking for updates
19:06:41.239 [FXGL Background Thread 4 ] DEBUG FXGLApplication      - Loading fonts
19:06:41.239 [FXGL Background Thread 4 ] DEBUG FXGLAssetLoaderServi - Loading from file system: /assets/ui/fonts/pong.ttf
19:06:41.239 [FXGL Background Thread 1 ] DEBUG FXGLApplication      - Loading default localization
19:06:41.239 [FXGL Background Thread 1 ] DEBUG FXGLAssetLoaderServi - Loading from file system: /assets/languages/english.lang
19:06:41.252 [FXGL Background Thread 1 ] INFO  FXGLApplication      - FXGL initialization took: 0.210 sec
19:06:41.257 [JavaFX Application Thread] DEBUG Input                - Registered new binding: Up1 - W
19:06:41.257 [JavaFX Application Thread] DEBUG Input                - Registered new binding: Down1 - S
19:06:41.257 [JavaFX Application Thread] DEBUG Input                - Registered new binding: Right1 - D
19:06:41.258 [JavaFX Application Thread] DEBUG Input                - Registered new binding: Left1 - A
19:06:41.258 [JavaFX Application Thread] DEBUG Input                - Registered new binding: Up2 - I
19:06:41.258 [JavaFX Application Thread] DEBUG Input                - Registered new binding: Down2 - K
19:06:41.258 [JavaFX Application Thread] DEBUG Input                - Registered new binding: Right2 - L
19:06:41.258 [JavaFX Application Thread] DEBUG Input                - Registered new binding: Left2 - J
19:06:41.258 [JavaFX Application Thread] DEBUG FXGLAssetLoaderServi - Loading from file system: /assets/textures/fxgl_icon.png
19:06:41.269 [FXGL Background Thread 4 ] DEBUG FXGLAssetLoaderServi - Loading from file system: /assets/ui/fonts/Abel-Regular.ttf
19:06:41.270 [JavaFX Application Thread] DEBUG FXGLAssetLoaderServi - Loading from file system: /assets/ui/cursors/fxgl_default.png
19:06:41.271 [FXGL Background Thread 4 ] DEBUG FXGLAssetLoaderServi - Loading from file system: /assets/ui/fonts/lucida_console.ttf
19:06:41.272 [JavaFX Application Thread] DEBUG Input                - Registered new binding: Screenshot - P
19:06:41.272 [JavaFX Application Thread] DEBUG Input                - Registered new binding: System info dump - CTRL+9
19:06:41.272 [JavaFX Application Thread] DEBUG Input                - Registered new binding: Restart - CTRL+R
19:06:41.273 [JavaFX Application Thread] DEBUG Input                - Registered new binding: Toggle Debug Camera - CTRL+C
19:06:41.274 [JavaFX Application Thread] DEBUG LoopRunner           - Starting loop
19:06:41.274 [JavaFX Application Thread] DEBUG GameApplicationServi - Starting new game
19:06:41.274 [FXGL Background Thread 4 ] DEBUG FXGLAssetLoaderServi - Loading from file system: /assets/ui/fonts/Courier-Prime.ttf
19:06:41.276 [JavaFX Application Thread] DEBUG Input                - Clearing active input actions
19:06:41.288 [JavaFX Application Thread] DEBUG GameApplicationServi - Removing overlay from StartupScene and adding to FXGLLoadingScene
19:06:41.288 [JavaFX Application Thread] DEBUG MainWindow           - StartupScene -> FXGLLoadingScene
19:06:41.288 [JavaFX Application Thread] DEBUG GameApplicationServi - Clearing previous game
19:06:41.288 [JavaFX Application Thread] DEBUG GameScene            - Clearing game scene
19:06:41.288 [JavaFX Application Thread] DEBUG GameWorld            - Clearing game world
19:06:41.288 [JavaFX Application Thread] DEBUG PhysicsWorld         - Clearing physics world
19:06:41.290 [JavaFX Application Thread] DEBUG FXGLApplication      - Registering font factories with UI factory
19:06:41.290 [FXGL Background Thread 4 ] DEBUG FXGLApplication      - Initializing game
19:06:41.336 [FXGL Background Thread 4 ] DEBUG FXGLAssetLoaderServi - Loading from file system: /assets/ui/main.fxml
19:06:41.340 [Thread-4                 ] DEBUG TCPServer            - Starting to listen at: 55555 type: class java.lang.String
19:06:41.386 [FXGL Background Thread 4 ] INFO  FXGLApplication      - Game initialization took: 0.096 sec
19:06:41.391 [JavaFX Application Thread] DEBUG Input                - Clearing active input actions
19:06:41.396 [JavaFX Application Thread] DEBUG GameApplicationServi - Removing overlay from FXGLLoadingScene and adding to GameScene
19:06:41.396 [JavaFX Application Thread] DEBUG MainWindow           - FXGLLoadingScene -> GameScene
19:06:41.700 [FXGL Background Thread 2 ] INFO  UpdaterService       - Your current version:  11.11
19:06:41.700 [FXGL Background Thread 2 ] INFO  UpdaterService       - Latest stable version: 17+dev-SNAPSHOT
19:06:42.704 [JavaFX Application Thread] DEBUG MainWindow           - Push state: FXGLDefaultMenu
19:06:42.706 [JavaFX Application Thread] DEBUG Input                - Clearing active input actions
19:06:42.708 [JavaFX Application Thread] DEBUG GameApplicationServi - Removing overlay from GameScene and adding to FXGLDefaultMenu
19:06:42.708 [JavaFX Application Thread] DEBUG MainWindow           - GameScene -> FXGLDefaultMenu
19:06:44.240 [FXGL Background Thread 3 ] DEBUG Engine               - Logging environment variables
19:06:44.240 [FXGL Background Thread 3 ] DEBUG Engine               - achievements: []
19:06:44.240 [FXGL Background Thread 3 ] DEBUG Engine               - appIcon: fxgl_icon.png
19:06:44.240 [FXGL Background Thread 3 ] DEBUG Engine               - applicationMode: DEBUG
19:06:44.240 [FXGL Background Thread 3 ] DEBUG Engine               - cSSList: [fxgl_dark.css]
19:06:44.240 [FXGL Background Thread 3 ] DEBUG Engine               - configClass: Optional.empty
19:06:44.240 [FXGL Background Thread 3 ] DEBUG Engine               - credits: []
19:06:44.240 [FXGL Background Thread 3 ] DEBUG Engine               - devBBoxColorProperty: ObjectProperty [value: 0xff0000ff]
19:06:44.240 [FXGL Background Thread 3 ] DEBUG Engine               - devEnableDebugCameraProperty: BooleanProperty [value: false]
19:06:44.240 [FXGL Background Thread 3 ] DEBUG Engine               - devSensorColorProperty: ObjectProperty [value: 0xffff00ff]
19:06:44.241 [FXGL Background Thread 3 ] DEBUG Engine               - devShowBBoxProperty: BooleanProperty [value: false]
19:06:44.241 [FXGL Background Thread 3 ] DEBUG Engine               - devShowPositionProperty: BooleanProperty [value: false]
19:06:44.241 [FXGL Background Thread 3 ] DEBUG Engine               - enabledMenuItems: []
19:06:44.241 [FXGL Background Thread 3 ] DEBUG Engine               - engineServices: [class com.almasb.fxgl.app.FXGLApplication$GameApplicationService, class com.almasb.fxgl.app.services.FXGLDialogService, class com.almasb.fxgl.app.services.IOTaskExecutorService, class com.almasb.fxgl.event.EventBusService, class com.almasb.fxgl.io.FileSystemService, class com.almasb.fxgl.localization.LocalizationService, class com.almasb.fxgl.app.services.FXGLAssetLoaderService, class com.almasb.fxgl.app.services.SystemBundleService, class com.almasb.fxgl.profile.SaveLoadService, class com.almasb.fxgl.ui.FXGLUIFactoryServiceProvider, class com.almasb.fxgl.ui.FXGLDialogFactoryServiceProvider, class com.almasb.fxgl.audio.AudioPlayer, class com.almasb.fxgl.notification.impl.NotificationServiceProvider, class com.almasb.fxgl.achievement.AchievementService, class com.almasb.fxgl.cutscene.CutsceneService, class com.almasb.fxgl.minigames.MiniGameService, class com.almasb.fxgl.net.NetService, class com.almasb.fxgl.app.services.UpdaterService, class com.almasb.fxgl.dev.DevService]
19:06:44.241 [FXGL Background Thread 3 ] DEBUG Engine               - fontGame: Abel-Regular.ttf
19:06:44.241 [FXGL Background Thread 3 ] DEBUG Engine               - fontMono: lucida_console.ttf
19:06:44.241 [FXGL Background Thread 3 ] DEBUG Engine               - fontText: Courier-Prime.ttf
19:06:44.241 [FXGL Background Thread 3 ] DEBUG Engine               - fontUI: pong.ttf
19:06:44.241 [FXGL Background Thread 3 ] DEBUG Engine               - fullScreen: BooleanProperty [value: false]
19:06:44.241 [FXGL Background Thread 3 ] DEBUG Engine               - gameDifficulty: MEDIUM
19:06:44.241 [FXGL Background Thread 3 ] DEBUG Engine               - gameDifficultyProperty: ObjectProperty [value: MEDIUM]
19:06:44.241 [FXGL Background Thread 3 ] DEBUG Engine               - globalMusicVolume: 0.5
19:06:44.241 [FXGL Background Thread 3 ] DEBUG Engine               - globalMusicVolumeProperty: DoubleProperty [value: 0.5]
19:06:44.241 [FXGL Background Thread 3 ] DEBUG Engine               - globalSoundVolume: 0.5
19:06:44.241 [FXGL Background Thread 3 ] DEBUG Engine               - globalSoundVolumeProperty: DoubleProperty [value: 0.5]
19:06:44.241 [FXGL Background Thread 3 ] DEBUG Engine               - height: 600
19:06:44.242 [FXGL Background Thread 3 ] DEBUG Engine               - isAndroid: false
19:06:44.242 [FXGL Background Thread 3 ] DEBUG Engine               - isBrowser: false
19:06:44.242 [FXGL Background Thread 3 ] DEBUG Engine               - isClickFeedbackEnabled: false
19:06:44.242 [FXGL Background Thread 3 ] DEBUG Engine               - isCloseConfirmation: false
19:06:44.242 [FXGL Background Thread 3 ] DEBUG Engine               - isDesktop: true
19:06:44.242 [FXGL Background Thread 3 ] DEBUG Engine               - isDeveloperMenuEnabled: false
19:06:44.242 [FXGL Background Thread 3 ] DEBUG Engine               - isEntityPreloadEnabled: true
19:06:44.242 [FXGL Background Thread 3 ] DEBUG Engine               - isExperimentalNative: false
19:06:44.242 [FXGL Background Thread 3 ] DEBUG Engine               - isExperimentalTiledLargeMap: false
19:06:44.242 [FXGL Background Thread 3 ] DEBUG Engine               - isFileSystemWriteAllowed: true
19:06:44.242 [FXGL Background Thread 3 ] DEBUG Engine               - isFullScreenAllowed: false
19:06:44.242 [FXGL Background Thread 3 ] DEBUG Engine               - isFullScreenFromStart: false
19:06:44.242 [FXGL Background Thread 3 ] DEBUG Engine               - isGameMenuEnabled: true
19:06:44.242 [FXGL Background Thread 3 ] DEBUG Engine               - isIOS: false
19:06:44.242 [FXGL Background Thread 3 ] DEBUG Engine               - isIntroEnabled: false
19:06:44.242 [FXGL Background Thread 3 ] DEBUG Engine               - isLinux: false
19:06:44.242 [FXGL Background Thread 3 ] DEBUG Engine               - isMac: false
19:06:44.242 [FXGL Background Thread 3 ] DEBUG Engine               - isMainMenuEnabled: false
19:06:44.242 [FXGL Background Thread 3 ] DEBUG Engine               - isManualResizeEnabled: false
19:06:44.242 [FXGL Background Thread 3 ] DEBUG Engine               - isMobile: false
19:06:44.242 [FXGL Background Thread 3 ] DEBUG Engine               - isPreserveResizeRatio: false
19:06:44.243 [FXGL Background Thread 3 ] DEBUG Engine               - isProfilingEnabled: false
19:06:44.243 [FXGL Background Thread 3 ] DEBUG Engine               - isSingleStep: false
19:06:44.243 [FXGL Background Thread 3 ] DEBUG Engine               - isUserProfileEnabled: false
19:06:44.243 [FXGL Background Thread 3 ] DEBUG Engine               - isWindows: true
19:06:44.243 [FXGL Background Thread 3 ] DEBUG Engine               - language: ObjectProperty [value: ENGLISH]
19:06:44.243 [FXGL Background Thread 3 ] DEBUG Engine               - menuKey: ESCAPE
19:06:44.243 [FXGL Background Thread 3 ] DEBUG Engine               - notificationViewClass: class com.almasb.fxgl.notification.view.XboxNotificationView
19:06:44.243 [FXGL Background Thread 3 ] DEBUG Engine               - pixelsPerMeter: 50.0
19:06:44.243 [FXGL Background Thread 3 ] DEBUG Engine               - platform: WINDOWS
19:06:44.243 [FXGL Background Thread 3 ] DEBUG Engine               - profileDir: profiles/
19:06:44.243 [FXGL Background Thread 3 ] DEBUG Engine               - profileName: StringProperty [value: DEFAULT]
19:06:44.243 [FXGL Background Thread 3 ] DEBUG Engine               - randomSeed: -1
19:06:44.243 [FXGL Background Thread 3 ] DEBUG Engine               - runtimeInfo: RuntimeInfo(platform=WINDOWS, version=11.11, build=08.09.2020 18.00)
19:06:44.243 [FXGL Background Thread 3 ] DEBUG Engine               - saveFileExt: sav
19:06:44.243 [FXGL Background Thread 3 ] DEBUG Engine               - sceneFactory: com.almasb.fxgl.app.scene.SceneFactory@46942a36
19:06:44.243 [FXGL Background Thread 3 ] DEBUG Engine               - secondsIn24h: 60
19:06:44.243 [FXGL Background Thread 3 ] DEBUG Engine               - soundMenuBack: menu/back.wav
19:06:44.243 [FXGL Background Thread 3 ] DEBUG Engine               - soundMenuPress: menu/press.wav
19:06:44.243 [FXGL Background Thread 3 ] DEBUG Engine               - soundMenuSelect: menu/select.wav
19:06:44.243 [FXGL Background Thread 3 ] DEBUG Engine               - soundNotification: core/notification.wav
19:06:44.244 [FXGL Background Thread 3 ] DEBUG Engine               - stageStyle: DECORATED
19:06:44.244 [FXGL Background Thread 3 ] DEBUG Engine               - supportedLanguages: [ENGLISH, FRENCH, GERMAN, HUNGARIAN, RUSSIAN]
19:06:44.244 [FXGL Background Thread 3 ] DEBUG Engine               - title: Pong
19:06:44.244 [FXGL Background Thread 3 ] DEBUG Engine               - urlGithub: https://github.com/AlmasB/FXGL
19:06:44.244 [FXGL Background Thread 3 ] DEBUG Engine               - urlLeaderboard: http://fxgl-top.herokuapp.com/
19:06:44.244 [FXGL Background Thread 3 ] DEBUG Engine               - urlPOM: https://raw.githubusercontent.com/AlmasB/FXGL/master/pom.xml
19:06:44.244 [FXGL Background Thread 3 ] DEBUG Engine               - version: 1.0
19:06:44.244 [FXGL Background Thread 3 ] DEBUG Engine               - versionCheckDays: 7
19:06:44.244 [FXGL Background Thread 3 ] DEBUG Engine               - width: 800
19:06:44.244 [FXGL Background Thread 3 ] DEBUG Engine               - Logging services
19:06:44.244 [FXGL Background Thread 3 ] DEBUG Engine               - class com.almasb.fxgl.app.FXGLApplication$GameApplicationService
19:06:44.244 [FXGL Background Thread 3 ] DEBUG Engine               - class com.almasb.fxgl.app.services.FXGLDialogService
19:06:44.244 [FXGL Background Thread 3 ] DEBUG Engine               - class com.almasb.fxgl.app.services.IOTaskExecutorService
19:06:44.244 [FXGL Background Thread 3 ] DEBUG Engine               - class com.almasb.fxgl.event.EventBusService
19:06:44.244 [FXGL Background Thread 3 ] DEBUG Engine               - class com.almasb.fxgl.io.FileSystemService
19:06:44.244 [FXGL Background Thread 3 ] DEBUG Engine               - class com.almasb.fxgl.localization.LocalizationService
19:06:44.244 [FXGL Background Thread 3 ] DEBUG Engine               - class com.almasb.fxgl.app.services.FXGLAssetLoaderService
19:06:44.244 [FXGL Background Thread 3 ] DEBUG Engine               - class com.almasb.fxgl.app.services.SystemBundleService
19:06:44.244 [FXGL Background Thread 3 ] DEBUG Engine               - class com.almasb.fxgl.profile.SaveLoadService
19:06:44.244 [FXGL Background Thread 3 ] DEBUG Engine               - class com.almasb.fxgl.ui.FXGLUIFactoryServiceProvider
19:06:44.244 [FXGL Background Thread 3 ] DEBUG Engine               - class com.almasb.fxgl.ui.FXGLDialogFactoryServiceProvider
19:06:44.244 [FXGL Background Thread 3 ] DEBUG Engine               - class com.almasb.fxgl.audio.AudioPlayer
19:06:44.244 [FXGL Background Thread 3 ] DEBUG Engine               - class com.almasb.fxgl.notification.impl.NotificationServiceProvider
19:06:44.244 [FXGL Background Thread 3 ] DEBUG Engine               - class com.almasb.fxgl.achievement.AchievementService
19:06:44.244 [FXGL Background Thread 3 ] DEBUG Engine               - class com.almasb.fxgl.cutscene.CutsceneService
19:06:44.244 [FXGL Background Thread 3 ] DEBUG Engine               - class com.almasb.fxgl.minigames.MiniGameService
19:06:44.244 [FXGL Background Thread 3 ] DEBUG Engine               - class com.almasb.fxgl.net.NetService
19:06:44.244 [FXGL Background Thread 3 ] DEBUG Engine               - class com.almasb.fxgl.app.services.UpdaterService
19:06:44.244 [FXGL Background Thread 3 ] DEBUG Engine               - class com.almasb.fxgl.dev.DevService
19:06:48.082 [Thread-4                 ] DEBUG Endpoint             - TCPServer opening new connection (1) from /127.0.0.1:56129 type: class java.lang.String
19:06:48.083 [Thread-4                 ] DEBUG Endpoint             - TCPServer successfully opened connection (1)
19:06:48.084 [TCPServer_SendThread-1   ] DEBUG Writers              - Getting TCPMessageWriter for class java.lang.String
19:06:48.084 [TCPServer_SendThread-1   ] DEBUG Writers              - Constructed TCPMessageWriter for class java.lang.String: MessageWriterS
19:06:48.085 [TCPServer_RecvThread-1   ] DEBUG Readers              - Getting TCPMessageReader for class java.lang.String
19:06:48.085 [TCPServer_RecvThread-1   ] DEBUG Readers              - Constructed MessageReader for class java.lang.String: MessageReaderS
19:07:06.895 [JavaFX Application Thread] DEBUG Menu                 - fireResume()
19:07:06.895 [JavaFX Application Thread] DEBUG MainWindow           - Pop state: FXGLDefaultMenu
19:07:06.895 [JavaFX Application Thread] DEBUG Input                - Clearing active input actions
19:07:06.896 [JavaFX Application Thread] DEBUG GameApplicationServi - Removing overlay from FXGLDefaultMenu and adding to GameScene
19:07:06.897 [JavaFX Application Thread] DEBUG MainWindow           - GameScene <- FXGLDefaultMenu
19:07:12.241 [JavaFX Application Thread] DEBUG MainWindow           - Push state: FXGLDefaultMenu
19:07:12.241 [JavaFX Application Thread] DEBUG Input                - Clearing active input actions
19:07:12.243 [JavaFX Application Thread] DEBUG GameApplicationServi - Removing overlay from GameScene and adding to FXGLDefaultMenu
19:07:12.243 [JavaFX Application Thread] DEBUG MainWindow           - GameScene -> FXGLDefaultMenu
19:07:27.139 [JavaFX Application Thread] DEBUG Menu                 - fireResume()
19:07:27.140 [JavaFX Application Thread] DEBUG MainWindow           - Pop state: FXGLDefaultMenu
19:07:27.140 [JavaFX Application Thread] DEBUG Input                - Clearing active input actions
19:07:27.140 [JavaFX Application Thread] DEBUG GameApplicationServi - Removing overlay from FXGLDefaultMenu and adding to GameScene
19:07:27.140 [JavaFX Application Thread] DEBUG MainWindow           - GameScene <- FXGLDefaultMenu
19:07:46.530 [Thread-4                 ] DEBUG Endpoint             - TCPServer opening new connection (2) from /127.0.0.1:56138 type: class java.lang.String
19:07:46.530 [Thread-4                 ] DEBUG Endpoint             - TCPServer successfully opened connection (2)
19:07:46.531 [TCPServer_SendThread-2   ] DEBUG Writers              - Getting TCPMessageWriter for class java.lang.String
19:07:46.531 [TCPServer_RecvThread-2   ] DEBUG Readers              - Getting TCPMessageReader for class java.lang.String
19:07:46.531 [TCPServer_SendThread-2   ] DEBUG Writers              - Constructed TCPMessageWriter for class java.lang.String: MessageWriterS
19:07:46.531 [TCPServer_RecvThread-2   ] DEBUG Readers              - Constructed MessageReader for class java.lang.String: MessageReaderS
19:07:52.124 [JavaFX Application Thread] DEBUG MainWindow           - Push state: FXGLDefaultMenu
19:07:52.124 [JavaFX Application Thread] DEBUG Input                - Clearing active input actions
19:07:52.125 [JavaFX Application Thread] DEBUG GameApplicationServi - Removing overlay from GameScene and adding to FXGLDefaultMenu
19:07:52.125 [JavaFX Application Thread] DEBUG MainWindow           - GameScene -> FXGLDefaultMenu
19:07:55.330 [Thread-4                 ] DEBUG Endpoint             - TCPServer opening new connection (3) from /127.0.0.1:56141 type: class java.lang.String
19:07:55.331 [Thread-4                 ] DEBUG Endpoint             - TCPServer successfully opened connection (3)
19:07:55.331 [TCPServer_SendThread-3   ] DEBUG Writers              - Getting TCPMessageWriter for class java.lang.String
19:07:55.331 [TCPServer_RecvThread-3   ] DEBUG Readers              - Getting TCPMessageReader for class java.lang.String
19:07:55.331 [TCPServer_SendThread-3   ] DEBUG Writers              - Constructed TCPMessageWriter for class java.lang.String: MessageWriterS
19:07:55.331 [TCPServer_RecvThread-3   ] DEBUG Readers              - Constructed MessageReader for class java.lang.String: MessageReaderS
19:10:26.182 [Thread-4                 ] DEBUG Endpoint             - TCPServer opening new connection (4) from /127.0.0.1:56165 type: class java.lang.String
19:10:26.182 [Thread-4                 ] DEBUG Endpoint             - TCPServer successfully opened connection (4)
19:10:26.182 [TCPServer_RecvThread-4   ] DEBUG Readers              - Getting TCPMessageReader for class java.lang.String
19:10:26.183 [TCPServer_SendThread-4   ] DEBUG Writers              - Constructed TCPMessageWriter for class java.lang.String: MessageWriterS
19:10:26.183 [TCPServer_RecvThread-4   ] DEBUG Readers              - Constructed MessageReader for class java.lang.String: MessageReaderS
19:10:42.109 [JavaFX Application Thread] DEBUG Menu                 - fireResume()
19:10:42.109 [JavaFX Application Thread] DEBUG MainWindow           - Pop state: FXGLDefaultMenu
19:10:42.109 [JavaFX Application Thread] DEBUG Input                - Clearing active input actions
19:10:42.110 [JavaFX Application Thread] DEBUG GameApplicationServi - Removing overlay from FXGLDefaultMenu and adding to GameScene
19:10:42.110 [JavaFX Application Thread] DEBUG MainWindow           - GameScene <- FXGLDefaultMenu
19:11:15.788 [JavaFX Application Thread] DEBUG FXGLApplication      - Exiting FXGL
19:11:15.788 [JavaFX Application Thread] DEBUG LoopRunner           - Stopping loop
19:11:15.788 [JavaFX Application Thread] DEBUG SystemBundleService  - Saving FXGL system data
19:11:15.789 [JavaFX Application Thread] DEBUG FileSystemAccess     - Writing to: C:\Users\ellio\Documents\CI628\CI628-PongServer-master\system\fxgl.bundle
19:11:15.790 [JavaFX Application Thread] DEBUG Async                - Shutting down background threads
19:11:15.790 [JavaFX Application Thread] DEBUG MainWindow           - Closing main window
19:11:15.799 [JavaFX Application Thread] DEBUG Logger               - Closing Logger
