18:51:59.742 [main                     ] DEBUG Logger               - Configured Logger
18:51:59.746 [main                     ] DEBUG GameApplication      - Logging settings
Title: Pong
Version: 1.0
Width: 800
Height: 600
Fullscreen: false
Intro: false
Profiling: false
Single step:false
App Mode: DEBUG
Menu Key: ESCAPE
Stage Style: DECORATED
Scene Factory: class com.almasb.fxgl.app.scene.SceneFactory

18:52:00.057 [JavaFX Application Thread] DEBUG FXGLApplication      - Initializing FXGL
18:52:00.060 [JavaFX Application Thread] INFO  Engine               - FXGL-11.11 (08.09.2020 18.00) on WINDOWS (J:17.0.5 FX:14)
18:52:00.060 [JavaFX Application Thread] DEBUG Engine               - JRE Vendor Name: Amazon.com Inc.
18:52:00.060 [JavaFX Application Thread] DEBUG Engine               - Running on OS: Windows 11 version 10.0
18:52:00.060 [JavaFX Application Thread] DEBUG Engine               - Architecture: amd64
18:52:00.060 [JavaFX Application Thread] INFO  Engine               - Source code and latest versions at: https://github.com/AlmasB/FXGL
18:52:00.060 [JavaFX Application Thread] INFO  Engine               -              Join the FXGL chat at: https://gitter.im/AlmasB/FXGL
18:52:00.110 [JavaFX Application Thread] DEBUG MainWindow           - Creating a JavaFX scene
18:52:00.137 [JavaFX Application Thread] DEBUG MainWindow           - Target settings size: 800.0 x 600.0
18:52:00.137 [JavaFX Application Thread] DEBUG MainWindow           - Scaled scene size:    800.0 x 600.0
18:52:00.137 [JavaFX Application Thread] DEBUG MainWindow           - Scaled ratio: (1.0, 1.0)
18:52:00.137 [JavaFX Application Thread] DEBUG MainWindow           - Set initial scene to StartupScene
18:52:00.140 [JavaFX Application Thread] DEBUG MainWindow           - Opening main window
18:52:00.194 [JavaFX Application Thread] DEBUG MainWindow           - Window border size: (16.0, 39.0)
18:52:00.194 [JavaFX Application Thread] DEBUG MainWindow           - Scaled size: 800.0 x 600.0
18:52:00.194 [JavaFX Application Thread] DEBUG MainWindow           - Scaled ratio: (1.0, 1.0)
18:52:00.194 [JavaFX Application Thread] DEBUG MainWindow           - Scene size: 800.0 x 600.0
18:52:00.194 [JavaFX Application Thread] DEBUG MainWindow           - Stage size: 816.0 x 639.0
18:52:00.198 [FXGL Background Thread 1 ] DEBUG Engine               - Initializing environment variables
18:52:00.212 [FXGL Background Thread 1 ] DEBUG GameApplicationServi - Applying CSS: fxgl_dark.css
18:52:00.212 [FXGL Background Thread 1 ] DEBUG FXGLAssetLoaderServi - Loading from file system: /assets/ui/css/fxgl_dark.css
18:52:00.236 [FXGL Background Thread 1 ] DEBUG GameApplicationServi - Initializing application scenes
18:52:00.258 [FXGL Background Thread 1 ] DEBUG GameWorld            - Game world initialized
18:52:00.290 [FXGL Background Thread 1 ] DEBUG PhysicsWorld         - Physics world initialized: appHeight=600, physics.ppm=50.0
18:52:00.291 [FXGL Background Thread 1 ] DEBUG GameScene            - Game scene initialized: 800x600
18:52:00.307 [FXGL Background Thread 1 ] DEBUG FXGLAssetLoaderServi - Loading from file system: /assets/textures/particles/trace_horizontal.png
18:52:00.334 [FXGL Background Thread 1 ] DEBUG FXGL.DefaultMenu     - createMenuBodyGameMenu()
18:52:00.342 [FXGL Background Thread 1 ] DEBUG FXGL.DefaultMenu     - createOptionsMenu()
18:52:00.344 [FXGL Background Thread 1 ] DEBUG FXGLAssetLoaderServi - Loading from file system: /assets/textures/particles/smoke.png
18:52:00.379 [FXGL Background Thread 1 ] DEBUG GameApplicationServi - Application scenes initialized
18:52:00.385 [FXGL Background Thread 1 ] DEBUG SystemBundleService  - Loading FXGL system data
18:52:00.387 [FXGL Background Thread 1 ] DEBUG FileSystemAccess     - Reading from: C:\Users\ellio\Documents\CI628\CI628-PongServer-master\system\fxgl.bundle
18:52:00.391 [FXGL Background Thread 1 ] DEBUG SystemBundleService  - Bundle FXGL: {}
18:52:00.391 [FXGL Background Thread 1 ] DEBUG UpdaterService       - Checking for updates
18:52:00.393 [FXGL Background Thread 4 ] DEBUG FXGLApplication      - Loading fonts
18:52:00.393 [FXGL Background Thread 4 ] DEBUG FXGLAssetLoaderServi - Loading from file system: /assets/ui/fonts/pong.ttf
18:52:00.393 [FXGL Background Thread 1 ] DEBUG FXGLApplication      - Loading default localization
18:52:00.393 [FXGL Background Thread 1 ] DEBUG FXGLAssetLoaderServi - Loading from file system: /assets/languages/english.lang
18:52:00.404 [FXGL Background Thread 1 ] INFO  FXGLApplication      - FXGL initialization took: 0.206 sec
18:52:00.409 [JavaFX Application Thread] DEBUG Input                - Registered new binding: Up1 - W
18:52:00.409 [JavaFX Application Thread] DEBUG Input                - Registered new binding: Down1 - S
18:52:00.410 [JavaFX Application Thread] DEBUG Input                - Registered new binding: Right1 - D
18:52:00.410 [JavaFX Application Thread] DEBUG Input                - Registered new binding: Left1 - A
18:52:00.410 [JavaFX Application Thread] DEBUG Input                - Registered new binding: Up2 - I
18:52:00.410 [JavaFX Application Thread] DEBUG Input                - Registered new binding: Down2 - K
18:52:00.410 [JavaFX Application Thread] DEBUG Input                - Registered new binding: Right2 - L
18:52:00.410 [JavaFX Application Thread] DEBUG Input                - Registered new binding: Left2 - J
18:52:00.410 [JavaFX Application Thread] DEBUG FXGLAssetLoaderServi - Loading from file system: /assets/textures/fxgl_icon.png
18:52:00.424 [JavaFX Application Thread] DEBUG FXGLAssetLoaderServi - Loading from file system: /assets/ui/cursors/fxgl_default.png
18:52:00.426 [JavaFX Application Thread] DEBUG Input                - Registered new binding: Screenshot - P
18:52:00.427 [JavaFX Application Thread] DEBUG Input                - Registered new binding: System info dump - CTRL+9
18:52:00.428 [JavaFX Application Thread] DEBUG Input                - Registered new binding: Restart - CTRL+R
18:52:00.429 [JavaFX Application Thread] DEBUG Input                - Registered new binding: Toggle Debug Camera - CTRL+C
18:52:00.429 [FXGL Background Thread 4 ] DEBUG FXGLAssetLoaderServi - Loading from file system: /assets/ui/fonts/Abel-Regular.ttf
18:52:00.431 [FXGL Background Thread 4 ] DEBUG FXGLAssetLoaderServi - Loading from file system: /assets/ui/fonts/lucida_console.ttf
18:52:00.432 [JavaFX Application Thread] DEBUG GameApplicationServi - Starting new game
18:52:00.433 [JavaFX Application Thread] DEBUG Input                - Clearing active input actions
18:52:00.436 [FXGL Background Thread 4 ] DEBUG FXGLAssetLoaderServi - Loading from file system: /assets/ui/fonts/Courier-Prime.ttf
18:52:00.442 [JavaFX Application Thread] DEBUG GameApplicationServi - Removing overlay from StartupScene and adding to FXGLLoadingScene
18:52:00.442 [JavaFX Application Thread] DEBUG MainWindow           - StartupScene -> FXGLLoadingScene
18:52:00.442 [JavaFX Application Thread] DEBUG GameApplicationServi - Clearing previous game
18:52:00.442 [JavaFX Application Thread] DEBUG GameScene            - Clearing game scene
18:52:00.444 [JavaFX Application Thread] DEBUG GameWorld            - Clearing game world
18:52:00.444 [JavaFX Application Thread] DEBUG PhysicsWorld         - Clearing physics world
18:52:00.445 [FXGL Background Thread 4 ] DEBUG FXGLApplication      - Initializing game
18:52:00.479 [JavaFX Application Thread] DEBUG FXGLApplication      - Registering font factories with UI factory
18:52:00.500 [FXGL Background Thread 4 ] DEBUG FXGLAssetLoaderServi - Loading from file system: /assets/ui/main.fxml
18:52:00.501 [Thread-4                 ] DEBUG TCPServer            - Starting to listen at: 55555 type: class java.lang.String
18:52:00.552 [FXGL Background Thread 4 ] INFO  FXGLApplication      - Game initialization took: 0.106 sec
18:52:00.557 [JavaFX Application Thread] DEBUG Input                - Clearing active input actions
18:52:00.562 [JavaFX Application Thread] DEBUG GameApplicationServi - Removing overlay from FXGLLoadingScene and adding to GameScene
18:52:00.563 [JavaFX Application Thread] DEBUG MainWindow           - FXGLLoadingScene -> GameScene
18:52:00.683 [FXGL Background Thread 2 ] INFO  UpdaterService       - Your current version:  11.11
18:52:00.683 [FXGL Background Thread 2 ] INFO  UpdaterService       - Latest stable version: 17+dev-SNAPSHOT
18:52:01.588 [JavaFX Application Thread] DEBUG MainWindow           - Push state: FXGLDefaultMenu
18:52:01.589 [JavaFX Application Thread] DEBUG Input                - Clearing active input actions
18:52:01.591 [JavaFX Application Thread] DEBUG GameApplicationServi - Removing overlay from GameScene and adding to FXGLDefaultMenu
18:52:01.591 [JavaFX Application Thread] DEBUG MainWindow           - GameScene -> FXGLDefaultMenu
18:52:03.393 [FXGL Background Thread 3 ] DEBUG Engine               - Logging environment variables
18:52:03.393 [FXGL Background Thread 3 ] DEBUG Engine               - achievements: []
18:52:03.393 [FXGL Background Thread 3 ] DEBUG Engine               - appIcon: fxgl_icon.png
18:52:03.393 [FXGL Background Thread 3 ] DEBUG Engine               - applicationMode: DEBUG
18:52:03.393 [FXGL Background Thread 3 ] DEBUG Engine               - cSSList: [fxgl_dark.css]
18:52:03.393 [FXGL Background Thread 3 ] DEBUG Engine               - configClass: Optional.empty
18:52:03.393 [FXGL Background Thread 3 ] DEBUG Engine               - credits: []
18:52:03.393 [FXGL Background Thread 3 ] DEBUG Engine               - devBBoxColorProperty: ObjectProperty [value: 0xff0000ff]
18:52:03.393 [FXGL Background Thread 3 ] DEBUG Engine               - devEnableDebugCameraProperty: BooleanProperty [value: false]
18:52:03.394 [FXGL Background Thread 3 ] DEBUG Engine               - devSensorColorProperty: ObjectProperty [value: 0xffff00ff]
18:52:03.394 [FXGL Background Thread 3 ] DEBUG Engine               - devShowBBoxProperty: BooleanProperty [value: false]
18:52:03.394 [FXGL Background Thread 3 ] DEBUG Engine               - devShowPositionProperty: BooleanProperty [value: false]
18:52:03.394 [FXGL Background Thread 3 ] DEBUG Engine               - enabledMenuItems: []
18:52:03.394 [FXGL Background Thread 3 ] DEBUG Engine               - engineServices: [class com.almasb.fxgl.app.FXGLApplication$GameApplicationService, class com.almasb.fxgl.app.services.FXGLDialogService, class com.almasb.fxgl.app.services.IOTaskExecutorService, class com.almasb.fxgl.event.EventBusService, class com.almasb.fxgl.io.FileSystemService, class com.almasb.fxgl.localization.LocalizationService, class com.almasb.fxgl.app.services.FXGLAssetLoaderService, class com.almasb.fxgl.app.services.SystemBundleService, class com.almasb.fxgl.profile.SaveLoadService, class com.almasb.fxgl.ui.FXGLUIFactoryServiceProvider, class com.almasb.fxgl.ui.FXGLDialogFactoryServiceProvider, class com.almasb.fxgl.audio.AudioPlayer, class com.almasb.fxgl.notification.impl.NotificationServiceProvider, class com.almasb.fxgl.achievement.AchievementService, class com.almasb.fxgl.cutscene.CutsceneService, class com.almasb.fxgl.minigames.MiniGameService, class com.almasb.fxgl.net.NetService, class com.almasb.fxgl.app.services.UpdaterService, class com.almasb.fxgl.dev.DevService]
18:52:03.394 [FXGL Background Thread 3 ] DEBUG Engine               - fontGame: Abel-Regular.ttf
18:52:03.394 [FXGL Background Thread 3 ] DEBUG Engine               - fontMono: lucida_console.ttf
18:52:03.394 [FXGL Background Thread 3 ] DEBUG Engine               - fontText: Courier-Prime.ttf
18:52:03.394 [FXGL Background Thread 3 ] DEBUG Engine               - fontUI: pong.ttf
18:52:03.394 [FXGL Background Thread 3 ] DEBUG Engine               - fullScreen: BooleanProperty [value: false]
18:52:03.394 [FXGL Background Thread 3 ] DEBUG Engine               - gameDifficulty: MEDIUM
18:52:03.394 [FXGL Background Thread 3 ] DEBUG Engine               - gameDifficultyProperty: ObjectProperty [value: MEDIUM]
18:52:03.394 [FXGL Background Thread 3 ] DEBUG Engine               - globalMusicVolume: 0.5
18:52:03.394 [FXGL Background Thread 3 ] DEBUG Engine               - globalMusicVolumeProperty: DoubleProperty [value: 0.5]
18:52:03.394 [FXGL Background Thread 3 ] DEBUG Engine               - globalSoundVolume: 0.5
18:52:03.394 [FXGL Background Thread 3 ] DEBUG Engine               - globalSoundVolumeProperty: DoubleProperty [value: 0.5]
18:52:03.396 [FXGL Background Thread 3 ] DEBUG Engine               - height: 600
18:52:03.396 [FXGL Background Thread 3 ] DEBUG Engine               - isAndroid: false
18:52:03.396 [FXGL Background Thread 3 ] DEBUG Engine               - isBrowser: false
18:52:03.396 [FXGL Background Thread 3 ] DEBUG Engine               - isClickFeedbackEnabled: false
18:52:03.396 [FXGL Background Thread 3 ] DEBUG Engine               - isCloseConfirmation: false
18:52:03.396 [FXGL Background Thread 3 ] DEBUG Engine               - isDesktop: true
18:52:03.396 [FXGL Background Thread 3 ] DEBUG Engine               - isDeveloperMenuEnabled: false
18:52:03.396 [FXGL Background Thread 3 ] DEBUG Engine               - isEntityPreloadEnabled: true
18:52:03.396 [FXGL Background Thread 3 ] DEBUG Engine               - isExperimentalNative: false
18:52:03.396 [FXGL Background Thread 3 ] DEBUG Engine               - isExperimentalTiledLargeMap: false
18:52:03.396 [FXGL Background Thread 3 ] DEBUG Engine               - isFileSystemWriteAllowed: true
18:52:03.396 [FXGL Background Thread 3 ] DEBUG Engine               - isFullScreenAllowed: false
18:52:03.396 [FXGL Background Thread 3 ] DEBUG Engine               - isFullScreenFromStart: false
18:52:03.396 [FXGL Background Thread 3 ] DEBUG Engine               - isGameMenuEnabled: true
18:52:03.396 [FXGL Background Thread 3 ] DEBUG Engine               - isIOS: false
18:52:03.396 [FXGL Background Thread 3 ] DEBUG Engine               - isIntroEnabled: false
18:52:03.396 [FXGL Background Thread 3 ] DEBUG Engine               - isLinux: false
18:52:03.396 [FXGL Background Thread 3 ] DEBUG Engine               - isMac: false
18:52:03.396 [FXGL Background Thread 3 ] DEBUG Engine               - isMainMenuEnabled: false
18:52:03.396 [FXGL Background Thread 3 ] DEBUG Engine               - isManualResizeEnabled: false
18:52:03.396 [FXGL Background Thread 3 ] DEBUG Engine               - isMobile: false
18:52:03.397 [FXGL Background Thread 3 ] DEBUG Engine               - isPreserveResizeRatio: false
18:52:03.397 [FXGL Background Thread 3 ] DEBUG Engine               - isProfilingEnabled: false
18:52:03.397 [FXGL Background Thread 3 ] DEBUG Engine               - isSingleStep: false
18:52:03.397 [FXGL Background Thread 3 ] DEBUG Engine               - isUserProfileEnabled: false
18:52:03.397 [FXGL Background Thread 3 ] DEBUG Engine               - isWindows: true
18:52:03.397 [FXGL Background Thread 3 ] DEBUG Engine               - language: ObjectProperty [value: ENGLISH]
18:52:03.397 [FXGL Background Thread 3 ] DEBUG Engine               - menuKey: ESCAPE
18:52:03.397 [FXGL Background Thread 3 ] DEBUG Engine               - notificationViewClass: class com.almasb.fxgl.notification.view.XboxNotificationView
18:52:03.397 [FXGL Background Thread 3 ] DEBUG Engine               - pixelsPerMeter: 50.0
18:52:03.397 [FXGL Background Thread 3 ] DEBUG Engine               - platform: WINDOWS
18:52:03.397 [FXGL Background Thread 3 ] DEBUG Engine               - profileDir: profiles/
18:52:03.397 [FXGL Background Thread 3 ] DEBUG Engine               - profileName: StringProperty [value: DEFAULT]
18:52:03.397 [FXGL Background Thread 3 ] DEBUG Engine               - randomSeed: -1
18:52:03.398 [FXGL Background Thread 3 ] DEBUG Engine               - runtimeInfo: RuntimeInfo(platform=WINDOWS, version=11.11, build=08.09.2020 18.00)
18:52:03.398 [FXGL Background Thread 3 ] DEBUG Engine               - saveFileExt: sav
18:52:03.398 [FXGL Background Thread 3 ] DEBUG Engine               - sceneFactory: com.almasb.fxgl.app.scene.SceneFactory@92effff
18:52:03.398 [FXGL Background Thread 3 ] DEBUG Engine               - secondsIn24h: 60
18:52:03.398 [FXGL Background Thread 3 ] DEBUG Engine               - soundMenuBack: menu/back.wav
18:52:03.398 [FXGL Background Thread 3 ] DEBUG Engine               - soundMenuPress: menu/press.wav
18:52:03.398 [FXGL Background Thread 3 ] DEBUG Engine               - soundMenuSelect: menu/select.wav
18:52:03.398 [FXGL Background Thread 3 ] DEBUG Engine               - soundNotification: core/notification.wav
18:52:03.398 [FXGL Background Thread 3 ] DEBUG Engine               - stageStyle: DECORATED
18:52:03.398 [FXGL Background Thread 3 ] DEBUG Engine               - supportedLanguages: [ENGLISH, FRENCH, GERMAN, HUNGARIAN, RUSSIAN]
18:52:03.398 [FXGL Background Thread 3 ] DEBUG Engine               - title: Pong
18:52:03.398 [FXGL Background Thread 3 ] DEBUG Engine               - urlGithub: https://github.com/AlmasB/FXGL
18:52:03.398 [FXGL Background Thread 3 ] DEBUG Engine               - urlLeaderboard: http://fxgl-top.herokuapp.com/
18:52:03.398 [FXGL Background Thread 3 ] DEBUG Engine               - urlPOM: https://raw.githubusercontent.com/AlmasB/FXGL/master/pom.xml
18:52:03.398 [FXGL Background Thread 3 ] DEBUG Engine               - version: 1.0
18:52:03.398 [FXGL Background Thread 3 ] DEBUG Engine               - versionCheckDays: 7
18:52:03.398 [FXGL Background Thread 3 ] DEBUG Engine               - width: 800
18:52:03.399 [FXGL Background Thread 3 ] DEBUG Engine               - Logging services
18:52:03.399 [FXGL Background Thread 3 ] DEBUG Engine               - class com.almasb.fxgl.app.FXGLApplication$GameApplicationService
18:52:03.399 [FXGL Background Thread 3 ] DEBUG Engine               - class com.almasb.fxgl.app.services.FXGLDialogService
18:52:03.399 [FXGL Background Thread 3 ] DEBUG Engine               - class com.almasb.fxgl.app.services.IOTaskExecutorService
18:52:03.399 [FXGL Background Thread 3 ] DEBUG Engine               - class com.almasb.fxgl.event.EventBusService
18:52:03.399 [FXGL Background Thread 3 ] DEBUG Engine               - class com.almasb.fxgl.io.FileSystemService
18:52:03.399 [FXGL Background Thread 3 ] DEBUG Engine               - class com.almasb.fxgl.localization.LocalizationService
18:52:03.399 [FXGL Background Thread 3 ] DEBUG Engine               - class com.almasb.fxgl.app.services.FXGLAssetLoaderService
18:52:03.399 [FXGL Background Thread 3 ] DEBUG Engine               - class com.almasb.fxgl.app.services.SystemBundleService
18:52:03.399 [FXGL Background Thread 3 ] DEBUG Engine               - class com.almasb.fxgl.profile.SaveLoadService
18:52:03.399 [FXGL Background Thread 3 ] DEBUG Engine               - class com.almasb.fxgl.ui.FXGLUIFactoryServiceProvider
18:52:03.399 [FXGL Background Thread 3 ] DEBUG Engine               - class com.almasb.fxgl.ui.FXGLDialogFactoryServiceProvider
18:52:03.399 [FXGL Background Thread 3 ] DEBUG Engine               - class com.almasb.fxgl.audio.AudioPlayer
18:52:03.399 [FXGL Background Thread 3 ] DEBUG Engine               - class com.almasb.fxgl.notification.impl.NotificationServiceProvider
18:52:03.399 [FXGL Background Thread 3 ] DEBUG Engine               - class com.almasb.fxgl.achievement.AchievementService
18:52:03.399 [FXGL Background Thread 3 ] DEBUG Engine               - class com.almasb.fxgl.cutscene.CutsceneService
18:52:03.399 [FXGL Background Thread 3 ] DEBUG Engine               - class com.almasb.fxgl.minigames.MiniGameService
18:52:03.399 [FXGL Background Thread 3 ] DEBUG Engine               - class com.almasb.fxgl.net.NetService
18:52:03.400 [FXGL Background Thread 3 ] DEBUG Engine               - class com.almasb.fxgl.app.services.UpdaterService
18:52:03.400 [FXGL Background Thread 3 ] DEBUG Engine               - class com.almasb.fxgl.dev.DevService
18:52:13.727 [Thread-4                 ] DEBUG Endpoint             - TCPServer opening new connection (1) from /127.0.0.1:55956 type: class java.lang.String
18:52:13.728 [Thread-4                 ] DEBUG Endpoint             - TCPServer successfully opened connection (1)
18:52:13.729 [TCPServer_SendThread-1   ] DEBUG Writers              - Getting TCPMessageWriter for class java.lang.String
18:52:13.729 [TCPServer_SendThread-1   ] DEBUG Writers              - Constructed TCPMessageWriter for class java.lang.String: MessageWriterS
18:52:13.729 [TCPServer_RecvThread-1   ] DEBUG Readers              - Getting TCPMessageReader for class java.lang.String
18:52:13.730 [TCPServer_RecvThread-1   ] DEBUG Readers              - Constructed MessageReader for class java.lang.String: MessageReaderS
18:52:21.313 [JavaFX Application Thread] DEBUG Menu                 - fireResume()
18:52:21.313 [JavaFX Application Thread] DEBUG MainWindow           - Pop state: FXGLDefaultMenu
18:52:21.313 [JavaFX Application Thread] DEBUG Input                - Clearing active input actions
18:52:21.314 [JavaFX Application Thread] DEBUG GameApplicationServi - Removing overlay from FXGLDefaultMenu and adding to GameScene
18:52:21.314 [JavaFX Application Thread] DEBUG MainWindow           - GameScene <- FXGLDefaultMenu
18:52:28.331 [JavaFX Application Thread] DEBUG Input                - Mocking key press: W
18:52:28.496 [JavaFX Application Thread] DEBUG Input                - Mocking key release: W
18:52:30.765 [JavaFX Application Thread] DEBUG Input                - Mocking key press: S
18:52:31.041 [JavaFX Application Thread] DEBUG Input                - Mocking key release: S
18:52:31.877 [JavaFX Application Thread] DEBUG Input                - Mocking key press: S
18:52:32.162 [JavaFX Application Thread] DEBUG Input                - Mocking key release: S
18:52:32.703 [JavaFX Application Thread] DEBUG Input                - Mocking key press: W
18:52:32.930 [JavaFX Application Thread] DEBUG Input                - Mocking key release: W
18:52:34.639 [JavaFX Application Thread] DEBUG Input                - Mocking key press: W
18:52:35.312 [JavaFX Application Thread] DEBUG Input                - Mocking key release: W
18:52:36.281 [JavaFX Application Thread] DEBUG Input                - Mocking key press: S
18:52:36.496 [JavaFX Application Thread] DEBUG Input                - Mocking key release: S
18:52:37.498 [JavaFX Application Thread] DEBUG Input                - Mocking key press: S
18:52:38.175 [JavaFX Application Thread] DEBUG Input                - Mocking key press: D
18:52:38.213 [JavaFX Application Thread] DEBUG Input                - Mocking key release: S
18:52:38.562 [JavaFX Application Thread] DEBUG Input                - Mocking key release: D
18:52:39.229 [JavaFX Application Thread] DEBUG Input                - Mocking key press: W
18:52:39.481 [JavaFX Application Thread] DEBUG Input                - Mocking key release: W
18:52:40.044 [JavaFX Application Thread] DEBUG Input                - Mocking key press: S
18:52:40.314 [JavaFX Application Thread] DEBUG Input                - Mocking key press: A
18:52:40.430 [JavaFX Application Thread] DEBUG Input                - Mocking key release: S
18:52:40.730 [JavaFX Application Thread] DEBUG Input                - Mocking key release: A
18:52:42.496 [JavaFX Application Thread] DEBUG Input                - Mocking key press: D
18:52:42.688 [JavaFX Application Thread] DEBUG Input                - Mocking key release: D
18:52:49.374 [JavaFX Application Thread] DEBUG Input                - Mocking key press: W
18:52:49.664 [JavaFX Application Thread] DEBUG Input                - Mocking key release: W
18:52:56.313 [JavaFX Application Thread] DEBUG Input                - Mocking key press: S
18:52:56.585 [JavaFX Application Thread] DEBUG Input                - Mocking key release: S
18:52:57.800 [JavaFX Application Thread] DEBUG Input                - Mocking key press: D
18:52:57.966 [JavaFX Application Thread] DEBUG Input                - Mocking key release: D
18:52:58.330 [JavaFX Application Thread] DEBUG Input                - Mocking key press: W
18:52:58.496 [JavaFX Application Thread] DEBUG Input                - Mocking key release: W
18:54:16.200 [JavaFX Application Thread] DEBUG FXGLApplication      - Exiting FXGL
18:54:16.201 [JavaFX Application Thread] DEBUG LoopRunner           - Stopping loop
18:54:16.201 [JavaFX Application Thread] DEBUG SystemBundleService  - Saving FXGL system data
18:54:16.202 [JavaFX Application Thread] DEBUG FileSystemAccess     - Writing to: C:\Users\ellio\Documents\CI628\CI628-PongServer-master\system\fxgl.bundle
18:54:16.203 [JavaFX Application Thread] DEBUG Async                - Shutting down background threads
18:54:16.203 [JavaFX Application Thread] DEBUG MainWindow           - Closing main window
18:54:16.213 [JavaFX Application Thread] DEBUG Logger               - Closing Logger
