19:22:45.497 [main                     ] DEBUG Logger               - Configured Logger
19:22:45.500 [main                     ] DEBUG GameApplication      - Logging settings
Title: Pong
Version: 1.0
Width: 800
Height: 600
Fullscreen: false
Intro: false
Profiling: false
Single step:false
App Mode: DEBUG
Menu Key: ESCAPE
Stage Style: DECORATED
Scene Factory: class com.almasb.fxgl.app.scene.SceneFactory

19:22:45.769 [JavaFX Application Thread] DEBUG FXGLApplication      - Initializing FXGL
19:22:45.772 [JavaFX Application Thread] INFO  Engine               - FXGL-11.11 (08.09.2020 18.00) on WINDOWS (J:17.0.5 FX:14)
19:22:45.772 [JavaFX Application Thread] DEBUG Engine               - JRE Vendor Name: Amazon.com Inc.
19:22:45.772 [JavaFX Application Thread] DEBUG Engine               - Running on OS: Windows 11 version 10.0
19:22:45.772 [JavaFX Application Thread] DEBUG Engine               - Architecture: amd64
19:22:45.772 [JavaFX Application Thread] INFO  Engine               - Source code and latest versions at: https://github.com/AlmasB/FXGL
19:22:45.772 [JavaFX Application Thread] INFO  Engine               -              Join the FXGL chat at: https://gitter.im/AlmasB/FXGL
19:22:45.825 [JavaFX Application Thread] DEBUG MainWindow           - Creating a JavaFX scene
19:22:45.852 [JavaFX Application Thread] DEBUG MainWindow           - Target settings size: 800.0 x 600.0
19:22:45.853 [JavaFX Application Thread] DEBUG MainWindow           - Scaled scene size:    800.0 x 600.0
19:22:45.853 [JavaFX Application Thread] DEBUG MainWindow           - Scaled ratio: (1.0, 1.0)
19:22:45.853 [JavaFX Application Thread] DEBUG MainWindow           - Set initial scene to StartupScene
19:22:45.856 [JavaFX Application Thread] DEBUG MainWindow           - Opening main window
19:22:45.908 [JavaFX Application Thread] DEBUG MainWindow           - Window border size: (16.0, 39.0)
19:22:45.908 [JavaFX Application Thread] DEBUG MainWindow           - Scaled size: 800.0 x 600.0
19:22:45.909 [JavaFX Application Thread] DEBUG MainWindow           - Scaled ratio: (1.0, 1.0)
19:22:45.909 [JavaFX Application Thread] DEBUG MainWindow           - Scene size: 800.0 x 600.0
19:22:45.909 [JavaFX Application Thread] DEBUG MainWindow           - Stage size: 816.0 x 639.0
19:22:45.912 [FXGL Background Thread 1 ] DEBUG Engine               - Initializing environment variables
19:22:45.926 [FXGL Background Thread 1 ] DEBUG GameApplicationServi - Applying CSS: fxgl_dark.css
19:22:45.926 [FXGL Background Thread 1 ] DEBUG FXGLAssetLoaderServi - Loading from file system: /assets/ui/css/fxgl_dark.css
19:22:45.951 [FXGL Background Thread 1 ] DEBUG GameApplicationServi - Initializing application scenes
19:22:45.973 [FXGL Background Thread 1 ] DEBUG GameWorld            - Game world initialized
19:22:46.004 [FXGL Background Thread 1 ] DEBUG PhysicsWorld         - Physics world initialized: appHeight=600, physics.ppm=50.0
19:22:46.005 [FXGL Background Thread 1 ] DEBUG GameScene            - Game scene initialized: 800x600
19:22:46.022 [FXGL Background Thread 1 ] DEBUG FXGLAssetLoaderServi - Loading from file system: /assets/textures/particles/trace_horizontal.png
19:22:46.049 [FXGL Background Thread 1 ] DEBUG FXGL.DefaultMenu     - createMenuBodyGameMenu()
19:22:46.060 [FXGL Background Thread 1 ] DEBUG FXGL.DefaultMenu     - createOptionsMenu()
19:22:46.062 [FXGL Background Thread 1 ] DEBUG FXGLAssetLoaderServi - Loading from file system: /assets/textures/particles/smoke.png
19:22:46.090 [FXGL Background Thread 1 ] DEBUG GameApplicationServi - Application scenes initialized
19:22:46.098 [FXGL Background Thread 1 ] DEBUG SystemBundleService  - Loading FXGL system data
19:22:46.101 [FXGL Background Thread 1 ] DEBUG FileSystemAccess     - Reading from: C:\Users\ellio\Documents\CI628\CI628-PongServer-master\system\fxgl.bundle
19:22:46.105 [FXGL Background Thread 1 ] DEBUG SystemBundleService  - Bundle FXGL: {}
19:22:46.105 [FXGL Background Thread 1 ] DEBUG UpdaterService       - Checking for updates
19:22:46.107 [FXGL Background Thread 4 ] DEBUG FXGLApplication      - Loading fonts
19:22:46.107 [FXGL Background Thread 1 ] DEBUG FXGLApplication      - Loading default localization
19:22:46.107 [FXGL Background Thread 4 ] DEBUG FXGLAssetLoaderServi - Loading from file system: /assets/ui/fonts/pong.ttf
19:22:46.108 [FXGL Background Thread 1 ] DEBUG FXGLAssetLoaderServi - Loading from file system: /assets/languages/english.lang
19:22:46.119 [FXGL Background Thread 1 ] INFO  FXGLApplication      - FXGL initialization took: 0.207 sec
19:22:46.124 [JavaFX Application Thread] DEBUG Input                - Registered new binding: Up1 - W
19:22:46.125 [JavaFX Application Thread] DEBUG Input                - Registered new binding: Down1 - S
19:22:46.125 [JavaFX Application Thread] DEBUG Input                - Registered new binding: Right1 - D
19:22:46.125 [JavaFX Application Thread] DEBUG Input                - Registered new binding: Left1 - A
19:22:46.125 [JavaFX Application Thread] DEBUG Input                - Registered new binding: Up2 - I
19:22:46.125 [JavaFX Application Thread] DEBUG Input                - Registered new binding: Down2 - K
19:22:46.125 [JavaFX Application Thread] DEBUG Input                - Registered new binding: Right2 - L
19:22:46.125 [JavaFX Application Thread] DEBUG Input                - Registered new binding: Left2 - J
19:22:46.125 [JavaFX Application Thread] DEBUG FXGLAssetLoaderServi - Loading from file system: /assets/textures/fxgl_icon.png
19:22:46.138 [JavaFX Application Thread] DEBUG FXGLAssetLoaderServi - Loading from file system: /assets/ui/cursors/fxgl_default.png
19:22:46.140 [FXGL Background Thread 4 ] DEBUG FXGLAssetLoaderServi - Loading from file system: /assets/ui/fonts/Abel-Regular.ttf
19:22:46.140 [JavaFX Application Thread] DEBUG Input                - Registered new binding: Screenshot - P
19:22:46.141 [JavaFX Application Thread] DEBUG Input                - Registered new binding: System info dump - CTRL+9
19:22:46.142 [JavaFX Application Thread] DEBUG Input                - Registered new binding: Restart - CTRL+R
19:22:46.142 [FXGL Background Thread 4 ] DEBUG FXGLAssetLoaderServi - Loading from file system: /assets/ui/fonts/lucida_console.ttf
19:22:46.143 [JavaFX Application Thread] DEBUG Input                - Registered new binding: Toggle Debug Camera - CTRL+C
19:22:46.145 [JavaFX Application Thread] DEBUG LoopRunner           - Starting loop
19:22:46.145 [FXGL Background Thread 4 ] DEBUG FXGLAssetLoaderServi - Loading from file system: /assets/ui/fonts/Courier-Prime.ttf
19:22:46.145 [JavaFX Application Thread] DEBUG GameApplicationServi - Starting new game
19:22:46.146 [JavaFX Application Thread] DEBUG Input                - Clearing active input actions
19:22:46.153 [JavaFX Application Thread] DEBUG GameApplicationServi - Removing overlay from StartupScene and adding to FXGLLoadingScene
19:22:46.153 [JavaFX Application Thread] DEBUG MainWindow           - StartupScene -> FXGLLoadingScene
19:22:46.154 [JavaFX Application Thread] DEBUG GameApplicationServi - Clearing previous game
19:22:46.154 [JavaFX Application Thread] DEBUG GameScene            - Clearing game scene
19:22:46.154 [JavaFX Application Thread] DEBUG GameWorld            - Clearing game world
19:22:46.154 [JavaFX Application Thread] DEBUG PhysicsWorld         - Clearing physics world
19:22:46.156 [FXGL Background Thread 4 ] DEBUG FXGLApplication      - Initializing game
19:22:46.188 [JavaFX Application Thread] DEBUG FXGLApplication      - Registering font factories with UI factory
19:22:46.219 [FXGL Background Thread 4 ] DEBUG FXGLAssetLoaderServi - Loading from file system: /assets/ui/main.fxml
19:22:46.220 [Thread-4                 ] DEBUG TCPServer            - Starting to listen at: 55555 type: class java.lang.String
19:22:46.264 [FXGL Background Thread 4 ] INFO  FXGLApplication      - Game initialization took: 0.109 sec
19:22:46.268 [JavaFX Application Thread] DEBUG Input                - Clearing active input actions
19:22:46.274 [JavaFX Application Thread] DEBUG GameApplicationServi - Removing overlay from FXGLLoadingScene and adding to GameScene
19:22:46.274 [JavaFX Application Thread] DEBUG MainWindow           - FXGLLoadingScene -> GameScene
19:22:46.391 [FXGL Background Thread 2 ] INFO  UpdaterService       - Your current version:  11.11
19:22:46.392 [FXGL Background Thread 2 ] INFO  UpdaterService       - Latest stable version: 17+dev-SNAPSHOT
19:22:47.433 [JavaFX Application Thread] DEBUG MainWindow           - Push state: FXGLDefaultMenu
19:22:47.436 [JavaFX Application Thread] DEBUG Input                - Clearing active input actions
19:22:47.437 [JavaFX Application Thread] DEBUG GameApplicationServi - Removing overlay from GameScene and adding to FXGLDefaultMenu
19:22:47.437 [JavaFX Application Thread] DEBUG MainWindow           - GameScene -> FXGLDefaultMenu
19:22:49.108 [FXGL Background Thread 3 ] DEBUG Engine               - Logging environment variables
19:22:49.108 [FXGL Background Thread 3 ] DEBUG Engine               - achievements: []
19:22:49.108 [FXGL Background Thread 3 ] DEBUG Engine               - appIcon: fxgl_icon.png
19:22:49.108 [FXGL Background Thread 3 ] DEBUG Engine               - applicationMode: DEBUG
19:22:49.108 [FXGL Background Thread 3 ] DEBUG Engine               - cSSList: [fxgl_dark.css]
19:22:49.108 [FXGL Background Thread 3 ] DEBUG Engine               - configClass: Optional.empty
19:22:49.108 [FXGL Background Thread 3 ] DEBUG Engine               - credits: []
19:22:49.108 [FXGL Background Thread 3 ] DEBUG Engine               - devBBoxColorProperty: ObjectProperty [value: 0xff0000ff]
19:22:49.108 [FXGL Background Thread 3 ] DEBUG Engine               - devEnableDebugCameraProperty: BooleanProperty [value: false]
19:22:49.108 [FXGL Background Thread 3 ] DEBUG Engine               - devSensorColorProperty: ObjectProperty [value: 0xffff00ff]
19:22:49.108 [FXGL Background Thread 3 ] DEBUG Engine               - devShowBBoxProperty: BooleanProperty [value: false]
19:22:49.108 [FXGL Background Thread 3 ] DEBUG Engine               - devShowPositionProperty: BooleanProperty [value: false]
19:22:49.109 [FXGL Background Thread 3 ] DEBUG Engine               - enabledMenuItems: []
19:22:49.109 [FXGL Background Thread 3 ] DEBUG Engine               - engineServices: [class com.almasb.fxgl.app.FXGLApplication$GameApplicationService, class com.almasb.fxgl.app.services.FXGLDialogService, class com.almasb.fxgl.app.services.IOTaskExecutorService, class com.almasb.fxgl.event.EventBusService, class com.almasb.fxgl.io.FileSystemService, class com.almasb.fxgl.localization.LocalizationService, class com.almasb.fxgl.app.services.FXGLAssetLoaderService, class com.almasb.fxgl.app.services.SystemBundleService, class com.almasb.fxgl.profile.SaveLoadService, class com.almasb.fxgl.ui.FXGLUIFactoryServiceProvider, class com.almasb.fxgl.ui.FXGLDialogFactoryServiceProvider, class com.almasb.fxgl.audio.AudioPlayer, class com.almasb.fxgl.notification.impl.NotificationServiceProvider, class com.almasb.fxgl.achievement.AchievementService, class com.almasb.fxgl.cutscene.CutsceneService, class com.almasb.fxgl.minigames.MiniGameService, class com.almasb.fxgl.net.NetService, class com.almasb.fxgl.app.services.UpdaterService, class com.almasb.fxgl.dev.DevService]
19:22:49.109 [FXGL Background Thread 3 ] DEBUG Engine               - fontGame: Abel-Regular.ttf
19:22:49.109 [FXGL Background Thread 3 ] DEBUG Engine               - fontMono: lucida_console.ttf
19:22:49.109 [FXGL Background Thread 3 ] DEBUG Engine               - fontText: Courier-Prime.ttf
19:22:49.109 [FXGL Background Thread 3 ] DEBUG Engine               - fontUI: pong.ttf
19:22:49.109 [FXGL Background Thread 3 ] DEBUG Engine               - fullScreen: BooleanProperty [value: false]
19:22:49.109 [FXGL Background Thread 3 ] DEBUG Engine               - gameDifficulty: MEDIUM
19:22:49.109 [FXGL Background Thread 3 ] DEBUG Engine               - gameDifficultyProperty: ObjectProperty [value: MEDIUM]
19:22:49.109 [FXGL Background Thread 3 ] DEBUG Engine               - globalMusicVolume: 0.5
19:22:49.109 [FXGL Background Thread 3 ] DEBUG Engine               - globalMusicVolumeProperty: DoubleProperty [value: 0.5]
19:22:49.109 [FXGL Background Thread 3 ] DEBUG Engine               - globalSoundVolume: 0.5
19:22:49.109 [FXGL Background Thread 3 ] DEBUG Engine               - globalSoundVolumeProperty: DoubleProperty [value: 0.5]
19:22:49.109 [FXGL Background Thread 3 ] DEBUG Engine               - height: 600
19:22:49.109 [FXGL Background Thread 3 ] DEBUG Engine               - isAndroid: false
19:22:49.109 [FXGL Background Thread 3 ] DEBUG Engine               - isBrowser: false
19:22:49.110 [FXGL Background Thread 3 ] DEBUG Engine               - isClickFeedbackEnabled: false
19:22:49.110 [FXGL Background Thread 3 ] DEBUG Engine               - isCloseConfirmation: false
19:22:49.110 [FXGL Background Thread 3 ] DEBUG Engine               - isDesktop: true
19:22:49.110 [FXGL Background Thread 3 ] DEBUG Engine               - isDeveloperMenuEnabled: false
19:22:49.110 [FXGL Background Thread 3 ] DEBUG Engine               - isEntityPreloadEnabled: true
19:22:49.110 [FXGL Background Thread 3 ] DEBUG Engine               - isExperimentalNative: false
19:22:49.110 [FXGL Background Thread 3 ] DEBUG Engine               - isExperimentalTiledLargeMap: false
19:22:49.110 [FXGL Background Thread 3 ] DEBUG Engine               - isFileSystemWriteAllowed: true
19:22:49.110 [FXGL Background Thread 3 ] DEBUG Engine               - isFullScreenAllowed: false
19:22:49.110 [FXGL Background Thread 3 ] DEBUG Engine               - isFullScreenFromStart: false
19:22:49.110 [FXGL Background Thread 3 ] DEBUG Engine               - isGameMenuEnabled: true
19:22:49.110 [FXGL Background Thread 3 ] DEBUG Engine               - isIOS: false
19:22:49.110 [FXGL Background Thread 3 ] DEBUG Engine               - isIntroEnabled: false
19:22:49.110 [FXGL Background Thread 3 ] DEBUG Engine               - isLinux: false
19:22:49.110 [FXGL Background Thread 3 ] DEBUG Engine               - isMac: false
19:22:49.110 [FXGL Background Thread 3 ] DEBUG Engine               - isMainMenuEnabled: false
19:22:49.110 [FXGL Background Thread 3 ] DEBUG Engine               - isManualResizeEnabled: false
19:22:49.110 [FXGL Background Thread 3 ] DEBUG Engine               - isMobile: false
19:22:49.110 [FXGL Background Thread 3 ] DEBUG Engine               - isPreserveResizeRatio: false
19:22:49.110 [FXGL Background Thread 3 ] DEBUG Engine               - isProfilingEnabled: false
19:22:49.110 [FXGL Background Thread 3 ] DEBUG Engine               - isSingleStep: false
19:22:49.111 [FXGL Background Thread 3 ] DEBUG Engine               - isUserProfileEnabled: false
19:22:49.111 [FXGL Background Thread 3 ] DEBUG Engine               - isWindows: true
19:22:49.111 [FXGL Background Thread 3 ] DEBUG Engine               - language: ObjectProperty [value: ENGLISH]
19:22:49.111 [FXGL Background Thread 3 ] DEBUG Engine               - menuKey: ESCAPE
19:22:49.111 [FXGL Background Thread 3 ] DEBUG Engine               - notificationViewClass: class com.almasb.fxgl.notification.view.XboxNotificationView
19:22:49.111 [FXGL Background Thread 3 ] DEBUG Engine               - pixelsPerMeter: 50.0
19:22:49.111 [FXGL Background Thread 3 ] DEBUG Engine               - platform: WINDOWS
19:22:49.111 [FXGL Background Thread 3 ] DEBUG Engine               - profileDir: profiles/
19:22:49.111 [FXGL Background Thread 3 ] DEBUG Engine               - profileName: StringProperty [value: DEFAULT]
19:22:49.111 [FXGL Background Thread 3 ] DEBUG Engine               - randomSeed: -1
19:22:49.111 [FXGL Background Thread 3 ] DEBUG Engine               - runtimeInfo: RuntimeInfo(platform=WINDOWS, version=11.11, build=08.09.2020 18.00)
19:22:49.111 [FXGL Background Thread 3 ] DEBUG Engine               - saveFileExt: sav
19:22:49.111 [FXGL Background Thread 3 ] DEBUG Engine               - sceneFactory: com.almasb.fxgl.app.scene.SceneFactory@78a44bce
19:22:49.111 [FXGL Background Thread 3 ] DEBUG Engine               - secondsIn24h: 60
19:22:49.111 [FXGL Background Thread 3 ] DEBUG Engine               - soundMenuBack: menu/back.wav
19:22:49.111 [FXGL Background Thread 3 ] DEBUG Engine               - soundMenuPress: menu/press.wav
19:22:49.111 [FXGL Background Thread 3 ] DEBUG Engine               - soundMenuSelect: menu/select.wav
19:22:49.111 [FXGL Background Thread 3 ] DEBUG Engine               - soundNotification: core/notification.wav
19:22:49.111 [FXGL Background Thread 3 ] DEBUG Engine               - stageStyle: DECORATED
19:22:49.111 [FXGL Background Thread 3 ] DEBUG Engine               - supportedLanguages: [ENGLISH, FRENCH, GERMAN, HUNGARIAN, RUSSIAN]
19:22:49.111 [FXGL Background Thread 3 ] DEBUG Engine               - title: Pong
19:22:49.112 [FXGL Background Thread 3 ] DEBUG Engine               - urlGithub: https://github.com/AlmasB/FXGL
19:22:49.112 [FXGL Background Thread 3 ] DEBUG Engine               - urlLeaderboard: http://fxgl-top.herokuapp.com/
19:22:49.112 [FXGL Background Thread 3 ] DEBUG Engine               - urlPOM: https://raw.githubusercontent.com/AlmasB/FXGL/master/pom.xml
19:22:49.112 [FXGL Background Thread 3 ] DEBUG Engine               - version: 1.0
19:22:49.112 [FXGL Background Thread 3 ] DEBUG Engine               - versionCheckDays: 7
19:22:49.112 [FXGL Background Thread 3 ] DEBUG Engine               - width: 800
19:22:49.112 [FXGL Background Thread 3 ] DEBUG Engine               - Logging services
19:22:49.112 [FXGL Background Thread 3 ] DEBUG Engine               - class com.almasb.fxgl.app.FXGLApplication$GameApplicationService
19:22:49.112 [FXGL Background Thread 3 ] DEBUG Engine               - class com.almasb.fxgl.app.services.FXGLDialogService
19:22:49.112 [FXGL Background Thread 3 ] DEBUG Engine               - class com.almasb.fxgl.app.services.IOTaskExecutorService
19:22:49.112 [FXGL Background Thread 3 ] DEBUG Engine               - class com.almasb.fxgl.event.EventBusService
19:22:49.112 [FXGL Background Thread 3 ] DEBUG Engine               - class com.almasb.fxgl.io.FileSystemService
19:22:49.112 [FXGL Background Thread 3 ] DEBUG Engine               - class com.almasb.fxgl.localization.LocalizationService
19:22:49.112 [FXGL Background Thread 3 ] DEBUG Engine               - class com.almasb.fxgl.app.services.FXGLAssetLoaderService
19:22:49.112 [FXGL Background Thread 3 ] DEBUG Engine               - class com.almasb.fxgl.app.services.SystemBundleService
19:22:49.112 [FXGL Background Thread 3 ] DEBUG Engine               - class com.almasb.fxgl.profile.SaveLoadService
19:22:49.112 [FXGL Background Thread 3 ] DEBUG Engine               - class com.almasb.fxgl.ui.FXGLUIFactoryServiceProvider
19:22:49.112 [FXGL Background Thread 3 ] DEBUG Engine               - class com.almasb.fxgl.ui.FXGLDialogFactoryServiceProvider
19:22:49.112 [FXGL Background Thread 3 ] DEBUG Engine               - class com.almasb.fxgl.audio.AudioPlayer
19:22:49.112 [FXGL Background Thread 3 ] DEBUG Engine               - class com.almasb.fxgl.notification.impl.NotificationServiceProvider
19:22:49.112 [FXGL Background Thread 3 ] DEBUG Engine               - class com.almasb.fxgl.achievement.AchievementService
19:22:49.112 [FXGL Background Thread 3 ] DEBUG Engine               - class com.almasb.fxgl.cutscene.CutsceneService
19:22:49.112 [FXGL Background Thread 3 ] DEBUG Engine               - class com.almasb.fxgl.minigames.MiniGameService
19:22:49.112 [FXGL Background Thread 3 ] DEBUG Engine               - class com.almasb.fxgl.net.NetService
19:22:49.112 [FXGL Background Thread 3 ] DEBUG Engine               - class com.almasb.fxgl.app.services.UpdaterService
19:22:49.112 [FXGL Background Thread 3 ] DEBUG Engine               - class com.almasb.fxgl.dev.DevService
19:22:57.665 [Thread-4                 ] DEBUG Endpoint             - TCPServer opening new connection (1) from /127.0.0.1:56718 type: class java.lang.String
19:22:57.666 [Thread-4                 ] DEBUG Endpoint             - TCPServer successfully opened connection (1)
19:22:57.667 [TCPServer_SendThread-1   ] DEBUG Writers              - Getting TCPMessageWriter for class java.lang.String
19:22:57.668 [TCPServer_RecvThread-1   ] DEBUG Readers              - Getting TCPMessageReader for class java.lang.String
19:22:57.669 [TCPServer_RecvThread-1   ] DEBUG Readers              - Constructed MessageReader for class java.lang.String: MessageReaderS
19:23:14.466 [JavaFX Application Thread] DEBUG Menu                 - fireResume()
19:23:14.467 [JavaFX Application Thread] DEBUG MainWindow           - Pop state: FXGLDefaultMenu
19:23:14.467 [JavaFX Application Thread] DEBUG Input                - Clearing active input actions
19:23:14.468 [JavaFX Application Thread] DEBUG GameApplicationServi - Removing overlay from FXGLDefaultMenu and adding to GameScene
19:23:14.468 [JavaFX Application Thread] DEBUG MainWindow           - GameScene <- FXGLDefaultMenu
19:23:15.233 [JavaFX Application Thread] DEBUG Input                - Mocking key press: W
19:23:15.310 [JavaFX Application Thread] DEBUG Input                - Mocking key release: W
19:23:15.599 [JavaFX Application Thread] DEBUG Input                - Mocking key press: A
19:23:15.761 [JavaFX Application Thread] DEBUG Input                - Mocking key press: I
19:23:15.868 [JavaFX Application Thread] DEBUG Input                - Mocking key release: I
19:23:15.931 [JavaFX Application Thread] DEBUG Input                - Mocking key press: S
19:23:16.083 [JavaFX Application Thread] DEBUG Input                - Mocking key release: A
19:23:16.150 [JavaFX Application Thread] DEBUG Input                - Mocking key press: K
19:23:16.449 [JavaFX Application Thread] DEBUG Input                - Mocking key release: K
19:23:16.483 [JavaFX Application Thread] DEBUG Input                - Mocking key release: S
19:23:16.698 [JavaFX Application Thread] DEBUG Input                - Mocking key press: W
19:23:16.783 [JavaFX Application Thread] DEBUG Input                - Mocking key release: W
19:23:17.099 [JavaFX Application Thread] DEBUG Input                - Mocking key press: W
19:23:17.197 [JavaFX Application Thread] DEBUG Input                - Mocking key press: I
19:23:17.284 [JavaFX Application Thread] DEBUG Input                - Mocking key release: W
19:23:17.464 [JavaFX Application Thread] DEBUG Input                - Mocking key press: W
19:23:17.897 [JavaFX Application Thread] DEBUG Input                - Mocking key release: I
19:23:17.897 [JavaFX Application Thread] DEBUG Input                - Mocking key release: W
19:23:18.430 [JavaFX Application Thread] DEBUG Input                - Mocking key press: K
19:23:18.529 [JavaFX Application Thread] DEBUG Input                - Mocking key press: S
19:23:18.931 [JavaFX Application Thread] DEBUG Input                - Mocking key release: S
19:23:18.993 [JavaFX Application Thread] DEBUG Input                - Mocking key release: K
19:23:19.100 [JavaFX Application Thread] DEBUG Input                - Mocking key press: L
19:23:19.164 [JavaFX Application Thread] DEBUG Input                - Mocking key press: W
19:23:19.231 [JavaFX Application Thread] DEBUG Input                - Mocking key release: L
19:23:19.392 [JavaFX Application Thread] DEBUG Input                - Mocking key release: W
19:23:19.630 [JavaFX Application Thread] DEBUG Input                - Mocking key press: K
19:23:19.791 [JavaFX Application Thread] DEBUG Input                - Mocking key press: J
19:23:19.816 [JavaFX Application Thread] DEBUG Input                - Mocking key press: S
19:23:19.864 [JavaFX Application Thread] DEBUG Input                - Mocking key release: K
19:23:19.899 [JavaFX Application Thread] DEBUG Input                - Mocking key release: S
19:23:19.997 [JavaFX Application Thread] DEBUG Input                - Mocking key press: S
19:23:19.997 [JavaFX Application Thread] DEBUG Input                - Mocking key release: J
19:23:20.170 [JavaFX Application Thread] DEBUG Input                - Mocking key release: S
19:23:20.398 [JavaFX Application Thread] DEBUG Input                - Mocking key press: W
19:23:20.532 [JavaFX Application Thread] DEBUG Input                - Mocking key release: W
19:23:20.639 [JavaFX Application Thread] DEBUG Input                - Mocking key press: I
19:23:20.715 [JavaFX Application Thread] DEBUG Input                - Mocking key press: W
19:23:20.850 [JavaFX Application Thread] DEBUG Input                - Mocking key release: I
19:23:20.865 [JavaFX Application Thread] DEBUG Input                - Mocking key release: W
19:23:20.966 [JavaFX Application Thread] DEBUG Input                - Mocking key press: W
19:23:21.150 [JavaFX Application Thread] DEBUG Input                - Mocking key release: W
19:23:21.329 [JavaFX Application Thread] DEBUG Input                - Mocking key press: I
19:23:21.422 [JavaFX Application Thread] DEBUG Input                - Mocking key press: S
19:23:21.617 [JavaFX Application Thread] DEBUG Input                - Mocking key release: S
19:23:22.030 [JavaFX Application Thread] DEBUG Input                - Mocking key press: L
19:23:22.099 [JavaFX Application Thread] DEBUG Input                - Mocking key release: I
19:23:22.154 [JavaFX Application Thread] DEBUG Input                - Mocking key press: K
19:23:22.207 [JavaFX Application Thread] DEBUG Input                - Mocking key release: L
19:23:22.431 [JavaFX Application Thread] DEBUG Input                - Mocking key press: L
19:23:22.850 [JavaFX Application Thread] DEBUG Input                - Mocking key release: K
19:23:22.897 [JavaFX Application Thread] DEBUG Input                - Mocking key release: L
19:23:23.198 [JavaFX Application Thread] DEBUG Input                - Mocking key press: K
19:23:23.351 [JavaFX Application Thread] DEBUG Input                - Mocking key press: J
19:23:23.424 [JavaFX Application Thread] DEBUG Input                - Mocking key release: K
19:23:23.467 [JavaFX Application Thread] DEBUG Input                - Mocking key press: W
19:23:23.617 [JavaFX Application Thread] DEBUG Input                - Mocking key release: J
19:23:23.617 [JavaFX Application Thread] DEBUG Input                - Mocking key release: W
19:23:24.183 [JavaFX Application Thread] DEBUG Input                - Mocking key press: S
19:23:24.685 [JavaFX Application Thread] DEBUG Input                - Mocking key release: S
19:23:25.131 [JavaFX Application Thread] DEBUG Input                - Mocking key press: W
19:23:25.249 [JavaFX Application Thread] DEBUG Input                - Mocking key press: I
19:23:25.283 [JavaFX Application Thread] DEBUG Input                - Mocking key release: W
19:23:25.385 [JavaFX Application Thread] DEBUG Input                - Mocking key press: W
19:23:25.566 [JavaFX Application Thread] DEBUG Input                - Mocking key press: L
19:23:25.631 [JavaFX Application Thread] DEBUG Input                - Mocking key release: W
19:23:25.950 [JavaFX Application Thread] DEBUG Input                - Mocking key release: I
19:23:25.983 [JavaFX Application Thread] DEBUG Input                - Mocking key release: L
19:23:26.093 [JavaFX Application Thread] DEBUG Input                - Mocking key press: K
19:23:26.316 [JavaFX Application Thread] DEBUG Input                - Mocking key press: S
19:23:26.331 [JavaFX Application Thread] DEBUG Input                - Mocking key press: L
19:23:26.670 [JavaFX Application Thread] DEBUG Input                - Mocking key release: L
19:23:26.670 [JavaFX Application Thread] DEBUG Input                - Mocking key release: K
19:23:26.764 [JavaFX Application Thread] DEBUG Input                - Mocking key release: S
19:23:26.853 [JavaFX Application Thread] DEBUG Input                - Mocking key press: J
19:23:27.017 [JavaFX Application Thread] DEBUG Input                - Mocking key press: W
19:23:27.071 [JavaFX Application Thread] DEBUG Input                - Mocking key press: K
19:23:27.218 [JavaFX Application Thread] DEBUG Input                - Mocking key release: J
19:23:27.382 [JavaFX Application Thread] DEBUG Input                - Mocking key release: W
19:23:27.469 [JavaFX Application Thread] DEBUG Input                - Mocking key release: K
19:23:27.724 [JavaFX Application Thread] DEBUG Input                - Mocking key press: L
19:23:27.851 [JavaFX Application Thread] DEBUG Input                - Mocking key release: L
19:23:27.931 [JavaFX Application Thread] DEBUG Input                - Mocking key press: I
19:23:28.239 [JavaFX Application Thread] DEBUG Input                - Mocking key release: I
19:23:28.550 [JavaFX Application Thread] DEBUG Input                - Mocking key press: K
19:23:28.603 [JavaFX Application Thread] DEBUG Input                - Mocking key release: K
19:23:29.001 [JavaFX Application Thread] DEBUG Input                - Mocking key press: K
19:23:29.249 [JavaFX Application Thread] DEBUG Input                - Mocking key release: K
19:23:29.249 [JavaFX Application Thread] DEBUG Input                - Mocking key press: L
19:23:29.417 [JavaFX Application Thread] DEBUG Input                - Mocking key release: L
19:23:29.582 [JavaFX Application Thread] DEBUG Input                - Mocking key press: I
19:23:29.745 [JavaFX Application Thread] DEBUG Input                - Mocking key press: W
19:23:29.898 [JavaFX Application Thread] DEBUG Input                - Mocking key press: J
19:23:29.931 [JavaFX Application Thread] DEBUG Input                - Mocking key release: W
19:23:30.083 [JavaFX Application Thread] DEBUG Input                - Mocking key press: W
19:23:30.252 [JavaFX Application Thread] DEBUG Input                - Mocking key release: W
19:23:30.269 [JavaFX Application Thread] DEBUG Input                - Mocking key release: I
19:23:30.382 [JavaFX Application Thread] DEBUG Input                - Mocking key press: K
19:23:30.486 [JavaFX Application Thread] DEBUG Input                - Mocking key release: J
19:23:30.522 [JavaFX Application Thread] DEBUG Input                - Mocking key press: L
19:23:30.720 [JavaFX Application Thread] DEBUG Input                - Mocking key press: S
19:23:30.783 [JavaFX Application Thread] DEBUG Input                - Mocking key release: K
19:23:30.799 [JavaFX Application Thread] DEBUG Input                - Mocking key release: L
19:23:31.083 [JavaFX Application Thread] DEBUG Input                - Mocking key release: S
19:23:31.383 [JavaFX Application Thread] DEBUG Input                - Mocking key press: W
19:23:31.531 [JavaFX Application Thread] DEBUG Input                - Mocking key release: W
19:23:31.582 [JavaFX Application Thread] DEBUG Input                - Mocking key press: J
19:23:31.728 [JavaFX Application Thread] DEBUG Input                - Mocking key press: I
19:23:31.764 [JavaFX Application Thread] DEBUG Input                - Mocking key release: J
19:23:31.799 [JavaFX Application Thread] DEBUG Input                - Mocking key press: L
19:23:31.931 [JavaFX Application Thread] DEBUG Input                - Mocking key release: L
19:23:32.031 [JavaFX Application Thread] DEBUG Input                - Mocking key release: I
19:23:32.128 [JavaFX Application Thread] DEBUG Input                - Mocking key press: I
19:23:32.284 [JavaFX Application Thread] DEBUG Input                - Mocking key release: I
19:23:32.965 [JavaFX Application Thread] DEBUG Input                - Mocking key press: K
19:23:33.287 [JavaFX Application Thread] DEBUG Input                - Mocking key press: S
19:23:33.359 [JavaFX Application Thread] DEBUG Input                - Mocking key release: S
19:23:33.377 [JavaFX Application Thread] DEBUG Input                - Mocking key press: W
19:23:33.398 [JavaFX Application Thread] DEBUG Input                - Mocking key release: K
19:23:33.724 [JavaFX Application Thread] DEBUG Input                - Mocking key release: W
19:23:33.887 [JavaFX Application Thread] DEBUG Input                - Mocking key press: S
19:23:34.241 [JavaFX Application Thread] DEBUG Input                - Mocking key release: S
19:23:34.984 [JavaFX Application Thread] DEBUG Input                - Mocking key press: S
19:23:35.037 [JavaFX Application Thread] DEBUG Input                - Mocking key press: W
19:23:35.084 [JavaFX Application Thread] DEBUG Input                - Mocking key release: S
19:23:35.344 [JavaFX Application Thread] DEBUG Input                - Mocking key release: W
19:23:35.649 [JavaFX Application Thread] DEBUG Input                - Mocking key press: S
19:23:35.832 [JavaFX Application Thread] DEBUG Input                - Mocking key press: K
19:23:35.966 [JavaFX Application Thread] DEBUG Input                - Mocking key release: S
19:23:36.031 [JavaFX Application Thread] DEBUG Input                - Mocking key release: K
19:23:36.335 [JavaFX Application Thread] DEBUG Input                - Mocking key press: S
19:23:36.398 [JavaFX Application Thread] DEBUG Input                - Mocking key release: S
19:23:36.464 [JavaFX Application Thread] DEBUG Input                - Mocking key press: W
19:23:36.464 [JavaFX Application Thread] DEBUG Input                - Mocking key press: I
19:23:36.605 [JavaFX Application Thread] DEBUG Input                - Mocking key release: W
19:23:36.817 [JavaFX Application Thread] DEBUG Input                - Mocking key release: I
19:23:37.197 [JavaFX Application Thread] DEBUG Input                - Mocking key press: W
19:23:37.550 [JavaFX Application Thread] DEBUG Input                - Mocking key release: W
19:23:38.554 [JavaFX Application Thread] DEBUG Input                - Mocking key press: S
19:23:38.683 [JavaFX Application Thread] DEBUG Input                - Mocking key press: I
19:23:38.750 [JavaFX Application Thread] DEBUG Input                - Mocking key release: S
19:23:38.831 [JavaFX Application Thread] DEBUG Input                - Mocking key release: I
19:23:39.097 [JavaFX Application Thread] DEBUG Input                - Mocking key press: K
19:23:39.753 [JavaFX Application Thread] DEBUG Input                - Mocking key release: K
19:23:39.899 [JavaFX Application Thread] DEBUG Input                - Mocking key press: S
19:23:40.617 [JavaFX Application Thread] DEBUG Input                - Mocking key press: W
19:23:40.704 [JavaFX Application Thread] DEBUG Input                - Mocking key release: W
19:23:40.731 [JavaFX Application Thread] DEBUG Input                - Mocking key release: S
19:23:41.598 [JavaFX Application Thread] DEBUG Input                - Mocking key press: K
19:23:41.756 [JavaFX Application Thread] DEBUG Input                - Mocking key release: K
19:23:41.937 [JavaFX Application Thread] DEBUG Input                - Mocking key press: I
19:23:42.083 [JavaFX Application Thread] DEBUG Input                - Mocking key release: I
19:23:42.170 [JavaFX Application Thread] DEBUG Input                - Mocking key press: K
19:23:42.684 [JavaFX Application Thread] DEBUG Input                - Mocking key release: K
19:23:43.341 [JavaFX Application Thread] DEBUG Input                - Mocking key press: S
19:23:43.416 [JavaFX Application Thread] DEBUG Input                - Mocking key press: I
19:23:43.551 [JavaFX Application Thread] DEBUG Input                - Mocking key release: S
19:23:43.617 [JavaFX Application Thread] DEBUG Input                - Mocking key release: I
19:23:44.365 [JavaFX Application Thread] DEBUG Input                - Mocking key press: D
19:23:44.520 [JavaFX Application Thread] DEBUG Input                - Mocking key release: D
19:23:44.849 [JavaFX Application Thread] DEBUG Input                - Mocking key press: K
19:23:45.483 [JavaFX Application Thread] DEBUG Input                - Mocking key release: K
19:23:45.950 [JavaFX Application Thread] DEBUG Input                - Mocking key press: D
19:23:46.140 [JavaFX Application Thread] DEBUG Input                - Mocking key press: I
19:23:46.198 [JavaFX Application Thread] DEBUG Input                - Mocking key release: D
19:23:46.285 [JavaFX Application Thread] DEBUG Input                - Mocking key release: I
19:23:46.433 [JavaFX Application Thread] DEBUG Input                - Mocking key press: K
19:23:46.943 [JavaFX Application Thread] DEBUG Input                - Mocking key release: K
19:23:47.271 [JavaFX Application Thread] DEBUG Input                - Mocking key press: J
19:23:47.916 [JavaFX Application Thread] DEBUG Input                - Mocking key release: J
19:23:48.110 [JavaFX Application Thread] DEBUG Input                - Mocking key press: L
19:23:48.453 [JavaFX Application Thread] DEBUG Input                - Mocking key release: L
19:23:48.565 [JavaFX Application Thread] DEBUG Input                - Mocking key press: J
19:23:48.655 [JavaFX Application Thread] DEBUG Input                - Mocking key press: I
19:23:48.765 [JavaFX Application Thread] DEBUG Input                - Mocking key release: J
19:23:48.873 [JavaFX Application Thread] DEBUG Input                - Mocking key press: L
19:23:49.083 [JavaFX Application Thread] DEBUG Input                - Mocking key release: I
19:23:49.118 [JavaFX Application Thread] DEBUG Input                - Mocking key release: L
19:23:49.217 [JavaFX Application Thread] DEBUG Input                - Mocking key press: W
19:23:49.265 [JavaFX Application Thread] DEBUG Input                - Mocking key press: K
19:23:49.406 [JavaFX Application Thread] DEBUG Input                - Mocking key release: W
19:23:49.700 [JavaFX Application Thread] DEBUG Input                - Mocking key press: J
19:23:49.754 [JavaFX Application Thread] DEBUG Input                - Mocking key release: K
19:23:49.772 [JavaFX Application Thread] DEBUG Input                - Mocking key press: S
19:23:49.951 [JavaFX Application Thread] DEBUG Input                - Mocking key release: J
19:23:50.168 [JavaFX Application Thread] DEBUG Input                - Mocking key release: S
19:23:50.351 [JavaFX Application Thread] DEBUG Input                - Mocking key press: L
19:23:50.351 [JavaFX Application Thread] DEBUG Input                - Mocking key press: W
19:23:50.449 [JavaFX Application Thread] DEBUG Input                - Mocking key press: I
19:23:50.605 [JavaFX Application Thread] DEBUG Input                - Mocking key release: L
19:23:50.864 [JavaFX Application Thread] DEBUG Input                - Mocking key press: J
19:23:50.965 [JavaFX Application Thread] DEBUG Input                - Mocking key press: A
19:23:51.057 [JavaFX Application Thread] DEBUG Input                - Mocking key release: I
19:23:51.084 [JavaFX Application Thread] DEBUG Input                - Mocking key release: J
19:23:51.130 [JavaFX Application Thread] DEBUG Input                - Mocking key release: W
19:23:51.402 [JavaFX Application Thread] DEBUG Input                - Mocking key release: A
19:23:51.818 [JavaFX Application Thread] DEBUG Input                - Mocking key press: K
19:23:51.950 [JavaFX Application Thread] DEBUG Input                - Mocking key press: S
19:23:52.017 [JavaFX Application Thread] DEBUG Input                - Mocking key release: K
19:23:52.133 [JavaFX Application Thread] DEBUG Input                - Mocking key press: I
19:23:52.298 [JavaFX Application Thread] DEBUG Input                - Mocking key release: I
19:23:52.316 [JavaFX Application Thread] DEBUG Input                - Mocking key release: S
19:23:52.606 [JavaFX Application Thread] DEBUG Input                - Mocking key press: W
19:23:52.768 [JavaFX Application Thread] DEBUG Input                - Mocking key release: W
19:23:52.933 [JavaFX Application Thread] DEBUG Input                - Mocking key press: L
19:23:53.083 [JavaFX Application Thread] DEBUG Input                - Mocking key release: L
19:23:53.531 [JavaFX Application Thread] DEBUG Input                - Mocking key press: J
19:23:53.728 [JavaFX Application Thread] DEBUG Input                - Mocking key press: K
19:23:54.082 [JavaFX Application Thread] DEBUG Input                - Mocking key press: S
19:23:54.286 [JavaFX Application Thread] DEBUG Input                - Mocking key release: K
19:23:54.303 [JavaFX Application Thread] DEBUG Input                - Mocking key release: J
19:23:54.449 [JavaFX Application Thread] DEBUG Input                - Mocking key press: L
19:23:54.591 [JavaFX Application Thread] DEBUG Input                - Mocking key release: L
19:23:54.736 [JavaFX Application Thread] DEBUG Input                - Mocking key release: S
19:23:54.850 [JavaFX Application Thread] DEBUG Input                - Mocking key press: S
19:23:54.935 [JavaFX Application Thread] DEBUG Input                - Mocking key press: I
19:23:54.971 [JavaFX Application Thread] DEBUG Input                - Mocking key press: W
19:23:55.032 [JavaFX Application Thread] DEBUG Input                - Mocking key release: S
19:23:55.360 [JavaFX Application Thread] DEBUG Input                - Mocking key release: W
19:23:55.531 [JavaFX Application Thread] DEBUG Input                - Mocking key release: I
19:23:55.687 [JavaFX Application Thread] DEBUG Input                - Mocking key press: W
19:23:55.785 [JavaFX Application Thread] DEBUG Input                - Mocking key press: I
19:23:55.850 [JavaFX Application Thread] DEBUG Input                - Mocking key release: W
19:23:55.965 [JavaFX Application Thread] DEBUG Input                - Mocking key press: W
19:23:56.105 [JavaFX Application Thread] DEBUG Input                - Mocking key release: W
19:23:56.177 [JavaFX Application Thread] DEBUG Input                - Mocking key release: I
19:23:56.431 [JavaFX Application Thread] DEBUG Input                - Mocking key press: K
19:23:56.538 [JavaFX Application Thread] DEBUG Input                - Mocking key press: S
19:23:56.591 [JavaFX Application Thread] DEBUG Input                - Mocking key press: L
19:23:56.831 [JavaFX Application Thread] DEBUG Input                - Mocking key release: S
19:23:57.116 [JavaFX Application Thread] DEBUG Input                - Mocking key release: L
19:23:57.169 [JavaFX Application Thread] DEBUG Input                - Mocking key release: K
19:23:57.265 [JavaFX Application Thread] DEBUG Input                - Mocking key press: L
19:23:57.265 [JavaFX Application Thread] DEBUG Input                - Mocking key press: K
19:23:57.440 [JavaFX Application Thread] DEBUG Input                - Mocking key release: L
19:23:57.569 [JavaFX Application Thread] DEBUG Input                - Mocking key release: K
19:23:57.965 [JavaFX Application Thread] DEBUG Input                - Mocking key press: J
19:23:57.965 [JavaFX Application Thread] DEBUG Input                - Mocking key press: S
19:23:58.156 [JavaFX Application Thread] DEBUG Input                - Mocking key release: J
19:23:58.156 [JavaFX Application Thread] DEBUG Input                - Mocking key release: S
19:23:58.264 [JavaFX Application Thread] DEBUG Input                - Mocking key press: W
19:23:58.383 [JavaFX Application Thread] DEBUG Input                - Mocking key press: I
19:23:58.570 [JavaFX Application Thread] DEBUG Input                - Mocking key press: J
19:23:58.751 [JavaFX Application Thread] DEBUG Input                - Mocking key release: I
19:23:58.798 [JavaFX Application Thread] DEBUG Input                - Mocking key release: J
19:23:58.817 [JavaFX Application Thread] DEBUG Input                - Mocking key release: W
19:23:58.898 [JavaFX Application Thread] DEBUG Input                - Mocking key press: W
19:23:59.198 [JavaFX Application Thread] DEBUG Input                - Mocking key release: W
19:23:59.784 [JavaFX Application Thread] DEBUG Input                - Mocking key press: K
19:23:59.802 [JavaFX Application Thread] DEBUG Input                - Mocking key press: L
19:23:59.838 [JavaFX Application Thread] DEBUG Input                - Mocking key press: S
19:23:59.931 [JavaFX Application Thread] DEBUG Input                - Mocking key release: L
19:23:59.931 [JavaFX Application Thread] DEBUG Input                - Mocking key release: K
19:24:00.152 [JavaFX Application Thread] DEBUG Input                - Mocking key press: K
19:24:00.284 [JavaFX Application Thread] DEBUG Input                - Mocking key release: S
19:24:00.298 [JavaFX Application Thread] DEBUG Input                - Mocking key release: K
19:24:00.687 [JavaFX Application Thread] DEBUG Input                - Mocking key press: L
19:24:00.705 [JavaFX Application Thread] DEBUG Input                - Mocking key press: K
19:24:00.883 [JavaFX Application Thread] DEBUG Input                - Mocking key release: L
19:24:00.887 [JavaFX Application Thread] DEBUG Input                - Mocking key release: K
19:24:01.783 [JavaFX Application Thread] DEBUG Input                - Mocking key press: J
19:24:01.857 [JavaFX Application Thread] DEBUG Input                - Mocking key press: S
19:24:01.931 [JavaFX Application Thread] DEBUG Input                - Mocking key press: I
19:24:02.084 [JavaFX Application Thread] DEBUG Input                - Mocking key release: J
19:24:02.084 [JavaFX Application Thread] DEBUG Input                - Mocking key release: S
19:24:02.150 [JavaFX Application Thread] DEBUG Input                - Mocking key release: I
19:24:02.317 [JavaFX Application Thread] DEBUG Input                - Mocking key press: S
19:24:02.509 [JavaFX Application Thread] DEBUG Input                - Mocking key release: S
19:24:03.684 [JavaFX Application Thread] DEBUG Input                - Mocking key press: W
19:24:03.740 [JavaFX Application Thread] DEBUG Input                - Mocking key press: I
19:24:03.740 [JavaFX Application Thread] DEBUG Input                - Mocking key press: L
19:24:03.865 [JavaFX Application Thread] DEBUG Input                - Mocking key release: W
19:24:03.921 [JavaFX Application Thread] DEBUG Input                - Mocking key release: L
19:24:03.921 [JavaFX Application Thread] DEBUG Input                - Mocking key release: I
19:24:04.101 [JavaFX Application Thread] DEBUG Input                - Mocking key press: K
19:24:04.165 [JavaFX Application Thread] DEBUG Input                - Mocking key press: L
19:24:04.383 [JavaFX Application Thread] DEBUG Input                - Mocking key release: K
19:24:04.431 [JavaFX Application Thread] DEBUG Input                - Mocking key release: L
19:24:05.199 [JavaFX Application Thread] DEBUG Input                - Mocking key press: J
19:24:05.283 [JavaFX Application Thread] DEBUG Input                - Mocking key press: W
19:24:05.309 [JavaFX Application Thread] DEBUG Input                - Mocking key press: I
19:24:05.582 [JavaFX Application Thread] DEBUG Input                - Mocking key release: J
19:24:05.617 [JavaFX Application Thread] DEBUG Input                - Mocking key release: W
19:24:05.760 [JavaFX Application Thread] DEBUG Input                - Mocking key press: W
19:24:05.798 [JavaFX Application Thread] DEBUG Input                - Mocking key release: I
19:24:05.950 [JavaFX Application Thread] DEBUG Input                - Mocking key release: W
19:24:06.087 [JavaFX Application Thread] DEBUG Input                - Mocking key press: K
19:24:06.123 [JavaFX Application Thread] DEBUG Input                - Mocking key press: S
19:24:06.159 [JavaFX Application Thread] DEBUG Input                - Mocking key press: L
19:24:06.366 [JavaFX Application Thread] DEBUG Input                - Mocking key release: K
19:24:06.398 [JavaFX Application Thread] DEBUG Input                - Mocking key release: L
19:24:07.306 [JavaFX Application Thread] DEBUG Input                - Mocking key release: S
19:24:07.449 [JavaFX Application Thread] DEBUG Input                - Mocking key press: W
19:24:07.598 [JavaFX Application Thread] DEBUG Input                - Mocking key press: J
19:24:07.755 [JavaFX Application Thread] DEBUG Input                - Mocking key release: J
19:24:07.774 [JavaFX Application Thread] DEBUG Input                - Mocking key press: L
19:24:07.817 [JavaFX Application Thread] DEBUG Input                - Mocking key press: I
19:24:07.964 [JavaFX Application Thread] DEBUG Input                - Mocking key release: L
19:24:07.964 [JavaFX Application Thread] DEBUG Input                - Mocking key release: I
19:24:07.964 [JavaFX Application Thread] DEBUG Input                - Mocking key release: W
19:24:08.050 [JavaFX Application Thread] DEBUG Input                - Mocking key press: I
19:24:08.264 [JavaFX Application Thread] DEBUG Input                - Mocking key press: W
19:24:08.398 [JavaFX Application Thread] DEBUG Input                - Mocking key release: I
19:24:08.465 [JavaFX Application Thread] DEBUG Input                - Mocking key release: W
19:24:08.568 [JavaFX Application Thread] DEBUG Input                - Mocking key press: W
19:24:08.716 [JavaFX Application Thread] DEBUG Input                - Mocking key release: W
19:24:08.985 [JavaFX Application Thread] DEBUG Input                - Mocking key press: K
19:24:09.083 [JavaFX Application Thread] DEBUG Input                - Mocking key press: L
19:24:09.083 [JavaFX Application Thread] DEBUG Input                - Mocking key press: W
19:24:09.217 [JavaFX Application Thread] DEBUG Input                - Mocking key press: S
19:24:09.249 [JavaFX Application Thread] DEBUG Input                - Mocking key release: W
19:24:09.385 [JavaFX Application Thread] DEBUG Input                - Mocking key release: L
19:24:09.421 [JavaFX Application Thread] DEBUG Input                - Mocking key press: J
19:24:09.531 [JavaFX Application Thread] DEBUG Input                - Mocking key release: K
19:24:09.631 [JavaFX Application Thread] DEBUG Input                - Mocking key release: J
19:24:10.509 [JavaFX Application Thread] DEBUG Input                - Mocking key release: S
19:24:10.619 [JavaFX Application Thread] DEBUG Input                - Mocking key press: W
19:24:11.105 [JavaFX Application Thread] DEBUG Input                - Mocking key release: W
19:24:11.150 [JavaFX Application Thread] DEBUG Input                - Mocking key press: I
19:24:11.183 [JavaFX Application Thread] DEBUG Input                - Mocking key press: L
19:24:11.377 [JavaFX Application Thread] DEBUG Input                - Mocking key release: L
19:24:11.417 [JavaFX Application Thread] DEBUG Input                - Mocking key press: J
19:24:11.432 [JavaFX Application Thread] DEBUG Input                - Mocking key release: I
19:24:11.551 [JavaFX Application Thread] DEBUG Input                - Mocking key press: I
19:24:11.551 [JavaFX Application Thread] DEBUG Input                - Mocking key press: K
19:24:11.739 [JavaFX Application Thread] DEBUG Input                - Mocking key release: K
19:24:11.739 [JavaFX Application Thread] DEBUG Input                - Mocking key release: I
19:24:11.775 [JavaFX Application Thread] DEBUG Input                - Mocking key release: J
19:24:11.983 [JavaFX Application Thread] DEBUG Input                - Mocking key press: W
19:24:12.153 [JavaFX Application Thread] DEBUG Input                - Mocking key release: W
19:24:12.225 [JavaFX Application Thread] DEBUG Input                - Mocking key press: S
19:24:12.450 [JavaFX Application Thread] DEBUG Input                - Mocking key release: S
19:24:12.551 [JavaFX Application Thread] DEBUG Input                - Mocking key press: W
19:24:12.859 [JavaFX Application Thread] DEBUG Input                - Mocking key release: W
19:24:13.133 [JavaFX Application Thread] DEBUG Input                - Mocking key press: K
19:24:13.217 [JavaFX Application Thread] DEBUG Input                - Mocking key press: S
19:24:13.322 [JavaFX Application Thread] DEBUG Input                - Mocking key press: L
19:24:13.773 [JavaFX Application Thread] DEBUG Input                - Mocking key release: S
19:24:13.831 [JavaFX Application Thread] DEBUG Input                - Mocking key release: L
19:24:13.832 [JavaFX Application Thread] DEBUG Input                - Mocking key release: K
19:24:13.950 [JavaFX Application Thread] DEBUG Input                - Mocking key press: I
19:24:14.084 [JavaFX Application Thread] DEBUG Input                - Mocking key press: W
19:24:14.099 [JavaFX Application Thread] DEBUG Input                - Mocking key press: L
19:24:14.333 [JavaFX Application Thread] DEBUG Input                - Mocking key release: W
19:24:14.484 [JavaFX Application Thread] DEBUG Input                - Mocking key release: L
19:24:14.495 [JavaFX Application Thread] DEBUG Input                - Mocking key press: W
19:24:14.586 [JavaFX Application Thread] DEBUG Input                - Mocking key release: I
19:24:14.684 [JavaFX Application Thread] DEBUG Input                - Mocking key press: J
19:24:14.684 [JavaFX Application Thread] DEBUG Input                - Mocking key release: W
19:24:14.860 [JavaFX Application Thread] DEBUG Input                - Mocking key press: I
19:24:14.878 [JavaFX Application Thread] DEBUG Input                - Mocking key press: W
19:24:14.932 [JavaFX Application Thread] DEBUG Input                - Mocking key press: L
19:24:14.970 [JavaFX Application Thread] DEBUG Input                - Mocking key release: J
19:24:15.067 [JavaFX Application Thread] DEBUG Input                - Mocking key release: W
19:24:15.231 [JavaFX Application Thread] DEBUG Input                - Mocking key release: L
19:24:15.313 [JavaFX Application Thread] DEBUG Input                - Mocking key release: I
19:24:15.498 [JavaFX Application Thread] DEBUG Input                - Mocking key press: J
19:24:15.674 [JavaFX Application Thread] DEBUG Input                - Mocking key press: S
19:24:15.818 [JavaFX Application Thread] DEBUG Input                - Mocking key press: K
19:24:15.872 [JavaFX Application Thread] DEBUG Input                - Mocking key release: J
19:24:16.070 [JavaFX Application Thread] DEBUG Input                - Mocking key release: K
19:24:16.124 [JavaFX Application Thread] DEBUG Input                - Mocking key release: S
19:24:16.586 [JavaFX Application Thread] DEBUG Input                - Mocking key press: L
19:24:16.817 [JavaFX Application Thread] DEBUG Input                - Mocking key press: K
19:24:17.065 [JavaFX Application Thread] DEBUG Input                - Mocking key release: L
19:24:17.150 [JavaFX Application Thread] DEBUG Input                - Mocking key release: K
19:24:17.232 [JavaFX Application Thread] DEBUG Input                - Mocking key press: I
19:24:17.725 [JavaFX Application Thread] DEBUG Input                - Mocking key press: S
19:24:17.870 [JavaFX Application Thread] DEBUG Input                - Mocking key release: I
19:24:18.125 [JavaFX Application Thread] DEBUG Input                - Mocking key release: S
19:24:18.315 [JavaFX Application Thread] DEBUG Input                - Mocking key press: W
19:24:18.489 [JavaFX Application Thread] DEBUG Input                - Mocking key release: W
19:24:18.716 [JavaFX Application Thread] DEBUG Input                - Mocking key press: W
19:24:19.631 [JavaFX Application Thread] DEBUG Input                - Mocking key release: W
19:24:19.791 [JavaFX Application Thread] DEBUG Input                - Mocking key press: S
19:24:19.850 [JavaFX Application Thread] DEBUG Input                - Mocking key press: K
19:24:20.225 [JavaFX Application Thread] DEBUG Input                - Mocking key release: K
19:24:20.335 [JavaFX Application Thread] DEBUG Input                - Mocking key release: S
19:24:20.335 [JavaFX Application Thread] DEBUG Input                - Mocking key press: I
19:24:20.606 [JavaFX Application Thread] DEBUG Input                - Mocking key release: I
19:24:20.857 [JavaFX Application Thread] DEBUG Input                - Mocking key press: K
19:24:21.743 [JavaFX Application Thread] DEBUG Input                - Mocking key release: K
19:24:21.965 [JavaFX Application Thread] DEBUG Input                - Mocking key press: W
19:24:22.158 [JavaFX Application Thread] DEBUG Input                - Mocking key release: W
19:24:22.717 [JavaFX Application Thread] DEBUG Input                - Mocking key press: S
19:24:23.485 [JavaFX Application Thread] DEBUG Input                - Mocking key release: S
19:24:23.550 [JavaFX Application Thread] DEBUG Input                - Mocking key press: W
19:24:23.566 [JavaFX Application Thread] DEBUG Input                - Mocking key press: I
19:24:23.984 [JavaFX Application Thread] DEBUG Input                - Mocking key release: W
19:24:24.267 [JavaFX Application Thread] DEBUG Input                - Mocking key release: I
19:24:24.502 [JavaFX Application Thread] DEBUG Input                - Mocking key press: K
19:24:24.817 [JavaFX Application Thread] DEBUG Input                - Mocking key press: S
19:24:24.972 [JavaFX Application Thread] DEBUG Input                - Mocking key release: S
19:24:25.503 [JavaFX Application Thread] DEBUG Input                - Mocking key release: K
19:24:26.099 [JavaFX Application Thread] DEBUG Input                - Mocking key press: J
19:24:26.190 [JavaFX Application Thread] DEBUG Input                - Mocking key press: I
19:24:26.284 [JavaFX Application Thread] DEBUG Input                - Mocking key release: J
19:24:26.418 [JavaFX Application Thread] DEBUG Input                - Mocking key release: I
19:24:26.832 [JavaFX Application Thread] DEBUG Input                - Mocking key press: W
19:24:26.881 [JavaFX Application Thread] DEBUG Input                - Mocking key press: I
19:24:26.937 [JavaFX Application Thread] DEBUG Input                - Mocking key press: L
19:24:26.991 [JavaFX Application Thread] DEBUG Input                - Mocking key release: I
19:24:27.048 [JavaFX Application Thread] DEBUG Input                - Mocking key press: I
19:24:27.118 [JavaFX Application Thread] DEBUG Input                - Mocking key release: L
19:24:27.164 [JavaFX Application Thread] DEBUG Input                - Mocking key release: W
19:24:27.266 [JavaFX Application Thread] DEBUG Input                - Mocking key release: I
19:24:27.299 [JavaFX Application Thread] DEBUG Input                - Mocking key press: J
19:24:27.515 [JavaFX Application Thread] DEBUG Input                - Mocking key release: J
19:24:27.694 [JavaFX Application Thread] DEBUG Input                - Mocking key press: S
19:24:27.900 [JavaFX Application Thread] DEBUG Input                - Mocking key release: S
19:24:28.074 [JavaFX Application Thread] DEBUG Input                - Mocking key press: S
19:24:28.165 [JavaFX Application Thread] DEBUG Input                - Mocking key press: W
19:24:28.184 [JavaFX Application Thread] DEBUG Input                - Mocking key release: S
19:24:28.365 [JavaFX Application Thread] DEBUG Input                - Mocking key release: W
19:24:28.919 [JavaFX Application Thread] DEBUG Input                - Mocking key press: I
19:24:29.281 [JavaFX Application Thread] DEBUG Input                - Mocking key release: I
19:24:29.465 [JavaFX Application Thread] DEBUG Input                - Mocking key press: K
19:24:30.265 [JavaFX Application Thread] DEBUG Input                - Mocking key release: K
19:24:31.037 [JavaFX Application Thread] DEBUG Input                - Mocking key press: W
19:24:31.406 [JavaFX Application Thread] DEBUG Input                - Mocking key release: W
19:24:31.484 [JavaFX Application Thread] DEBUG Input                - Mocking key press: W
19:24:31.650 [JavaFX Application Thread] DEBUG Input                - Mocking key press: S
19:24:31.713 [JavaFX Application Thread] DEBUG Input                - Mocking key release: W
19:24:31.968 [JavaFX Application Thread] DEBUG Input                - Mocking key release: S
19:24:33.000 [JavaFX Application Thread] DEBUG Input                - Mocking key press: I
19:24:33.116 [JavaFX Application Thread] DEBUG Input                - Mocking key press: K
19:24:33.131 [JavaFX Application Thread] DEBUG Input                - Mocking key release: I
19:24:33.505 [JavaFX Application Thread] DEBUG Input                - Mocking key press: L
19:24:33.686 [JavaFX Application Thread] DEBUG Input                - Mocking key release: K
19:24:33.798 [JavaFX Application Thread] DEBUG Input                - Mocking key release: L
19:24:33.950 [JavaFX Application Thread] DEBUG Input                - Mocking key press: I
19:24:34.011 [JavaFX Application Thread] DEBUG Input                - Mocking key press: J
19:24:34.068 [JavaFX Application Thread] DEBUG Input                - Mocking key release: I
19:24:34.175 [JavaFX Application Thread] DEBUG Input                - Mocking key press: I
19:24:34.351 [JavaFX Application Thread] DEBUG Input                - Mocking key release: J
19:24:34.385 [JavaFX Application Thread] DEBUG Input                - Mocking key release: I
19:24:34.417 [JavaFX Application Thread] DEBUG Input                - Mocking key press: W
19:24:34.432 [JavaFX Application Thread] DEBUG Input                - Mocking key press: I
19:24:34.533 [JavaFX Application Thread] DEBUG Input                - Mocking key release: W
19:24:34.583 [JavaFX Application Thread] DEBUG Input                - Mocking key press: L
19:24:34.684 [JavaFX Application Thread] DEBUG Input                - Mocking key press: W
19:24:34.684 [JavaFX Application Thread] DEBUG Input                - Mocking key release: I
19:24:34.765 [JavaFX Application Thread] DEBUG Input                - Mocking key release: L
19:24:34.889 [JavaFX Application Thread] DEBUG Input                - Mocking key release: W
19:24:35.217 [JavaFX Application Thread] DEBUG Input                - Mocking key press: S
19:24:35.359 [JavaFX Application Thread] DEBUG Input                - Mocking key release: S
19:24:35.484 [JavaFX Application Thread] DEBUG Input                - Mocking key press: L
19:24:35.566 [JavaFX Application Thread] DEBUG Input                - Mocking key press: J
19:24:35.582 [JavaFX Application Thread] DEBUG Input                - Mocking key release: L
19:24:35.663 [JavaFX Application Thread] DEBUG Input                - Mocking key press: S
19:24:35.772 [JavaFX Application Thread] DEBUG Input                - Mocking key release: J
19:24:35.831 [JavaFX Application Thread] DEBUG Input                - Mocking key release: S
19:24:35.884 [JavaFX Application Thread] DEBUG Input                - Mocking key press: S
19:24:36.068 [JavaFX Application Thread] DEBUG Input                - Mocking key release: S
19:24:36.231 [JavaFX Application Thread] DEBUG Input                - Mocking key press: K
19:24:36.850 [JavaFX Application Thread] DEBUG Input                - Mocking key release: K
19:24:37.182 [JavaFX Application Thread] DEBUG Input                - Mocking key press: I
19:24:37.550 [JavaFX Application Thread] DEBUG Input                - Mocking key release: I
19:24:37.650 [JavaFX Application Thread] DEBUG Input                - Mocking key press: W
19:24:37.965 [JavaFX Application Thread] DEBUG Input                - Mocking key release: W
19:24:38.559 [JavaFX Application Thread] DEBUG Input                - Mocking key press: K
19:24:38.617 [JavaFX Application Thread] DEBUG Input                - Mocking key press: S
19:24:38.976 [JavaFX Application Thread] DEBUG Input                - Mocking key release: S
19:24:39.031 [JavaFX Application Thread] DEBUG Input                - Mocking key release: K
19:24:39.121 [JavaFX Application Thread] DEBUG Input                - Mocking key press: I
19:24:39.354 [JavaFX Application Thread] DEBUG Input                - Mocking key press: L
19:24:40.000 [JavaFX Application Thread] DEBUG Input                - Mocking key release: L
19:24:40.031 [JavaFX Application Thread] DEBUG Input                - Mocking key release: I
19:24:40.315 [JavaFX Application Thread] DEBUG Input                - Mocking key press: W
19:24:40.448 [JavaFX Application Thread] DEBUG Input                - Mocking key press: K
19:24:40.473 [JavaFX Application Thread] DEBUG Input                - Mocking key release: W
19:24:40.529 [JavaFX Application Thread] DEBUG Input                - Mocking key press: J
19:24:40.620 [JavaFX Application Thread] DEBUG Input                - Mocking key release: K
19:24:40.715 [JavaFX Application Thread] DEBUG Input                - Mocking key release: J
19:24:41.150 [JavaFX Application Thread] DEBUG Input                - Mocking key press: S
19:24:41.600 [JavaFX Application Thread] DEBUG Input                - Mocking key press: I
19:24:41.633 [JavaFX Application Thread] DEBUG Input                - Mocking key release: S
19:24:41.633 [JavaFX Application Thread] DEBUG Input                - Mocking key press: J
19:24:41.735 [JavaFX Application Thread] DEBUG Input                - Mocking key release: I
19:24:41.771 [JavaFX Application Thread] DEBUG Input                - Mocking key press: W
19:24:41.807 [JavaFX Application Thread] DEBUG Input                - Mocking key release: J
19:24:42.078 [JavaFX Application Thread] DEBUG Input                - Mocking key press: I
19:24:42.284 [JavaFX Application Thread] DEBUG Input                - Mocking key release: W
19:24:42.369 [JavaFX Application Thread] DEBUG Input                - Mocking key release: I
19:24:42.866 [JavaFX Application Thread] DEBUG Input                - Mocking key press: W
19:24:43.150 [JavaFX Application Thread] DEBUG Input                - Mocking key release: W
19:24:43.466 [JavaFX Application Thread] DEBUG Input                - Mocking key press: S
19:24:43.786 [JavaFX Application Thread] DEBUG Input                - Mocking key release: S
19:24:43.899 [JavaFX Application Thread] DEBUG Input                - Mocking key press: I
19:24:43.951 [JavaFX Application Thread] DEBUG Input                - Mocking key press: L
19:24:44.298 [JavaFX Application Thread] DEBUG Input                - Mocking key release: I
19:24:44.351 [JavaFX Application Thread] DEBUG Input                - Mocking key release: L
19:24:44.419 [JavaFX Application Thread] DEBUG Input                - Mocking key press: J
19:24:44.985 [JavaFX Application Thread] DEBUG Input                - Mocking key release: J
19:24:45.267 [JavaFX Application Thread] DEBUG Input                - Mocking key press: W
19:24:45.581 [JavaFX Application Thread] DEBUG Input                - Mocking key release: W
19:24:45.950 [JavaFX Application Thread] DEBUG Input                - Mocking key press: D
19:24:46.017 [JavaFX Application Thread] DEBUG Input                - Mocking key press: K
19:24:46.287 [JavaFX Application Thread] DEBUG Input                - Mocking key release: D
19:24:46.608 [JavaFX Application Thread] DEBUG Input                - Mocking key release: K
19:24:46.684 [JavaFX Application Thread] DEBUG Input                - Mocking key press: W
19:24:46.867 [JavaFX Application Thread] DEBUG Input                - Mocking key press: S
19:24:46.915 [JavaFX Application Thread] DEBUG Input                - Mocking key release: W
19:24:47.168 [JavaFX Application Thread] DEBUG Input                - Mocking key press: A
19:24:47.351 [JavaFX Application Thread] DEBUG Input                - Mocking key release: S
19:24:47.618 [JavaFX Application Thread] DEBUG Input                - Mocking key press: I
19:24:47.678 [JavaFX Application Thread] DEBUG Input                - Mocking key release: I
19:24:47.697 [JavaFX Application Thread] DEBUG Input                - Mocking key release: A
19:24:47.787 [JavaFX Application Thread] DEBUG Input                - Mocking key press: D
19:24:47.806 [JavaFX Application Thread] DEBUG Input                - Mocking key press: J
19:24:47.898 [JavaFX Application Thread] DEBUG Input                - Mocking key press: I
19:24:47.982 [JavaFX Application Thread] DEBUG Input                - Mocking key press: W
19:24:48.017 [JavaFX Application Thread] DEBUG Input                - Mocking key release: D
19:24:48.068 [JavaFX Application Thread] DEBUG Input                - Mocking key release: I
19:24:48.134 [JavaFX Application Thread] DEBUG Input                - Mocking key release: W
19:24:48.134 [JavaFX Application Thread] DEBUG Input                - Mocking key press: K
19:24:48.335 [JavaFX Application Thread] DEBUG Input                - Mocking key press: D
19:24:48.382 [JavaFX Application Thread] DEBUG Input                - Mocking key press: L
19:24:48.400 [JavaFX Application Thread] DEBUG Input                - Mocking key press: S
19:24:48.432 [JavaFX Application Thread] DEBUG Input                - Mocking key release: D
19:24:48.468 [JavaFX Application Thread] DEBUG Input                - Mocking key release: J
19:24:48.698 [JavaFX Application Thread] DEBUG Input                - Mocking key release: K
19:24:48.698 [JavaFX Application Thread] DEBUG Input                - Mocking key release: L
19:24:48.733 [JavaFX Application Thread] DEBUG Input                - Mocking key press: A
19:24:48.800 [JavaFX Application Thread] DEBUG Input                - Mocking key release: S
19:24:48.879 [JavaFX Application Thread] DEBUG Input                - Mocking key press: J
19:24:49.133 [JavaFX Application Thread] DEBUG Input                - Mocking key release: J
19:24:49.151 [JavaFX Application Thread] DEBUG Input                - Mocking key release: A
19:24:49.343 [JavaFX Application Thread] DEBUG Input                - Mocking key press: D
19:24:49.365 [JavaFX Application Thread] DEBUG Input                - Mocking key press: I
19:24:49.617 [JavaFX Application Thread] DEBUG Input                - Mocking key release: I
19:24:49.632 [JavaFX Application Thread] DEBUG Input                - Mocking key press: J
19:24:49.703 [JavaFX Application Thread] DEBUG Input                - Mocking key release: D
19:24:49.887 [JavaFX Application Thread] DEBUG Input                - Mocking key release: J
19:24:50.705 [JavaFX Application Thread] DEBUG Input                - Mocking key press: K
19:24:50.867 [JavaFX Application Thread] DEBUG Input                - Mocking key release: K
19:24:50.904 [JavaFX Application Thread] DEBUG Input                - Mocking key press: L
19:24:50.957 [JavaFX Application Thread] DEBUG Input                - Mocking key press: I
19:24:51.031 [JavaFX Application Thread] DEBUG Input                - Mocking key release: L
19:24:51.182 [JavaFX Application Thread] DEBUG Input                - Mocking key press: W
19:24:51.375 [JavaFX Application Thread] DEBUG Input                - Mocking key release: W
19:24:51.417 [JavaFX Application Thread] DEBUG Input                - Mocking key press: K
19:24:51.537 [JavaFX Application Thread] DEBUG Input                - Mocking key release: I
19:24:51.565 [JavaFX Application Thread] DEBUG Input                - Mocking key press: L
19:24:51.667 [JavaFX Application Thread] DEBUG Input                - Mocking key release: K
19:24:51.901 [JavaFX Application Thread] DEBUG Input                - Mocking key release: L
19:24:51.999 [JavaFX Application Thread] DEBUG Input                - Mocking key press: I
19:24:52.084 [JavaFX Application Thread] DEBUG Input                - Mocking key press: L
19:24:52.489 [JavaFX Application Thread] DEBUG Input                - Mocking key release: L
19:24:52.567 [JavaFX Application Thread] DEBUG Input                - Mocking key press: J
19:24:52.818 [JavaFX Application Thread] DEBUG Input                - Mocking key press: A
19:24:53.035 [JavaFX Application Thread] DEBUG Input                - Mocking key release: I
19:24:53.099 [JavaFX Application Thread] DEBUG Input                - Mocking key release: J
19:24:53.274 [JavaFX Application Thread] DEBUG Input                - Mocking key press: K
19:24:53.326 [JavaFX Application Thread] DEBUG Input                - Mocking key release: A
19:24:53.498 [JavaFX Application Thread] DEBUG Input                - Mocking key press: L
19:24:53.782 [JavaFX Application Thread] DEBUG Input                - Mocking key press: W
19:24:53.800 [JavaFX Application Thread] DEBUG Input                - Mocking key release: K
19:24:53.933 [JavaFX Application Thread] DEBUG Input                - Mocking key release: L
19:24:53.951 [JavaFX Application Thread] DEBUG Input                - Mocking key release: W
19:24:54.200 [JavaFX Application Thread] DEBUG Input                - Mocking key press: S
19:24:54.502 [JavaFX Application Thread] DEBUG Input                - Mocking key release: S
19:24:54.648 [JavaFX Application Thread] DEBUG Input                - Mocking key press: J
19:24:54.782 [JavaFX Application Thread] DEBUG Input                - Mocking key press: I
19:24:54.848 [JavaFX Application Thread] DEBUG Input                - Mocking key release: J
19:24:54.884 [JavaFX Application Thread] DEBUG Input                - Mocking key release: I
19:24:55.017 [JavaFX Application Thread] DEBUG Input                - Mocking key press: K
19:24:55.031 [JavaFX Application Thread] DEBUG Input                - Mocking key press: W
19:24:55.200 [JavaFX Application Thread] DEBUG Input                - Mocking key release: W
19:24:55.344 [JavaFX Application Thread] DEBUG Input                - Mocking key press: L
19:24:55.723 [JavaFX Application Thread] DEBUG Input                - Mocking key release: K
19:24:55.817 [JavaFX Application Thread] DEBUG Input                - Mocking key release: L
19:24:55.832 [JavaFX Application Thread] DEBUG Input                - Mocking key press: I
19:24:55.981 [JavaFX Application Thread] DEBUG Input                - Mocking key press: L
19:24:56.084 [JavaFX Application Thread] DEBUG Input                - Mocking key release: L
19:24:56.103 [JavaFX Application Thread] DEBUG Input                - Mocking key press: J
19:24:56.417 [JavaFX Application Thread] DEBUG Input                - Mocking key release: J
19:24:56.484 [JavaFX Application Thread] DEBUG Input                - Mocking key release: I
19:24:56.733 [JavaFX Application Thread] DEBUG Input                - Mocking key press: I
19:24:56.765 [JavaFX Application Thread] DEBUG Input                - Mocking key press: J
19:24:56.849 [JavaFX Application Thread] DEBUG Input                - Mocking key release: I
19:24:57.183 [JavaFX Application Thread] DEBUG Input                - Mocking key release: J
19:24:57.417 [JavaFX Application Thread] DEBUG Input                - Mocking key press: W
19:24:57.601 [JavaFX Application Thread] DEBUG Input                - Mocking key release: W
19:24:57.849 [JavaFX Application Thread] DEBUG Input                - Mocking key press: S
19:24:58.032 [JavaFX Application Thread] DEBUG Input                - Mocking key press: K
19:24:58.086 [JavaFX Application Thread] DEBUG Input                - Mocking key press: L
19:24:58.351 [JavaFX Application Thread] DEBUG Input                - Mocking key release: L
19:24:58.367 [JavaFX Application Thread] DEBUG Input                - Mocking key release: S
19:24:58.417 [JavaFX Application Thread] DEBUG Input                - Mocking key release: K
19:24:59.151 [JavaFX Application Thread] DEBUG Input                - Mocking key press: I
19:24:59.184 [JavaFX Application Thread] DEBUG Input                - Mocking key press: W
19:24:59.382 [JavaFX Application Thread] DEBUG Input                - Mocking key release: W
19:24:59.437 [JavaFX Application Thread] DEBUG Input                - Mocking key press: J
19:24:59.498 [JavaFX Application Thread] DEBUG Input                - Mocking key press: W
19:24:59.618 [JavaFX Application Thread] DEBUG Input                - Mocking key release: W
19:24:59.618 [JavaFX Application Thread] DEBUG Input                - Mocking key press: L
19:24:59.672 [JavaFX Application Thread] DEBUG Input                - Mocking key release: J
19:24:59.889 [JavaFX Application Thread] DEBUG Input                - Mocking key release: I
19:24:59.933 [JavaFX Application Thread] DEBUG Input                - Mocking key release: L
19:25:00.135 [JavaFX Application Thread] DEBUG Input                - Mocking key press: K
19:25:00.351 [JavaFX Application Thread] DEBUG Input                - Mocking key press: S
19:25:00.515 [JavaFX Application Thread] DEBUG Input                - Mocking key press: J
19:25:00.622 [JavaFX Application Thread] DEBUG Input                - Mocking key release: K
19:25:00.667 [JavaFX Application Thread] DEBUG Input                - Mocking key release: S
19:25:00.818 [JavaFX Application Thread] DEBUG Input                - Mocking key release: J
19:25:00.895 [JavaFX Application Thread] DEBUG Input                - Mocking key press: K
19:25:01.003 [JavaFX Application Thread] DEBUG Input                - Mocking key press: L
19:25:01.183 [JavaFX Application Thread] DEBUG Input                - Mocking key release: K
19:25:01.232 [JavaFX Application Thread] DEBUG Input                - Mocking key press: J
19:25:01.274 [JavaFX Application Thread] DEBUG Input                - Mocking key press: I
19:25:01.308 [JavaFX Application Thread] DEBUG Input                - Mocking key release: J
19:25:01.354 [JavaFX Application Thread] DEBUG Input                - Mocking key release: L
19:25:01.536 [JavaFX Application Thread] DEBUG Input                - Mocking key press: L
19:25:01.649 [JavaFX Application Thread] DEBUG Input                - Mocking key press: W
19:25:01.806 [JavaFX Application Thread] DEBUG Input                - Mocking key release: W
19:25:01.917 [JavaFX Application Thread] DEBUG Input                - Mocking key release: L
19:25:01.967 [JavaFX Application Thread] DEBUG Input                - Mocking key press: J
19:25:02.049 [JavaFX Application Thread] DEBUG Input                - Mocking key release: I
19:25:02.249 [JavaFX Application Thread] DEBUG Input                - Mocking key press: K
19:25:02.352 [JavaFX Application Thread] DEBUG Input                - Mocking key release: J
19:25:02.432 [JavaFX Application Thread] DEBUG Input                - Mocking key press: L
19:25:02.667 [JavaFX Application Thread] DEBUG Input                - Mocking key release: K
19:25:02.716 [JavaFX Application Thread] DEBUG Input                - Mocking key release: L
19:25:03.248 [JavaFX Application Thread] DEBUG Input                - Mocking key press: J
19:25:03.552 [JavaFX Application Thread] DEBUG Input                - Mocking key release: J
19:25:03.649 [JavaFX Application Thread] DEBUG Input                - Mocking key press: W
19:25:03.884 [JavaFX Application Thread] DEBUG Input                - Mocking key press: L
19:25:04.067 [JavaFX Application Thread] DEBUG Input                - Mocking key release: L
19:25:04.150 [JavaFX Application Thread] DEBUG Input                - Mocking key press: J
19:25:04.382 [JavaFX Application Thread] DEBUG Input                - Mocking key release: J
19:25:04.400 [JavaFX Application Thread] DEBUG Input                - Mocking key release: W
19:25:04.500 [JavaFX Application Thread] DEBUG Input                - Mocking key press: S
19:25:05.050 [JavaFX Application Thread] DEBUG Input                - Mocking key press: K
19:25:05.319 [JavaFX Application Thread] DEBUG Input                - Mocking key release: K
19:25:05.390 [JavaFX Application Thread] DEBUG Input                - Mocking key press: L
19:25:05.390 [JavaFX Application Thread] DEBUG Input                - Mocking key release: S
19:25:05.448 [JavaFX Application Thread] DEBUG Input                - Mocking key press: W
19:25:05.467 [JavaFX Application Thread] DEBUG Input                - Mocking key press: I
19:25:05.582 [JavaFX Application Thread] DEBUG Input                - Mocking key release: W
19:25:05.600 [JavaFX Application Thread] DEBUG Input                - Mocking key release: L
19:25:05.899 [JavaFX Application Thread] DEBUG Input                - Mocking key press: D
19:25:05.967 [JavaFX Application Thread] DEBUG Input                - Mocking key press: J
19:25:06.049 [JavaFX Application Thread] DEBUG Input                - Mocking key release: I
19:25:06.092 [JavaFX Application Thread] DEBUG Input                - Mocking key press: K
19:25:06.165 [JavaFX Application Thread] DEBUG Input                - Mocking key press: L
19:25:06.165 [JavaFX Application Thread] DEBUG Input                - Mocking key press: S
19:25:06.186 [JavaFX Application Thread] DEBUG Input                - Mocking key release: J
19:25:06.239 [JavaFX Application Thread] DEBUG Input                - Mocking key release: D
19:25:06.351 [JavaFX Application Thread] DEBUG Input                - Mocking key press: A
19:25:06.384 [JavaFX Application Thread] DEBUG Input                - Mocking key release: K
19:25:06.417 [JavaFX Application Thread] DEBUG Input                - Mocking key release: S
19:25:06.566 [JavaFX Application Thread] DEBUG Input                - Mocking key release: A
19:25:06.638 [JavaFX Application Thread] DEBUG Input                - Mocking key release: L
19:25:06.699 [JavaFX Application Thread] DEBUG Input                - Mocking key press: I
19:25:06.837 [JavaFX Application Thread] DEBUG Input                - Mocking key release: I
19:25:06.911 [JavaFX Application Thread] DEBUG Input                - Mocking key press: W
19:25:07.200 [JavaFX Application Thread] DEBUG Input                - Mocking key release: W
19:25:07.310 [JavaFX Application Thread] DEBUG Input                - Mocking key press: J
19:25:07.601 [JavaFX Application Thread] DEBUG Input                - Mocking key press: W
19:25:07.649 [JavaFX Application Thread] DEBUG Input                - Mocking key press: I
19:25:07.774 [JavaFX Application Thread] DEBUG Input                - Mocking key release: W
19:25:07.867 [JavaFX Application Thread] DEBUG Input                - Mocking key release: I
19:25:07.884 [JavaFX Application Thread] DEBUG Input                - Mocking key press: I
19:25:07.965 [JavaFX Application Thread] DEBUG Input                - Mocking key release: J
19:25:08.000 [JavaFX Application Thread] DEBUG Input                - Mocking key release: I
19:25:08.174 [JavaFX Application Thread] DEBUG Input                - Mocking key press: S
19:25:08.209 [JavaFX Application Thread] DEBUG Input                - Mocking key press: W
19:25:08.302 [JavaFX Application Thread] DEBUG Input                - Mocking key release: S
19:25:08.607 [JavaFX Application Thread] DEBUG Input                - Mocking key release: W
19:25:08.848 [JavaFX Application Thread] DEBUG Input                - Mocking key press: K
19:25:08.990 [JavaFX Application Thread] DEBUG Input                - Mocking key press: W
19:25:09.117 [JavaFX Application Thread] DEBUG Input                - Mocking key press: S
19:25:09.182 [JavaFX Application Thread] DEBUG Input                - Mocking key release: W
19:25:09.217 [JavaFX Application Thread] DEBUG Input                - Mocking key press: L
19:25:09.449 [JavaFX Application Thread] DEBUG Input                - Mocking key release: K
19:25:09.484 [JavaFX Application Thread] DEBUG Input                - Mocking key release: L
19:25:09.667 [JavaFX Application Thread] DEBUG Input                - Mocking key press: J
19:25:09.823 [JavaFX Application Thread] DEBUG Input                - Mocking key release: J
19:25:09.841 [JavaFX Application Thread] DEBUG Input                - Mocking key release: S
19:25:09.867 [JavaFX Application Thread] DEBUG Input                - Mocking key press: L
19:25:09.899 [JavaFX Application Thread] DEBUG Input                - Mocking key press: I
19:25:10.151 [JavaFX Application Thread] DEBUG Input                - Mocking key release: L
19:25:10.254 [JavaFX Application Thread] DEBUG Input                - Mocking key press: J
19:25:10.400 [JavaFX Application Thread] DEBUG Input                - Mocking key press: W
19:25:10.553 [JavaFX Application Thread] DEBUG Input                - Mocking key release: I
19:25:10.572 [JavaFX Application Thread] DEBUG Input                - Mocking key release: W
19:25:10.607 [JavaFX Application Thread] DEBUG Input                - Mocking key release: J
19:25:10.667 [JavaFX Application Thread] DEBUG Input                - Mocking key press: L
19:25:10.801 [JavaFX Application Thread] DEBUG Input                - Mocking key press: I
19:25:10.950 [JavaFX Application Thread] DEBUG Input                - Mocking key release: I
19:25:11.003 [JavaFX Application Thread] DEBUG Input                - Mocking key release: L
19:25:11.499 [JavaFX Application Thread] DEBUG Input                - Mocking key press: W
19:25:11.550 [JavaFX Application Thread] DEBUG Input                - Mocking key press: K
19:25:11.674 [JavaFX Application Thread] DEBUG Input                - Mocking key release: W
19:25:11.728 [JavaFX Application Thread] DEBUG Input                - Mocking key press: L
19:25:11.801 [JavaFX Application Thread] DEBUG Input                - Mocking key press: J
19:25:11.884 [JavaFX Application Thread] DEBUG Input                - Mocking key release: K
19:25:11.884 [JavaFX Application Thread] DEBUG Input                - Mocking key release: L
19:25:12.048 [JavaFX Application Thread] DEBUG Input                - Mocking key press: S
19:25:12.090 [JavaFX Application Thread] DEBUG Input                - Mocking key release: J
19:25:12.182 [JavaFX Application Thread] DEBUG Input                - Mocking key press: W
19:25:12.201 [JavaFX Application Thread] DEBUG Input                - Mocking key release: S
19:25:12.273 [JavaFX Application Thread] DEBUG Input                - Mocking key press: S
19:25:12.382 [JavaFX Application Thread] DEBUG Input                - Mocking key release: W
19:25:12.467 [JavaFX Application Thread] DEBUG Input                - Mocking key press: K
19:25:12.617 [JavaFX Application Thread] DEBUG Input                - Mocking key press: J
19:25:12.671 [JavaFX Application Thread] DEBUG Input                - Mocking key release: K
19:25:12.848 [JavaFX Application Thread] DEBUG Input                - Mocking key release: J
19:25:13.018 [JavaFX Application Thread] DEBUG Input                - Mocking key release: S
19:25:13.165 [JavaFX Application Thread] DEBUG Input                - Mocking key press: L
19:25:13.274 [JavaFX Application Thread] DEBUG Input                - Mocking key press: I
19:25:13.432 [JavaFX Application Thread] DEBUG Input                - Mocking key release: L
19:25:13.467 [JavaFX Application Thread] DEBUG Input                - Mocking key release: I
19:25:13.900 [JavaFX Application Thread] DEBUG Input                - Mocking key press: W
19:25:13.966 [JavaFX Application Thread] DEBUG Input                - Mocking key press: L
19:25:14.099 [JavaFX Application Thread] DEBUG Input                - Mocking key release: L
19:25:14.449 [JavaFX Application Thread] DEBUG Input                - Mocking key release: W
19:25:14.765 [JavaFX Application Thread] DEBUG Input                - Mocking key press: J
19:25:14.800 [JavaFX Application Thread] DEBUG Input                - Mocking key press: W
19:25:14.831 [JavaFX Application Thread] DEBUG Input                - Mocking key press: I
19:25:14.867 [JavaFX Application Thread] DEBUG Input                - Mocking key press: K
19:25:14.981 [JavaFX Application Thread] DEBUG Input                - Mocking key press: L
19:25:15.001 [JavaFX Application Thread] DEBUG Input                - Mocking key release: W
19:25:15.018 [JavaFX Application Thread] DEBUG Input                - Mocking key release: I
19:25:15.087 [JavaFX Application Thread] DEBUG Input                - Mocking key release: J
19:25:15.251 [JavaFX Application Thread] DEBUG Input                - Mocking key release: L
19:25:15.251 [JavaFX Application Thread] DEBUG Input                - Mocking key release: K
19:25:15.485 [JavaFX Application Thread] DEBUG Input                - Mocking key press: S
19:25:15.633 [JavaFX Application Thread] DEBUG Input                - Mocking key press: D
19:25:15.800 [JavaFX Application Thread] DEBUG Input                - Mocking key release: D
19:25:16.048 [JavaFX Application Thread] DEBUG Input                - Mocking key release: S
19:25:16.543 [JavaFX Application Thread] DEBUG Input                - Mocking key press: W
19:25:16.832 [JavaFX Application Thread] DEBUG Input                - Mocking key release: W
19:25:17.084 [JavaFX Application Thread] DEBUG Input                - Mocking key press: S
19:25:17.627 [JavaFX Application Thread] DEBUG Input                - Mocking key release: S
19:25:23.123 [JavaFX Application Thread] DEBUG FXGLApplication      - Exiting FXGL
19:25:23.123 [JavaFX Application Thread] DEBUG LoopRunner           - Stopping loop
19:25:23.123 [JavaFX Application Thread] DEBUG SystemBundleService  - Saving FXGL system data
19:25:23.123 [JavaFX Application Thread] DEBUG FileSystemAccess     - Writing to: C:\Users\ellio\Documents\CI628\CI628-PongServer-master\system\fxgl.bundle
19:25:23.124 [JavaFX Application Thread] DEBUG Async                - Shutting down background threads
19:25:23.124 [JavaFX Application Thread] DEBUG MainWindow           - Closing main window
19:25:23.135 [JavaFX Application Thread] DEBUG Logger               - Closing Logger
