18:54:21.758 [main                     ] DEBUG Logger               - Configured Logger
18:54:21.762 [main                     ] DEBUG GameApplication      - Logging settings
Title: Pong
Version: 1.0
Width: 800
Height: 600
Fullscreen: false
Intro: false
Profiling: false
Single step:false
App Mode: DEBUG
Menu Key: ESCAPE
Stage Style: DECORATED
Scene Factory: class com.almasb.fxgl.app.scene.SceneFactory

18:54:22.029 [JavaFX Application Thread] DEBUG FXGLApplication      - Initializing FXGL
18:54:22.032 [JavaFX Application Thread] INFO  Engine               - FXGL-11.11 (08.09.2020 18.00) on WINDOWS (J:17.0.5 FX:14)
18:54:22.033 [JavaFX Application Thread] DEBUG Engine               - JRE Vendor Name: Amazon.com Inc.
18:54:22.033 [JavaFX Application Thread] DEBUG Engine               - Running on OS: Windows 11 version 10.0
18:54:22.033 [JavaFX Application Thread] DEBUG Engine               - Architecture: amd64
18:54:22.033 [JavaFX Application Thread] INFO  Engine               - Source code and latest versions at: https://github.com/AlmasB/FXGL
18:54:22.033 [JavaFX Application Thread] INFO  Engine               -              Join the FXGL chat at: https://gitter.im/AlmasB/FXGL
18:54:22.085 [JavaFX Application Thread] DEBUG MainWindow           - Creating a JavaFX scene
18:54:22.112 [JavaFX Application Thread] DEBUG MainWindow           - Target settings size: 800.0 x 600.0
18:54:22.112 [JavaFX Application Thread] DEBUG MainWindow           - Scaled scene size:    800.0 x 600.0
18:54:22.112 [JavaFX Application Thread] DEBUG MainWindow           - Scaled ratio: (1.0, 1.0)
18:54:22.112 [JavaFX Application Thread] DEBUG MainWindow           - Set initial scene to StartupScene
18:54:22.115 [JavaFX Application Thread] DEBUG MainWindow           - Opening main window
18:54:22.169 [JavaFX Application Thread] DEBUG MainWindow           - Window border size: (16.0, 39.0)
18:54:22.170 [JavaFX Application Thread] DEBUG MainWindow           - Scaled size: 800.0 x 600.0
18:54:22.170 [JavaFX Application Thread] DEBUG MainWindow           - Scaled ratio: (1.0, 1.0)
18:54:22.170 [JavaFX Application Thread] DEBUG MainWindow           - Scene size: 800.0 x 600.0
18:54:22.170 [JavaFX Application Thread] DEBUG MainWindow           - Stage size: 816.0 x 639.0
18:54:22.173 [FXGL Background Thread 1 ] DEBUG Engine               - Initializing environment variables
18:54:22.187 [FXGL Background Thread 1 ] DEBUG GameApplicationServi - Applying CSS: fxgl_dark.css
18:54:22.188 [FXGL Background Thread 1 ] DEBUG FXGLAssetLoaderServi - Loading from file system: /assets/ui/css/fxgl_dark.css
18:54:22.212 [FXGL Background Thread 1 ] DEBUG GameApplicationServi - Initializing application scenes
18:54:22.236 [FXGL Background Thread 1 ] DEBUG GameWorld            - Game world initialized
18:54:22.266 [FXGL Background Thread 1 ] DEBUG PhysicsWorld         - Physics world initialized: appHeight=600, physics.ppm=50.0
18:54:22.267 [FXGL Background Thread 1 ] DEBUG GameScene            - Game scene initialized: 800x600
18:54:22.283 [FXGL Background Thread 1 ] DEBUG FXGLAssetLoaderServi - Loading from file system: /assets/textures/particles/trace_horizontal.png
18:54:22.307 [FXGL Background Thread 1 ] DEBUG FXGL.DefaultMenu     - createMenuBodyGameMenu()
18:54:22.317 [FXGL Background Thread 1 ] DEBUG FXGL.DefaultMenu     - createOptionsMenu()
18:54:22.320 [FXGL Background Thread 1 ] DEBUG FXGLAssetLoaderServi - Loading from file system: /assets/textures/particles/smoke.png
18:54:22.349 [FXGL Background Thread 1 ] DEBUG GameApplicationServi - Application scenes initialized
18:54:22.356 [FXGL Background Thread 1 ] DEBUG SystemBundleService  - Loading FXGL system data
18:54:22.359 [FXGL Background Thread 1 ] DEBUG FileSystemAccess     - Reading from: C:\Users\ellio\Documents\CI628\CI628-PongServer-master\system\fxgl.bundle
18:54:22.363 [FXGL Background Thread 1 ] DEBUG SystemBundleService  - Bundle FXGL: {}
18:54:22.363 [FXGL Background Thread 1 ] DEBUG UpdaterService       - Checking for updates
18:54:22.366 [FXGL Background Thread 4 ] DEBUG FXGLApplication      - Loading fonts
18:54:22.366 [FXGL Background Thread 4 ] DEBUG FXGLAssetLoaderServi - Loading from file system: /assets/ui/fonts/pong.ttf
18:54:22.366 [FXGL Background Thread 1 ] DEBUG FXGLApplication      - Loading default localization
18:54:22.366 [FXGL Background Thread 1 ] DEBUG FXGLAssetLoaderServi - Loading from file system: /assets/languages/english.lang
18:54:22.377 [FXGL Background Thread 1 ] INFO  FXGLApplication      - FXGL initialization took: 0.204 sec
18:54:22.382 [JavaFX Application Thread] DEBUG Input                - Registered new binding: Up1 - W
18:54:22.382 [JavaFX Application Thread] DEBUG Input                - Registered new binding: Down1 - S
18:54:22.382 [JavaFX Application Thread] DEBUG Input                - Registered new binding: Right1 - D
18:54:22.382 [JavaFX Application Thread] DEBUG Input                - Registered new binding: Left1 - A
18:54:22.383 [JavaFX Application Thread] DEBUG Input                - Registered new binding: Up2 - I
18:54:22.383 [JavaFX Application Thread] DEBUG Input                - Registered new binding: Down2 - K
18:54:22.383 [JavaFX Application Thread] DEBUG Input                - Registered new binding: Right2 - L
18:54:22.383 [JavaFX Application Thread] DEBUG Input                - Registered new binding: Left2 - J
18:54:22.383 [JavaFX Application Thread] DEBUG FXGLAssetLoaderServi - Loading from file system: /assets/textures/fxgl_icon.png
18:54:22.396 [JavaFX Application Thread] DEBUG FXGLAssetLoaderServi - Loading from file system: /assets/ui/cursors/fxgl_default.png
18:54:22.398 [JavaFX Application Thread] DEBUG Input                - Registered new binding: Screenshot - P
18:54:22.398 [JavaFX Application Thread] DEBUG Input                - Registered new binding: System info dump - CTRL+9
18:54:22.399 [JavaFX Application Thread] DEBUG Input                - Registered new binding: Restart - CTRL+R
18:54:22.399 [FXGL Background Thread 4 ] DEBUG FXGLAssetLoaderServi - Loading from file system: /assets/ui/fonts/Abel-Regular.ttf
18:54:22.399 [JavaFX Application Thread] DEBUG Input                - Registered new binding: Toggle Debug Camera - CTRL+C
18:54:22.401 [JavaFX Application Thread] DEBUG LoopRunner           - Starting loop
18:54:22.402 [FXGL Background Thread 4 ] DEBUG FXGLAssetLoaderServi - Loading from file system: /assets/ui/fonts/lucida_console.ttf
18:54:22.402 [JavaFX Application Thread] DEBUG GameApplicationServi - Starting new game
18:54:22.403 [JavaFX Application Thread] DEBUG Input                - Clearing active input actions
18:54:22.405 [FXGL Background Thread 4 ] DEBUG FXGLAssetLoaderServi - Loading from file system: /assets/ui/fonts/Courier-Prime.ttf
18:54:22.412 [JavaFX Application Thread] DEBUG GameApplicationServi - Removing overlay from StartupScene and adding to FXGLLoadingScene
18:54:22.412 [JavaFX Application Thread] DEBUG MainWindow           - StartupScene -> FXGLLoadingScene
18:54:22.412 [JavaFX Application Thread] DEBUG GameApplicationServi - Clearing previous game
18:54:22.413 [JavaFX Application Thread] DEBUG GameScene            - Clearing game scene
18:54:22.413 [JavaFX Application Thread] DEBUG GameWorld            - Clearing game world
18:54:22.413 [JavaFX Application Thread] DEBUG PhysicsWorld         - Clearing physics world
18:54:22.414 [FXGL Background Thread 4 ] DEBUG FXGLApplication      - Initializing game
18:54:22.447 [JavaFX Application Thread] DEBUG FXGLApplication      - Registering font factories with UI factory
18:54:22.457 [FXGL Background Thread 4 ] DEBUG FXGLAssetLoaderServi - Loading from file system: /assets/ui/main.fxml
18:54:22.459 [Thread-4                 ] DEBUG TCPServer            - Starting to listen at: 55555 type: class java.lang.String
18:54:22.524 [FXGL Background Thread 4 ] INFO  FXGLApplication      - Game initialization took: 0.109 sec
18:54:22.528 [JavaFX Application Thread] DEBUG Input                - Clearing active input actions
18:54:22.534 [JavaFX Application Thread] DEBUG GameApplicationServi - Removing overlay from FXGLLoadingScene and adding to GameScene
18:54:22.534 [JavaFX Application Thread] DEBUG MainWindow           - FXGLLoadingScene -> GameScene
18:54:22.907 [FXGL Background Thread 2 ] INFO  UpdaterService       - Your current version:  11.11
18:54:22.907 [FXGL Background Thread 2 ] INFO  UpdaterService       - Latest stable version: 17+dev-SNAPSHOT
18:54:23.866 [JavaFX Application Thread] DEBUG MainWindow           - Push state: FXGLDefaultMenu
18:54:23.869 [JavaFX Application Thread] DEBUG Input                - Clearing active input actions
18:54:23.870 [JavaFX Application Thread] DEBUG GameApplicationServi - Removing overlay from GameScene and adding to FXGLDefaultMenu
18:54:23.870 [JavaFX Application Thread] DEBUG MainWindow           - GameScene -> FXGLDefaultMenu
18:54:25.365 [FXGL Background Thread 3 ] DEBUG Engine               - Logging environment variables
18:54:25.365 [FXGL Background Thread 3 ] DEBUG Engine               - achievements: []
18:54:25.365 [FXGL Background Thread 3 ] DEBUG Engine               - appIcon: fxgl_icon.png
18:54:25.365 [FXGL Background Thread 3 ] DEBUG Engine               - applicationMode: DEBUG
18:54:25.365 [FXGL Background Thread 3 ] DEBUG Engine               - cSSList: [fxgl_dark.css]
18:54:25.365 [FXGL Background Thread 3 ] DEBUG Engine               - configClass: Optional.empty
18:54:25.365 [FXGL Background Thread 3 ] DEBUG Engine               - credits: []
18:54:25.365 [FXGL Background Thread 3 ] DEBUG Engine               - devBBoxColorProperty: ObjectProperty [value: 0xff0000ff]
18:54:25.365 [FXGL Background Thread 3 ] DEBUG Engine               - devEnableDebugCameraProperty: BooleanProperty [value: false]
18:54:25.366 [FXGL Background Thread 3 ] DEBUG Engine               - devSensorColorProperty: ObjectProperty [value: 0xffff00ff]
18:54:25.366 [FXGL Background Thread 3 ] DEBUG Engine               - devShowBBoxProperty: BooleanProperty [value: false]
18:54:25.366 [FXGL Background Thread 3 ] DEBUG Engine               - devShowPositionProperty: BooleanProperty [value: false]
18:54:25.366 [FXGL Background Thread 3 ] DEBUG Engine               - enabledMenuItems: []
18:54:25.366 [FXGL Background Thread 3 ] DEBUG Engine               - engineServices: [class com.almasb.fxgl.app.FXGLApplication$GameApplicationService, class com.almasb.fxgl.app.services.FXGLDialogService, class com.almasb.fxgl.app.services.IOTaskExecutorService, class com.almasb.fxgl.event.EventBusService, class com.almasb.fxgl.io.FileSystemService, class com.almasb.fxgl.localization.LocalizationService, class com.almasb.fxgl.app.services.FXGLAssetLoaderService, class com.almasb.fxgl.app.services.SystemBundleService, class com.almasb.fxgl.profile.SaveLoadService, class com.almasb.fxgl.ui.FXGLUIFactoryServiceProvider, class com.almasb.fxgl.ui.FXGLDialogFactoryServiceProvider, class com.almasb.fxgl.audio.AudioPlayer, class com.almasb.fxgl.notification.impl.NotificationServiceProvider, class com.almasb.fxgl.achievement.AchievementService, class com.almasb.fxgl.cutscene.CutsceneService, class com.almasb.fxgl.minigames.MiniGameService, class com.almasb.fxgl.net.NetService, class com.almasb.fxgl.app.services.UpdaterService, class com.almasb.fxgl.dev.DevService]
18:54:25.366 [FXGL Background Thread 3 ] DEBUG Engine               - fontGame: Abel-Regular.ttf
18:54:25.366 [FXGL Background Thread 3 ] DEBUG Engine               - fontMono: lucida_console.ttf
18:54:25.366 [FXGL Background Thread 3 ] DEBUG Engine               - fontText: Courier-Prime.ttf
18:54:25.366 [FXGL Background Thread 3 ] DEBUG Engine               - fontUI: pong.ttf
18:54:25.366 [FXGL Background Thread 3 ] DEBUG Engine               - fullScreen: BooleanProperty [value: false]
18:54:25.366 [FXGL Background Thread 3 ] DEBUG Engine               - gameDifficulty: MEDIUM
18:54:25.366 [FXGL Background Thread 3 ] DEBUG Engine               - gameDifficultyProperty: ObjectProperty [value: MEDIUM]
18:54:25.366 [FXGL Background Thread 3 ] DEBUG Engine               - globalMusicVolume: 0.5
18:54:25.367 [FXGL Background Thread 3 ] DEBUG Engine               - globalMusicVolumeProperty: DoubleProperty [value: 0.5]
18:54:25.367 [FXGL Background Thread 3 ] DEBUG Engine               - globalSoundVolume: 0.5
18:54:25.367 [FXGL Background Thread 3 ] DEBUG Engine               - globalSoundVolumeProperty: DoubleProperty [value: 0.5]
18:54:25.367 [FXGL Background Thread 3 ] DEBUG Engine               - height: 600
18:54:25.367 [FXGL Background Thread 3 ] DEBUG Engine               - isAndroid: false
18:54:25.367 [FXGL Background Thread 3 ] DEBUG Engine               - isBrowser: false
18:54:25.367 [FXGL Background Thread 3 ] DEBUG Engine               - isClickFeedbackEnabled: false
18:54:25.367 [FXGL Background Thread 3 ] DEBUG Engine               - isCloseConfirmation: false
18:54:25.367 [FXGL Background Thread 3 ] DEBUG Engine               - isDesktop: true
18:54:25.367 [FXGL Background Thread 3 ] DEBUG Engine               - isDeveloperMenuEnabled: false
18:54:25.367 [FXGL Background Thread 3 ] DEBUG Engine               - isEntityPreloadEnabled: true
18:54:25.367 [FXGL Background Thread 3 ] DEBUG Engine               - isExperimentalNative: false
18:54:25.367 [FXGL Background Thread 3 ] DEBUG Engine               - isExperimentalTiledLargeMap: false
18:54:25.367 [FXGL Background Thread 3 ] DEBUG Engine               - isFileSystemWriteAllowed: true
18:54:25.367 [FXGL Background Thread 3 ] DEBUG Engine               - isFullScreenAllowed: false
18:54:25.367 [FXGL Background Thread 3 ] DEBUG Engine               - isFullScreenFromStart: false
18:54:25.367 [FXGL Background Thread 3 ] DEBUG Engine               - isGameMenuEnabled: true
18:54:25.368 [FXGL Background Thread 3 ] DEBUG Engine               - isIOS: false
18:54:25.368 [FXGL Background Thread 3 ] DEBUG Engine               - isIntroEnabled: false
18:54:25.368 [FXGL Background Thread 3 ] DEBUG Engine               - isLinux: false
18:54:25.368 [FXGL Background Thread 3 ] DEBUG Engine               - isMac: false
18:54:25.368 [FXGL Background Thread 3 ] DEBUG Engine               - isMainMenuEnabled: false
18:54:25.368 [FXGL Background Thread 3 ] DEBUG Engine               - isManualResizeEnabled: false
18:54:25.368 [FXGL Background Thread 3 ] DEBUG Engine               - isMobile: false
18:54:25.368 [FXGL Background Thread 3 ] DEBUG Engine               - isPreserveResizeRatio: false
18:54:25.368 [FXGL Background Thread 3 ] DEBUG Engine               - isProfilingEnabled: false
18:54:25.368 [FXGL Background Thread 3 ] DEBUG Engine               - isSingleStep: false
18:54:25.368 [FXGL Background Thread 3 ] DEBUG Engine               - isUserProfileEnabled: false
18:54:25.368 [FXGL Background Thread 3 ] DEBUG Engine               - isWindows: true
18:54:25.368 [FXGL Background Thread 3 ] DEBUG Engine               - language: ObjectProperty [value: ENGLISH]
18:54:25.368 [FXGL Background Thread 3 ] DEBUG Engine               - menuKey: ESCAPE
18:54:25.368 [FXGL Background Thread 3 ] DEBUG Engine               - notificationViewClass: class com.almasb.fxgl.notification.view.XboxNotificationView
18:54:25.368 [FXGL Background Thread 3 ] DEBUG Engine               - pixelsPerMeter: 50.0
18:54:25.368 [FXGL Background Thread 3 ] DEBUG Engine               - platform: WINDOWS
18:54:25.368 [FXGL Background Thread 3 ] DEBUG Engine               - profileDir: profiles/
18:54:25.369 [FXGL Background Thread 3 ] DEBUG Engine               - profileName: StringProperty [value: DEFAULT]
18:54:25.369 [FXGL Background Thread 3 ] DEBUG Engine               - randomSeed: -1
18:54:25.369 [FXGL Background Thread 3 ] DEBUG Engine               - runtimeInfo: RuntimeInfo(platform=WINDOWS, version=11.11, build=08.09.2020 18.00)
18:54:25.369 [FXGL Background Thread 3 ] DEBUG Engine               - saveFileExt: sav
18:54:25.369 [FXGL Background Thread 3 ] DEBUG Engine               - sceneFactory: com.almasb.fxgl.app.scene.SceneFactory@484a111
18:54:25.369 [FXGL Background Thread 3 ] DEBUG Engine               - secondsIn24h: 60
18:54:25.369 [FXGL Background Thread 3 ] DEBUG Engine               - soundMenuBack: menu/back.wav
18:54:25.369 [FXGL Background Thread 3 ] DEBUG Engine               - soundMenuPress: menu/press.wav
18:54:25.369 [FXGL Background Thread 3 ] DEBUG Engine               - soundMenuSelect: menu/select.wav
18:54:25.369 [FXGL Background Thread 3 ] DEBUG Engine               - soundNotification: core/notification.wav
18:54:25.369 [FXGL Background Thread 3 ] DEBUG Engine               - stageStyle: DECORATED
18:54:25.369 [FXGL Background Thread 3 ] DEBUG Engine               - supportedLanguages: [ENGLISH, FRENCH, GERMAN, HUNGARIAN, RUSSIAN]
18:54:25.369 [FXGL Background Thread 3 ] DEBUG Engine               - title: Pong
18:54:25.369 [FXGL Background Thread 3 ] DEBUG Engine               - urlGithub: https://github.com/AlmasB/FXGL
18:54:25.369 [FXGL Background Thread 3 ] DEBUG Engine               - urlLeaderboard: http://fxgl-top.herokuapp.com/
18:54:25.369 [FXGL Background Thread 3 ] DEBUG Engine               - urlPOM: https://raw.githubusercontent.com/AlmasB/FXGL/master/pom.xml
18:54:25.369 [FXGL Background Thread 3 ] DEBUG Engine               - version: 1.0
18:54:25.369 [FXGL Background Thread 3 ] DEBUG Engine               - versionCheckDays: 7
18:54:25.369 [FXGL Background Thread 3 ] DEBUG Engine               - width: 800
18:54:25.369 [FXGL Background Thread 3 ] DEBUG Engine               - Logging services
18:54:25.369 [FXGL Background Thread 3 ] DEBUG Engine               - class com.almasb.fxgl.app.FXGLApplication$GameApplicationService
18:54:25.369 [FXGL Background Thread 3 ] DEBUG Engine               - class com.almasb.fxgl.app.services.FXGLDialogService
18:54:25.369 [FXGL Background Thread 3 ] DEBUG Engine               - class com.almasb.fxgl.app.services.IOTaskExecutorService
18:54:25.370 [FXGL Background Thread 3 ] DEBUG Engine               - class com.almasb.fxgl.event.EventBusService
18:54:25.370 [FXGL Background Thread 3 ] DEBUG Engine               - class com.almasb.fxgl.io.FileSystemService
18:54:25.370 [FXGL Background Thread 3 ] DEBUG Engine               - class com.almasb.fxgl.localization.LocalizationService
18:54:25.370 [FXGL Background Thread 3 ] DEBUG Engine               - class com.almasb.fxgl.app.services.FXGLAssetLoaderService
18:54:25.370 [FXGL Background Thread 3 ] DEBUG Engine               - class com.almasb.fxgl.app.services.SystemBundleService
18:54:25.370 [FXGL Background Thread 3 ] DEBUG Engine               - class com.almasb.fxgl.profile.SaveLoadService
18:54:25.370 [FXGL Background Thread 3 ] DEBUG Engine               - class com.almasb.fxgl.ui.FXGLUIFactoryServiceProvider
18:54:25.370 [FXGL Background Thread 3 ] DEBUG Engine               - class com.almasb.fxgl.ui.FXGLDialogFactoryServiceProvider
18:54:25.370 [FXGL Background Thread 3 ] DEBUG Engine               - class com.almasb.fxgl.audio.AudioPlayer
18:54:25.370 [FXGL Background Thread 3 ] DEBUG Engine               - class com.almasb.fxgl.notification.impl.NotificationServiceProvider
18:54:25.370 [FXGL Background Thread 3 ] DEBUG Engine               - class com.almasb.fxgl.achievement.AchievementService
18:54:25.370 [FXGL Background Thread 3 ] DEBUG Engine               - class com.almasb.fxgl.cutscene.CutsceneService
18:54:25.370 [FXGL Background Thread 3 ] DEBUG Engine               - class com.almasb.fxgl.minigames.MiniGameService
18:54:25.370 [FXGL Background Thread 3 ] DEBUG Engine               - class com.almasb.fxgl.net.NetService
18:54:25.370 [FXGL Background Thread 3 ] DEBUG Engine               - class com.almasb.fxgl.app.services.UpdaterService
18:54:25.370 [FXGL Background Thread 3 ] DEBUG Engine               - class com.almasb.fxgl.dev.DevService
18:54:29.080 [Thread-4                 ] DEBUG Endpoint             - TCPServer opening new connection (1) from /127.0.0.1:55970 type: class java.lang.String
18:54:29.081 [Thread-4                 ] DEBUG Endpoint             - TCPServer successfully opened connection (1)
18:54:29.083 [TCPServer_SendThread-1   ] DEBUG Writers              - Getting TCPMessageWriter for class java.lang.String
18:54:29.083 [TCPServer_SendThread-1   ] DEBUG Writers              - Constructed TCPMessageWriter for class java.lang.String: MessageWriterS
18:54:29.084 [TCPServer_RecvThread-1   ] DEBUG Readers              - Getting TCPMessageReader for class java.lang.String
18:54:29.085 [TCPServer_RecvThread-1   ] DEBUG Readers              - Constructed MessageReader for class java.lang.String: MessageReaderS
18:54:46.369 [JavaFX Application Thread] DEBUG Menu                 - fireResume()
18:54:46.370 [JavaFX Application Thread] DEBUG MainWindow           - Pop state: FXGLDefaultMenu
18:54:46.370 [JavaFX Application Thread] DEBUG Input                - Clearing active input actions
18:54:46.371 [JavaFX Application Thread] DEBUG GameApplicationServi - Removing overlay from FXGLDefaultMenu and adding to GameScene
18:54:46.371 [JavaFX Application Thread] DEBUG MainWindow           - GameScene <- FXGLDefaultMenu
18:54:53.164 [JavaFX Application Thread] DEBUG Input                - Mocking key press: W
18:54:53.465 [JavaFX Application Thread] DEBUG Input                - Mocking key release: W
18:54:55.746 [JavaFX Application Thread] DEBUG Input                - Mocking key press: K
18:54:55.931 [JavaFX Application Thread] DEBUG Input                - Mocking key release: K
18:54:56.331 [JavaFX Application Thread] DEBUG Input                - Mocking key press: I
18:54:56.666 [JavaFX Application Thread] DEBUG Input                - Mocking key release: I
18:54:56.812 [JavaFX Application Thread] DEBUG Input                - Mocking key press: K
18:54:57.048 [JavaFX Application Thread] DEBUG Input                - Mocking key release: K
18:54:57.646 [JavaFX Application Thread] DEBUG Input                - Mocking key press: W
18:54:57.877 [JavaFX Application Thread] DEBUG Input                - Mocking key release: W
18:54:58.598 [JavaFX Application Thread] DEBUG Input                - Mocking key press: I
18:54:58.779 [JavaFX Application Thread] DEBUG Input                - Mocking key release: I
18:54:59.364 [JavaFX Application Thread] DEBUG Input                - Mocking key press: K
18:54:59.631 [JavaFX Application Thread] DEBUG Input                - Mocking key release: K
18:54:59.859 [JavaFX Application Thread] DEBUG Input                - Mocking key press: S
18:55:00.313 [JavaFX Application Thread] DEBUG Input                - Mocking key release: S
18:55:00.659 [JavaFX Application Thread] DEBUG Input                - Mocking key press: S
18:55:01.031 [JavaFX Application Thread] DEBUG Input                - Mocking key release: S
18:55:01.382 [JavaFX Application Thread] DEBUG Input                - Mocking key press: K
18:55:01.525 [JavaFX Application Thread] DEBUG Input                - Mocking key release: K
18:55:02.199 [JavaFX Application Thread] DEBUG Input                - Mocking key press: W
18:55:02.517 [JavaFX Application Thread] DEBUG Input                - Mocking key release: W
18:55:03.040 [JavaFX Application Thread] DEBUG Input                - Mocking key press: W
18:55:03.113 [JavaFX Application Thread] DEBUG Input                - Mocking key press: I
18:55:03.113 [JavaFX Application Thread] DEBUG Input                - Mocking key release: W
18:55:03.431 [JavaFX Application Thread] DEBUG Input                - Mocking key release: I
18:55:03.637 [JavaFX Application Thread] DEBUG Input                - Mocking key press: I
18:55:03.712 [JavaFX Application Thread] DEBUG Input                - Mocking key release: I
18:55:10.467 [JavaFX Application Thread] DEBUG Input                - Mocking key press: S
18:55:10.579 [JavaFX Application Thread] DEBUG Input                - Mocking key release: S
18:55:10.701 [JavaFX Application Thread] DEBUG Input                - Mocking key press: W
18:55:10.884 [JavaFX Application Thread] DEBUG Input                - Mocking key release: W
18:55:11.398 [JavaFX Application Thread] DEBUG Input                - Mocking key press: W
18:55:11.547 [JavaFX Application Thread] DEBUG Input                - Mocking key release: W
18:55:11.802 [JavaFX Application Thread] DEBUG Input                - Mocking key press: S
18:55:12.079 [JavaFX Application Thread] DEBUG Input                - Mocking key release: S
18:55:17.154 [JavaFX Application Thread] DEBUG Input                - Mocking key press: W
18:55:17.279 [JavaFX Application Thread] DEBUG Input                - Mocking key release: W
18:55:20.854 [JavaFX Application Thread] DEBUG Input                - Mocking key press: S
18:55:21.547 [JavaFX Application Thread] DEBUG Input                - Mocking key release: S
18:55:22.770 [JavaFX Application Thread] DEBUG Input                - Mocking key press: L
18:55:23.201 [JavaFX Application Thread] DEBUG Input                - Mocking key release: L
18:55:29.365 [JavaFX Application Thread] DEBUG Input                - Mocking key press: J
18:55:29.618 [JavaFX Application Thread] DEBUG Input                - Mocking key release: J
18:55:30.821 [JavaFX Application Thread] DEBUG Input                - Mocking key press: I
18:55:31.093 [JavaFX Application Thread] DEBUG Input                - Mocking key release: I
18:55:33.066 [JavaFX Application Thread] DEBUG Input                - Mocking key press: W
18:55:33.408 [JavaFX Application Thread] DEBUG Input                - Mocking key release: W
18:55:33.647 [JavaFX Application Thread] DEBUG Input                - Mocking key press: K
18:55:33.901 [JavaFX Application Thread] DEBUG Input                - Mocking key release: K
18:55:34.285 [JavaFX Application Thread] DEBUG Input                - Mocking key press: W
18:55:34.380 [JavaFX Application Thread] DEBUG Input                - Mocking key release: W
18:55:34.755 [JavaFX Application Thread] DEBUG Input                - Mocking key press: W
18:55:34.865 [JavaFX Application Thread] DEBUG Input                - Mocking key release: W
18:55:35.485 [JavaFX Application Thread] DEBUG Input                - Mocking key press: K
18:55:35.587 [JavaFX Application Thread] DEBUG Input                - Mocking key release: K
18:55:36.482 [JavaFX Application Thread] DEBUG Input                - Mocking key press: I
18:55:36.532 [JavaFX Application Thread] DEBUG Input                - Mocking key release: I
18:55:45.531 [JavaFX Application Thread] DEBUG FXGLApplication      - Exiting FXGL
18:55:45.532 [JavaFX Application Thread] DEBUG LoopRunner           - Stopping loop
18:55:45.532 [JavaFX Application Thread] DEBUG SystemBundleService  - Saving FXGL system data
18:55:45.533 [JavaFX Application Thread] DEBUG FileSystemAccess     - Writing to: C:\Users\ellio\Documents\CI628\CI628-PongServer-master\system\fxgl.bundle
18:55:45.534 [JavaFX Application Thread] DEBUG Async                - Shutting down background threads
18:55:45.534 [JavaFX Application Thread] DEBUG MainWindow           - Closing main window
18:55:45.542 [JavaFX Application Thread] DEBUG Logger               - Closing Logger
