18:57:03.714 [main                     ] DEBUG Logger               - Configured Logger
18:57:03.717 [main                     ] DEBUG GameApplication      - Logging settings
Title: Pong
Version: 1.0
Width: 800
Height: 600
Fullscreen: false
Intro: false
Profiling: false
Single step:false
App Mode: DEBUG
Menu Key: ESCAPE
Stage Style: DECORATED
Scene Factory: class com.almasb.fxgl.app.scene.SceneFactory

18:57:04.000 [JavaFX Application Thread] DEBUG FXGLApplication      - Initializing FXGL
18:57:04.003 [JavaFX Application Thread] INFO  Engine               - FXGL-11.11 (08.09.2020 18.00) on WINDOWS (J:17.0.5 FX:14)
18:57:04.003 [JavaFX Application Thread] DEBUG Engine               - JRE Vendor Name: Amazon.com Inc.
18:57:04.003 [JavaFX Application Thread] DEBUG Engine               - Running on OS: Windows 11 version 10.0
18:57:04.003 [JavaFX Application Thread] DEBUG Engine               - Architecture: amd64
18:57:04.003 [JavaFX Application Thread] INFO  Engine               - Source code and latest versions at: https://github.com/AlmasB/FXGL
18:57:04.003 [JavaFX Application Thread] INFO  Engine               -              Join the FXGL chat at: https://gitter.im/AlmasB/FXGL
18:57:04.054 [JavaFX Application Thread] DEBUG MainWindow           - Creating a JavaFX scene
18:57:04.081 [JavaFX Application Thread] DEBUG MainWindow           - Target settings size: 800.0 x 600.0
18:57:04.081 [JavaFX Application Thread] DEBUG MainWindow           - Scaled scene size:    800.0 x 600.0
18:57:04.081 [JavaFX Application Thread] DEBUG MainWindow           - Scaled ratio: (1.0, 1.0)
18:57:04.082 [JavaFX Application Thread] DEBUG MainWindow           - Set initial scene to StartupScene
18:57:04.085 [JavaFX Application Thread] DEBUG MainWindow           - Opening main window
18:57:04.137 [JavaFX Application Thread] DEBUG MainWindow           - Window border size: (16.0, 39.0)
18:57:04.137 [JavaFX Application Thread] DEBUG MainWindow           - Scaled size: 800.0 x 600.0
18:57:04.137 [JavaFX Application Thread] DEBUG MainWindow           - Scaled ratio: (1.0, 1.0)
18:57:04.137 [JavaFX Application Thread] DEBUG MainWindow           - Scene size: 800.0 x 600.0
18:57:04.137 [JavaFX Application Thread] DEBUG MainWindow           - Stage size: 816.0 x 639.0
18:57:04.141 [FXGL Background Thread 1 ] DEBUG Engine               - Initializing environment variables
18:57:04.154 [FXGL Background Thread 1 ] DEBUG GameApplicationServi - Applying CSS: fxgl_dark.css
18:57:04.154 [FXGL Background Thread 1 ] DEBUG FXGLAssetLoaderServi - Loading from file system: /assets/ui/css/fxgl_dark.css
18:57:04.177 [FXGL Background Thread 1 ] DEBUG GameApplicationServi - Initializing application scenes
18:57:04.201 [FXGL Background Thread 1 ] DEBUG GameWorld            - Game world initialized
18:57:04.233 [FXGL Background Thread 1 ] DEBUG PhysicsWorld         - Physics world initialized: appHeight=600, physics.ppm=50.0
18:57:04.234 [FXGL Background Thread 1 ] DEBUG GameScene            - Game scene initialized: 800x600
18:57:04.250 [FXGL Background Thread 1 ] DEBUG FXGLAssetLoaderServi - Loading from file system: /assets/textures/particles/trace_horizontal.png
18:57:04.277 [FXGL Background Thread 1 ] DEBUG FXGL.DefaultMenu     - createMenuBodyGameMenu()
18:57:04.287 [FXGL Background Thread 1 ] DEBUG FXGL.DefaultMenu     - createOptionsMenu()
18:57:04.289 [FXGL Background Thread 1 ] DEBUG FXGLAssetLoaderServi - Loading from file system: /assets/textures/particles/smoke.png
18:57:04.321 [FXGL Background Thread 1 ] DEBUG GameApplicationServi - Application scenes initialized
18:57:04.328 [FXGL Background Thread 1 ] DEBUG SystemBundleService  - Loading FXGL system data
18:57:04.331 [FXGL Background Thread 1 ] DEBUG FileSystemAccess     - Reading from: C:\Users\ellio\Documents\CI628\CI628-PongServer-master\system\fxgl.bundle
18:57:04.334 [FXGL Background Thread 1 ] DEBUG SystemBundleService  - Bundle FXGL: {}
18:57:04.335 [FXGL Background Thread 1 ] DEBUG UpdaterService       - Checking for updates
18:57:04.337 [FXGL Background Thread 4 ] DEBUG FXGLApplication      - Loading fonts
18:57:04.337 [FXGL Background Thread 4 ] DEBUG FXGLAssetLoaderServi - Loading from file system: /assets/ui/fonts/pong.ttf
18:57:04.337 [FXGL Background Thread 1 ] DEBUG FXGLApplication      - Loading default localization
18:57:04.337 [FXGL Background Thread 1 ] DEBUG FXGLAssetLoaderServi - Loading from file system: /assets/languages/english.lang
18:57:04.348 [FXGL Background Thread 1 ] INFO  FXGLApplication      - FXGL initialization took: 0.207 sec
18:57:04.353 [JavaFX Application Thread] DEBUG Input                - Registered new binding: Up1 - W
18:57:04.353 [JavaFX Application Thread] DEBUG Input                - Registered new binding: Down1 - S
18:57:04.353 [JavaFX Application Thread] DEBUG Input                - Registered new binding: Right1 - D
18:57:04.353 [JavaFX Application Thread] DEBUG Input                - Registered new binding: Left1 - A
18:57:04.353 [JavaFX Application Thread] DEBUG Input                - Registered new binding: Up2 - I
18:57:04.353 [JavaFX Application Thread] DEBUG Input                - Registered new binding: Down2 - K
18:57:04.353 [JavaFX Application Thread] DEBUG Input                - Registered new binding: Right2 - L
18:57:04.353 [JavaFX Application Thread] DEBUG Input                - Registered new binding: Left2 - J
18:57:04.353 [JavaFX Application Thread] DEBUG FXGLAssetLoaderServi - Loading from file system: /assets/textures/fxgl_icon.png
18:57:04.367 [JavaFX Application Thread] DEBUG FXGLAssetLoaderServi - Loading from file system: /assets/ui/cursors/fxgl_default.png
18:57:04.369 [JavaFX Application Thread] DEBUG Input                - Registered new binding: Screenshot - P
18:57:04.369 [JavaFX Application Thread] DEBUG Input                - Registered new binding: System info dump - CTRL+9
18:57:04.369 [JavaFX Application Thread] DEBUG Input                - Registered new binding: Restart - CTRL+R
18:57:04.370 [JavaFX Application Thread] DEBUG Input                - Registered new binding: Toggle Debug Camera - CTRL+C
18:57:04.370 [FXGL Background Thread 4 ] DEBUG FXGLAssetLoaderServi - Loading from file system: /assets/ui/fonts/Abel-Regular.ttf
18:57:04.371 [JavaFX Application Thread] DEBUG LoopRunner           - Starting loop
18:57:04.371 [JavaFX Application Thread] DEBUG GameApplicationServi - Starting new game
18:57:04.372 [JavaFX Application Thread] DEBUG Input                - Clearing active input actions
18:57:04.373 [FXGL Background Thread 4 ] DEBUG FXGLAssetLoaderServi - Loading from file system: /assets/ui/fonts/lucida_console.ttf
18:57:04.375 [FXGL Background Thread 4 ] DEBUG FXGLAssetLoaderServi - Loading from file system: /assets/ui/fonts/Courier-Prime.ttf
18:57:04.380 [JavaFX Application Thread] DEBUG GameApplicationServi - Removing overlay from StartupScene and adding to FXGLLoadingScene
18:57:04.381 [JavaFX Application Thread] DEBUG MainWindow           - StartupScene -> FXGLLoadingScene
18:57:04.381 [JavaFX Application Thread] DEBUG GameApplicationServi - Clearing previous game
18:57:04.381 [JavaFX Application Thread] DEBUG GameScene            - Clearing game scene
18:57:04.381 [JavaFX Application Thread] DEBUG GameWorld            - Clearing game world
18:57:04.381 [JavaFX Application Thread] DEBUG PhysicsWorld         - Clearing physics world
18:57:04.383 [FXGL Background Thread 4 ] DEBUG FXGLApplication      - Initializing game
18:57:04.412 [JavaFX Application Thread] DEBUG FXGLApplication      - Registering font factories with UI factory
18:57:04.422 [FXGL Background Thread 4 ] DEBUG FXGLAssetLoaderServi - Loading from file system: /assets/ui/main.fxml
18:57:04.423 [Thread-4                 ] DEBUG TCPServer            - Starting to listen at: 55555 type: class java.lang.String
18:57:04.481 [FXGL Background Thread 4 ] INFO  FXGLApplication      - Game initialization took: 0.098 sec
18:57:04.485 [JavaFX Application Thread] DEBUG Input                - Clearing active input actions
18:57:04.491 [JavaFX Application Thread] DEBUG GameApplicationServi - Removing overlay from FXGLLoadingScene and adding to GameScene
18:57:04.491 [JavaFX Application Thread] DEBUG MainWindow           - FXGLLoadingScene -> GameScene
18:57:04.781 [FXGL Background Thread 2 ] INFO  UpdaterService       - Your current version:  11.11
18:57:04.781 [FXGL Background Thread 2 ] INFO  UpdaterService       - Latest stable version: 17+dev-SNAPSHOT
18:57:06.821 [JavaFX Application Thread] DEBUG MainWindow           - Push state: FXGLDefaultMenu
18:57:06.823 [JavaFX Application Thread] DEBUG Input                - Clearing active input actions
18:57:06.824 [JavaFX Application Thread] DEBUG GameApplicationServi - Removing overlay from GameScene and adding to FXGLDefaultMenu
18:57:06.824 [JavaFX Application Thread] DEBUG MainWindow           - GameScene -> FXGLDefaultMenu
18:57:07.337 [FXGL Background Thread 3 ] DEBUG Engine               - Logging environment variables
18:57:07.337 [FXGL Background Thread 3 ] DEBUG Engine               - achievements: []
18:57:07.337 [FXGL Background Thread 3 ] DEBUG Engine               - appIcon: fxgl_icon.png
18:57:07.337 [FXGL Background Thread 3 ] DEBUG Engine               - applicationMode: DEBUG
18:57:07.337 [FXGL Background Thread 3 ] DEBUG Engine               - cSSList: [fxgl_dark.css]
18:57:07.337 [FXGL Background Thread 3 ] DEBUG Engine               - configClass: Optional.empty
18:57:07.337 [FXGL Background Thread 3 ] DEBUG Engine               - credits: []
18:57:07.337 [FXGL Background Thread 3 ] DEBUG Engine               - devBBoxColorProperty: ObjectProperty [value: 0xff0000ff]
18:57:07.337 [FXGL Background Thread 3 ] DEBUG Engine               - devEnableDebugCameraProperty: BooleanProperty [value: false]
18:57:07.338 [FXGL Background Thread 3 ] DEBUG Engine               - devSensorColorProperty: ObjectProperty [value: 0xffff00ff]
18:57:07.338 [FXGL Background Thread 3 ] DEBUG Engine               - devShowBBoxProperty: BooleanProperty [value: false]
18:57:07.338 [FXGL Background Thread 3 ] DEBUG Engine               - devShowPositionProperty: BooleanProperty [value: false]
18:57:07.338 [FXGL Background Thread 3 ] DEBUG Engine               - enabledMenuItems: []
18:57:07.338 [FXGL Background Thread 3 ] DEBUG Engine               - engineServices: [class com.almasb.fxgl.app.FXGLApplication$GameApplicationService, class com.almasb.fxgl.app.services.FXGLDialogService, class com.almasb.fxgl.app.services.IOTaskExecutorService, class com.almasb.fxgl.event.EventBusService, class com.almasb.fxgl.io.FileSystemService, class com.almasb.fxgl.localization.LocalizationService, class com.almasb.fxgl.app.services.FXGLAssetLoaderService, class com.almasb.fxgl.app.services.SystemBundleService, class com.almasb.fxgl.profile.SaveLoadService, class com.almasb.fxgl.ui.FXGLUIFactoryServiceProvider, class com.almasb.fxgl.ui.FXGLDialogFactoryServiceProvider, class com.almasb.fxgl.audio.AudioPlayer, class com.almasb.fxgl.notification.impl.NotificationServiceProvider, class com.almasb.fxgl.achievement.AchievementService, class com.almasb.fxgl.cutscene.CutsceneService, class com.almasb.fxgl.minigames.MiniGameService, class com.almasb.fxgl.net.NetService, class com.almasb.fxgl.app.services.UpdaterService, class com.almasb.fxgl.dev.DevService]
18:57:07.338 [FXGL Background Thread 3 ] DEBUG Engine               - fontGame: Abel-Regular.ttf
18:57:07.338 [FXGL Background Thread 3 ] DEBUG Engine               - fontMono: lucida_console.ttf
18:57:07.338 [FXGL Background Thread 3 ] DEBUG Engine               - fontText: Courier-Prime.ttf
18:57:07.338 [FXGL Background Thread 3 ] DEBUG Engine               - fontUI: pong.ttf
18:57:07.338 [FXGL Background Thread 3 ] DEBUG Engine               - fullScreen: BooleanProperty [value: false]
18:57:07.338 [FXGL Background Thread 3 ] DEBUG Engine               - gameDifficulty: MEDIUM
18:57:07.338 [FXGL Background Thread 3 ] DEBUG Engine               - gameDifficultyProperty: ObjectProperty [value: MEDIUM]
18:57:07.338 [FXGL Background Thread 3 ] DEBUG Engine               - globalMusicVolume: 0.5
18:57:07.338 [FXGL Background Thread 3 ] DEBUG Engine               - globalMusicVolumeProperty: DoubleProperty [value: 0.5]
18:57:07.338 [FXGL Background Thread 3 ] DEBUG Engine               - globalSoundVolume: 0.5
18:57:07.338 [FXGL Background Thread 3 ] DEBUG Engine               - globalSoundVolumeProperty: DoubleProperty [value: 0.5]
18:57:07.338 [FXGL Background Thread 3 ] DEBUG Engine               - height: 600
18:57:07.339 [FXGL Background Thread 3 ] DEBUG Engine               - isAndroid: false
18:57:07.339 [FXGL Background Thread 3 ] DEBUG Engine               - isBrowser: false
18:57:07.339 [FXGL Background Thread 3 ] DEBUG Engine               - isClickFeedbackEnabled: false
18:57:07.339 [FXGL Background Thread 3 ] DEBUG Engine               - isCloseConfirmation: false
18:57:07.339 [FXGL Background Thread 3 ] DEBUG Engine               - isDesktop: true
18:57:07.339 [FXGL Background Thread 3 ] DEBUG Engine               - isDeveloperMenuEnabled: false
18:57:07.339 [FXGL Background Thread 3 ] DEBUG Engine               - isEntityPreloadEnabled: true
18:57:07.339 [FXGL Background Thread 3 ] DEBUG Engine               - isExperimentalNative: false
18:57:07.339 [FXGL Background Thread 3 ] DEBUG Engine               - isExperimentalTiledLargeMap: false
18:57:07.339 [FXGL Background Thread 3 ] DEBUG Engine               - isFileSystemWriteAllowed: true
18:57:07.339 [FXGL Background Thread 3 ] DEBUG Engine               - isFullScreenAllowed: false
18:57:07.339 [FXGL Background Thread 3 ] DEBUG Engine               - isFullScreenFromStart: false
18:57:07.339 [FXGL Background Thread 3 ] DEBUG Engine               - isGameMenuEnabled: true
18:57:07.339 [FXGL Background Thread 3 ] DEBUG Engine               - isIOS: false
18:57:07.339 [FXGL Background Thread 3 ] DEBUG Engine               - isIntroEnabled: false
18:57:07.339 [FXGL Background Thread 3 ] DEBUG Engine               - isLinux: false
18:57:07.339 [FXGL Background Thread 3 ] DEBUG Engine               - isMac: false
18:57:07.339 [FXGL Background Thread 3 ] DEBUG Engine               - isMainMenuEnabled: false
18:57:07.339 [FXGL Background Thread 3 ] DEBUG Engine               - isManualResizeEnabled: false
18:57:07.339 [FXGL Background Thread 3 ] DEBUG Engine               - isMobile: false
18:57:07.339 [FXGL Background Thread 3 ] DEBUG Engine               - isPreserveResizeRatio: false
18:57:07.340 [FXGL Background Thread 3 ] DEBUG Engine               - isProfilingEnabled: false
18:57:07.340 [FXGL Background Thread 3 ] DEBUG Engine               - isSingleStep: false
18:57:07.340 [FXGL Background Thread 3 ] DEBUG Engine               - isUserProfileEnabled: false
18:57:07.340 [FXGL Background Thread 3 ] DEBUG Engine               - isWindows: true
18:57:07.340 [FXGL Background Thread 3 ] DEBUG Engine               - language: ObjectProperty [value: ENGLISH]
18:57:07.340 [FXGL Background Thread 3 ] DEBUG Engine               - menuKey: ESCAPE
18:57:07.340 [FXGL Background Thread 3 ] DEBUG Engine               - notificationViewClass: class com.almasb.fxgl.notification.view.XboxNotificationView
18:57:07.340 [FXGL Background Thread 3 ] DEBUG Engine               - pixelsPerMeter: 50.0
18:57:07.340 [FXGL Background Thread 3 ] DEBUG Engine               - platform: WINDOWS
18:57:07.340 [FXGL Background Thread 3 ] DEBUG Engine               - profileDir: profiles/
18:57:07.340 [FXGL Background Thread 3 ] DEBUG Engine               - profileName: StringProperty [value: DEFAULT]
18:57:07.340 [FXGL Background Thread 3 ] DEBUG Engine               - randomSeed: -1
18:57:07.340 [FXGL Background Thread 3 ] DEBUG Engine               - runtimeInfo: RuntimeInfo(platform=WINDOWS, version=11.11, build=08.09.2020 18.00)
18:57:07.340 [FXGL Background Thread 3 ] DEBUG Engine               - saveFileExt: sav
18:57:07.340 [FXGL Background Thread 3 ] DEBUG Engine               - sceneFactory: com.almasb.fxgl.app.scene.SceneFactory@92effff
18:57:07.340 [FXGL Background Thread 3 ] DEBUG Engine               - secondsIn24h: 60
18:57:07.340 [FXGL Background Thread 3 ] DEBUG Engine               - soundMenuBack: menu/back.wav
18:57:07.340 [FXGL Background Thread 3 ] DEBUG Engine               - soundMenuPress: menu/press.wav
18:57:07.340 [FXGL Background Thread 3 ] DEBUG Engine               - soundMenuSelect: menu/select.wav
18:57:07.340 [FXGL Background Thread 3 ] DEBUG Engine               - soundNotification: core/notification.wav
18:57:07.340 [FXGL Background Thread 3 ] DEBUG Engine               - stageStyle: DECORATED
18:57:07.340 [FXGL Background Thread 3 ] DEBUG Engine               - supportedLanguages: [ENGLISH, FRENCH, GERMAN, HUNGARIAN, RUSSIAN]
18:57:07.341 [FXGL Background Thread 3 ] DEBUG Engine               - title: Pong
18:57:07.341 [FXGL Background Thread 3 ] DEBUG Engine               - urlGithub: https://github.com/AlmasB/FXGL
18:57:07.341 [FXGL Background Thread 3 ] DEBUG Engine               - urlLeaderboard: http://fxgl-top.herokuapp.com/
18:57:07.341 [FXGL Background Thread 3 ] DEBUG Engine               - urlPOM: https://raw.githubusercontent.com/AlmasB/FXGL/master/pom.xml
18:57:07.341 [FXGL Background Thread 3 ] DEBUG Engine               - version: 1.0
18:57:07.341 [FXGL Background Thread 3 ] DEBUG Engine               - versionCheckDays: 7
18:57:07.341 [FXGL Background Thread 3 ] DEBUG Engine               - width: 800
18:57:07.341 [FXGL Background Thread 3 ] DEBUG Engine               - Logging services
18:57:07.341 [FXGL Background Thread 3 ] DEBUG Engine               - class com.almasb.fxgl.app.FXGLApplication$GameApplicationService
18:57:07.341 [FXGL Background Thread 3 ] DEBUG Engine               - class com.almasb.fxgl.app.services.FXGLDialogService
18:57:07.341 [FXGL Background Thread 3 ] DEBUG Engine               - class com.almasb.fxgl.app.services.IOTaskExecutorService
18:57:07.341 [FXGL Background Thread 3 ] DEBUG Engine               - class com.almasb.fxgl.event.EventBusService
18:57:07.341 [FXGL Background Thread 3 ] DEBUG Engine               - class com.almasb.fxgl.io.FileSystemService
18:57:07.341 [FXGL Background Thread 3 ] DEBUG Engine               - class com.almasb.fxgl.localization.LocalizationService
18:57:07.341 [FXGL Background Thread 3 ] DEBUG Engine               - class com.almasb.fxgl.app.services.FXGLAssetLoaderService
18:57:07.341 [FXGL Background Thread 3 ] DEBUG Engine               - class com.almasb.fxgl.app.services.SystemBundleService
18:57:07.341 [FXGL Background Thread 3 ] DEBUG Engine               - class com.almasb.fxgl.profile.SaveLoadService
18:57:07.341 [FXGL Background Thread 3 ] DEBUG Engine               - class com.almasb.fxgl.ui.FXGLUIFactoryServiceProvider
18:57:07.341 [FXGL Background Thread 3 ] DEBUG Engine               - class com.almasb.fxgl.ui.FXGLDialogFactoryServiceProvider
18:57:07.341 [FXGL Background Thread 3 ] DEBUG Engine               - class com.almasb.fxgl.audio.AudioPlayer
18:57:07.341 [FXGL Background Thread 3 ] DEBUG Engine               - class com.almasb.fxgl.notification.impl.NotificationServiceProvider
18:57:07.341 [FXGL Background Thread 3 ] DEBUG Engine               - class com.almasb.fxgl.achievement.AchievementService
18:57:07.341 [FXGL Background Thread 3 ] DEBUG Engine               - class com.almasb.fxgl.cutscene.CutsceneService
18:57:07.341 [FXGL Background Thread 3 ] DEBUG Engine               - class com.almasb.fxgl.minigames.MiniGameService
18:57:07.341 [FXGL Background Thread 3 ] DEBUG Engine               - class com.almasb.fxgl.net.NetService
18:57:07.341 [FXGL Background Thread 3 ] DEBUG Engine               - class com.almasb.fxgl.app.services.UpdaterService
18:57:07.341 [FXGL Background Thread 3 ] DEBUG Engine               - class com.almasb.fxgl.dev.DevService
18:57:12.130 [Thread-4                 ] DEBUG Endpoint             - TCPServer opening new connection (1) from /127.0.0.1:56010 type: class java.lang.String
18:57:12.130 [Thread-4                 ] DEBUG Endpoint             - TCPServer successfully opened connection (1)
18:57:12.131 [TCPServer_SendThread-1   ] DEBUG Writers              - Getting TCPMessageWriter for class java.lang.String
18:57:12.132 [TCPServer_SendThread-1   ] DEBUG Writers              - Constructed TCPMessageWriter for class java.lang.String: MessageWriterS
18:57:12.132 [TCPServer_RecvThread-1   ] DEBUG Readers              - Getting TCPMessageReader for class java.lang.String
18:57:12.133 [TCPServer_RecvThread-1   ] DEBUG Readers              - Constructed MessageReader for class java.lang.String: MessageReaderS
18:57:20.737 [JavaFX Application Thread] DEBUG Menu                 - fireResume()
18:57:20.737 [JavaFX Application Thread] DEBUG MainWindow           - Pop state: FXGLDefaultMenu
18:57:20.738 [JavaFX Application Thread] DEBUG Input                - Clearing active input actions
18:57:20.739 [JavaFX Application Thread] DEBUG GameApplicationServi - Removing overlay from FXGLDefaultMenu and adding to GameScene
18:57:20.739 [JavaFX Application Thread] DEBUG MainWindow           - GameScene <- FXGLDefaultMenu
18:57:37.906 [JavaFX Application Thread] DEBUG Input                - Mocking key press: S
18:57:38.084 [JavaFX Application Thread] DEBUG Input                - Mocking key release: S
18:57:38.248 [JavaFX Application Thread] DEBUG Input                - Mocking key press: S
18:57:38.373 [JavaFX Application Thread] DEBUG Input                - Mocking key release: S
18:57:38.483 [JavaFX Application Thread] DEBUG Input                - Mocking key press: A
18:57:38.534 [JavaFX Application Thread] DEBUG Input                - Mocking key release: A
18:57:44.198 [JavaFX Application Thread] DEBUG Input                - Mocking key press: W
18:57:44.531 [JavaFX Application Thread] DEBUG Input                - Mocking key release: W
18:57:45.910 [JavaFX Application Thread] DEBUG Input                - Mocking key press: L
18:57:46.200 [JavaFX Application Thread] DEBUG Input                - Mocking key release: L
18:57:46.467 [JavaFX Application Thread] DEBUG Input                - Mocking key press: K
18:57:46.685 [JavaFX Application Thread] DEBUG Input                - Mocking key release: K
18:57:47.248 [JavaFX Application Thread] DEBUG Input                - Mocking key press: L
18:57:47.318 [JavaFX Application Thread] DEBUG Input                - Mocking key release: L
18:57:50.805 [JavaFX Application Thread] DEBUG Input                - Mocking key press: K
18:57:50.931 [JavaFX Application Thread] DEBUG Input                - Mocking key release: K
19:02:04.788 [Thread-4                 ] DEBUG Endpoint             - TCPServer opening new connection (2) from /127.0.0.1:56057 type: class java.lang.String
19:02:04.789 [Thread-4                 ] DEBUG Endpoint             - TCPServer successfully opened connection (2)
19:02:04.789 [TCPServer_SendThread-2   ] DEBUG Writers              - Getting TCPMessageWriter for class java.lang.String
19:02:04.789 [TCPServer_RecvThread-2   ] DEBUG Readers              - Getting TCPMessageReader for class java.lang.String
19:02:04.789 [TCPServer_SendThread-2   ] DEBUG Writers              - Constructed TCPMessageWriter for class java.lang.String: MessageWriterS
19:02:04.789 [TCPServer_RecvThread-2   ] DEBUG Readers              - Constructed MessageReader for class java.lang.String: MessageReaderS
19:02:14.751 [JavaFX Application Thread] DEBUG Input                - Mocking key press: K
19:02:15.038 [JavaFX Application Thread] DEBUG Input                - Mocking key release: K
19:02:19.017 [JavaFX Application Thread] DEBUG Input                - Mocking key press: I
19:02:19.151 [JavaFX Application Thread] DEBUG Input                - Mocking key release: I
19:02:20.437 [JavaFX Application Thread] DEBUG Input                - Mocking key press: K
19:02:20.668 [JavaFX Application Thread] DEBUG Input                - Mocking key release: K
19:02:21.193 [JavaFX Application Thread] DEBUG Input                - Mocking key press: I
19:02:21.350 [JavaFX Application Thread] DEBUG Input                - Mocking key release: I
19:02:22.069 [JavaFX Application Thread] DEBUG Input                - Mocking key press: K
19:02:22.236 [JavaFX Application Thread] DEBUG Input                - Mocking key release: K
19:02:24.903 [JavaFX Application Thread] DEBUG Input                - Mocking key press: I
19:02:25.075 [JavaFX Application Thread] DEBUG Input                - Mocking key release: I
19:02:25.285 [JavaFX Application Thread] DEBUG Input                - Mocking key press: J
19:02:25.620 [JavaFX Application Thread] DEBUG Input                - Mocking key release: J
19:04:48.746 [Thread-4                 ] DEBUG Endpoint             - TCPServer opening new connection (3) from /127.0.0.1:56084 type: class java.lang.String
19:04:48.746 [Thread-4                 ] DEBUG Endpoint             - TCPServer successfully opened connection (3)
19:04:48.747 [TCPServer_SendThread-3   ] DEBUG Writers              - Getting TCPMessageWriter for class java.lang.String
19:04:48.747 [TCPServer_RecvThread-3   ] DEBUG Readers              - Getting TCPMessageReader for class java.lang.String
19:04:48.747 [TCPServer_SendThread-3   ] DEBUG Writers              - Constructed TCPMessageWriter for class java.lang.String: MessageWriterS
19:04:48.747 [TCPServer_RecvThread-3   ] DEBUG Readers              - Constructed MessageReader for class java.lang.String: MessageReaderS
19:05:04.789 [JavaFX Application Thread] DEBUG Input                - Mocking key press: W
19:05:05.005 [JavaFX Application Thread] DEBUG Input                - Mocking key release: W
19:05:11.305 [JavaFX Application Thread] DEBUG Input                - Mocking key press: I
19:05:11.475 [JavaFX Application Thread] DEBUG Input                - Mocking key release: I
19:05:13.406 [JavaFX Application Thread] DEBUG Input                - Mocking key press: K
19:05:13.706 [JavaFX Application Thread] DEBUG Input                - Mocking key release: K
19:05:20.689 [JavaFX Application Thread] DEBUG Input                - Mocking key press: J
19:05:20.921 [JavaFX Application Thread] DEBUG Input                - Mocking key release: J
19:05:21.926 [JavaFX Application Thread] DEBUG Input                - Mocking key press: I
19:05:22.274 [JavaFX Application Thread] DEBUG Input                - Mocking key release: I
19:05:26.739 [JavaFX Application Thread] DEBUG Input                - Mocking key press: K
19:05:26.905 [JavaFX Application Thread] DEBUG Input                - Mocking key release: K
19:05:51.404 [JavaFX Application Thread] DEBUG FXGLApplication      - Exiting FXGL
19:05:51.404 [JavaFX Application Thread] DEBUG LoopRunner           - Stopping loop
19:05:51.404 [JavaFX Application Thread] DEBUG SystemBundleService  - Saving FXGL system data
19:05:51.405 [JavaFX Application Thread] DEBUG FileSystemAccess     - Writing to: C:\Users\ellio\Documents\CI628\CI628-PongServer-master\system\fxgl.bundle
19:05:51.406 [JavaFX Application Thread] DEBUG Async                - Shutting down background threads
19:05:51.406 [JavaFX Application Thread] DEBUG MainWindow           - Closing main window
19:05:51.415 [JavaFX Application Thread] DEBUG Logger               - Closing Logger
