19:19:43.361 [main                     ] DEBUG Logger               - Configured Logger
19:19:43.365 [main                     ] DEBUG GameApplication      - Logging settings
Title: Pong
Version: 1.0
Width: 800
Height: 600
Fullscreen: false
Intro: false
Profiling: false
Single step:false
App Mode: DEBUG
Menu Key: ESCAPE
Stage Style: DECORATED
Scene Factory: class com.almasb.fxgl.app.scene.SceneFactory

19:19:43.662 [JavaFX Application Thread] DEBUG FXGLApplication      - Initializing FXGL
19:19:43.666 [JavaFX Application Thread] INFO  Engine               - FXGL-11.11 (08.09.2020 18.00) on WINDOWS (J:17.0.5 FX:14)
19:19:43.666 [JavaFX Application Thread] DEBUG Engine               - JRE Vendor Name: Amazon.com Inc.
19:19:43.666 [JavaFX Application Thread] DEBUG Engine               - Running on OS: Windows 11 version 10.0
19:19:43.666 [JavaFX Application Thread] DEBUG Engine               - Architecture: amd64
19:19:43.666 [JavaFX Application Thread] INFO  Engine               - Source code and latest versions at: https://github.com/AlmasB/FXGL
19:19:43.666 [JavaFX Application Thread] INFO  Engine               -              Join the FXGL chat at: https://gitter.im/AlmasB/FXGL
19:19:43.719 [JavaFX Application Thread] DEBUG MainWindow           - Creating a JavaFX scene
19:19:43.746 [JavaFX Application Thread] DEBUG MainWindow           - Target settings size: 800.0 x 600.0
19:19:43.746 [JavaFX Application Thread] DEBUG MainWindow           - Scaled scene size:    800.0 x 600.0
19:19:43.746 [JavaFX Application Thread] DEBUG MainWindow           - Scaled ratio: (1.0, 1.0)
19:19:43.746 [JavaFX Application Thread] DEBUG MainWindow           - Set initial scene to StartupScene
19:19:43.749 [JavaFX Application Thread] DEBUG MainWindow           - Opening main window
19:19:43.800 [JavaFX Application Thread] DEBUG MainWindow           - Window border size: (16.0, 39.0)
19:19:43.800 [JavaFX Application Thread] DEBUG MainWindow           - Scaled size: 800.0 x 600.0
19:19:43.800 [JavaFX Application Thread] DEBUG MainWindow           - Scaled ratio: (1.0, 1.0)
19:19:43.800 [JavaFX Application Thread] DEBUG MainWindow           - Scene size: 800.0 x 600.0
19:19:43.801 [JavaFX Application Thread] DEBUG MainWindow           - Stage size: 816.0 x 639.0
19:19:43.805 [FXGL Background Thread 1 ] DEBUG Engine               - Initializing environment variables
19:19:43.822 [FXGL Background Thread 1 ] DEBUG GameApplicationServi - Applying CSS: fxgl_dark.css
19:19:43.822 [FXGL Background Thread 1 ] DEBUG FXGLAssetLoaderServi - Loading from file system: /assets/ui/css/fxgl_dark.css
19:19:43.850 [FXGL Background Thread 1 ] DEBUG GameApplicationServi - Initializing application scenes
19:19:43.871 [FXGL Background Thread 1 ] DEBUG GameWorld            - Game world initialized
19:19:43.904 [FXGL Background Thread 1 ] DEBUG PhysicsWorld         - Physics world initialized: appHeight=600, physics.ppm=50.0
19:19:43.905 [FXGL Background Thread 1 ] DEBUG GameScene            - Game scene initialized: 800x600
19:19:43.923 [FXGL Background Thread 1 ] DEBUG FXGLAssetLoaderServi - Loading from file system: /assets/textures/particles/trace_horizontal.png
19:19:43.949 [FXGL Background Thread 1 ] DEBUG FXGL.DefaultMenu     - createMenuBodyGameMenu()
19:19:43.959 [FXGL Background Thread 1 ] DEBUG FXGL.DefaultMenu     - createOptionsMenu()
19:19:43.962 [FXGL Background Thread 1 ] DEBUG FXGLAssetLoaderServi - Loading from file system: /assets/textures/particles/smoke.png
19:19:43.991 [FXGL Background Thread 1 ] DEBUG GameApplicationServi - Application scenes initialized
19:19:43.999 [FXGL Background Thread 1 ] DEBUG SystemBundleService  - Loading FXGL system data
19:19:44.002 [FXGL Background Thread 1 ] DEBUG FileSystemAccess     - Reading from: C:\Users\ellio\Documents\CI628\CI628-PongServer-master\system\fxgl.bundle
19:19:44.006 [FXGL Background Thread 1 ] DEBUG SystemBundleService  - Bundle FXGL: {}
19:19:44.006 [FXGL Background Thread 1 ] DEBUG UpdaterService       - Checking for updates
19:19:44.008 [FXGL Background Thread 4 ] DEBUG FXGLApplication      - Loading fonts
19:19:44.008 [FXGL Background Thread 4 ] DEBUG FXGLAssetLoaderServi - Loading from file system: /assets/ui/fonts/pong.ttf
19:19:44.008 [FXGL Background Thread 1 ] DEBUG FXGLApplication      - Loading default localization
19:19:44.008 [FXGL Background Thread 1 ] DEBUG FXGLAssetLoaderServi - Loading from file system: /assets/languages/english.lang
19:19:44.020 [FXGL Background Thread 1 ] INFO  FXGLApplication      - FXGL initialization took: 0.214 sec
19:19:44.025 [JavaFX Application Thread] DEBUG Input                - Registered new binding: Up1 - W
19:19:44.025 [JavaFX Application Thread] DEBUG Input                - Registered new binding: Down1 - S
19:19:44.025 [JavaFX Application Thread] DEBUG Input                - Registered new binding: Right1 - D
19:19:44.025 [JavaFX Application Thread] DEBUG Input                - Registered new binding: Left1 - A
19:19:44.025 [JavaFX Application Thread] DEBUG Input                - Registered new binding: Up2 - I
19:19:44.025 [JavaFX Application Thread] DEBUG Input                - Registered new binding: Down2 - K
19:19:44.026 [JavaFX Application Thread] DEBUG Input                - Registered new binding: Right2 - L
19:19:44.026 [JavaFX Application Thread] DEBUG Input                - Registered new binding: Left2 - J
19:19:44.026 [JavaFX Application Thread] DEBUG FXGLAssetLoaderServi - Loading from file system: /assets/textures/fxgl_icon.png
19:19:44.040 [JavaFX Application Thread] DEBUG FXGLAssetLoaderServi - Loading from file system: /assets/ui/cursors/fxgl_default.png
19:19:44.040 [FXGL Background Thread 4 ] DEBUG FXGLAssetLoaderServi - Loading from file system: /assets/ui/fonts/Abel-Regular.ttf
19:19:44.042 [FXGL Background Thread 4 ] DEBUG FXGLAssetLoaderServi - Loading from file system: /assets/ui/fonts/lucida_console.ttf
19:19:44.042 [JavaFX Application Thread] DEBUG Input                - Registered new binding: Screenshot - P
19:19:44.043 [JavaFX Application Thread] DEBUG Input                - Registered new binding: System info dump - CTRL+9
19:19:44.043 [JavaFX Application Thread] DEBUG Input                - Registered new binding: Restart - CTRL+R
19:19:44.044 [JavaFX Application Thread] DEBUG Input                - Registered new binding: Toggle Debug Camera - CTRL+C
19:19:44.044 [FXGL Background Thread 4 ] DEBUG FXGLAssetLoaderServi - Loading from file system: /assets/ui/fonts/Courier-Prime.ttf
19:19:44.046 [JavaFX Application Thread] DEBUG LoopRunner           - Starting loop
19:19:44.048 [JavaFX Application Thread] DEBUG GameApplicationServi - Starting new game
19:19:44.048 [JavaFX Application Thread] DEBUG Input                - Clearing active input actions
19:19:44.056 [JavaFX Application Thread] DEBUG GameApplicationServi - Removing overlay from StartupScene and adding to FXGLLoadingScene
19:19:44.057 [JavaFX Application Thread] DEBUG MainWindow           - StartupScene -> FXGLLoadingScene
19:19:44.057 [JavaFX Application Thread] DEBUG GameApplicationServi - Clearing previous game
19:19:44.057 [JavaFX Application Thread] DEBUG GameScene            - Clearing game scene
19:19:44.057 [JavaFX Application Thread] DEBUG GameWorld            - Clearing game world
19:19:44.057 [JavaFX Application Thread] DEBUG PhysicsWorld         - Clearing physics world
19:19:44.059 [JavaFX Application Thread] DEBUG FXGLApplication      - Registering font factories with UI factory
19:19:44.059 [FXGL Background Thread 4 ] DEBUG FXGLApplication      - Initializing game
19:19:44.108 [FXGL Background Thread 4 ] DEBUG FXGLAssetLoaderServi - Loading from file system: /assets/ui/main.fxml
19:19:44.114 [Thread-4                 ] DEBUG TCPServer            - Starting to listen at: 55555 type: class java.lang.String
19:19:44.170 [FXGL Background Thread 4 ] INFO  FXGLApplication      - Game initialization took: 0.111 sec
19:19:44.170 [JavaFX Application Thread] DEBUG Input                - Clearing active input actions
19:19:44.175 [JavaFX Application Thread] DEBUG GameApplicationServi - Removing overlay from FXGLLoadingScene and adding to GameScene
19:19:44.175 [JavaFX Application Thread] DEBUG MainWindow           - FXGLLoadingScene -> GameScene
19:19:44.492 [FXGL Background Thread 2 ] INFO  UpdaterService       - Your current version:  11.11
19:19:44.492 [FXGL Background Thread 2 ] INFO  UpdaterService       - Latest stable version: 17+dev-SNAPSHOT
19:19:47.008 [FXGL Background Thread 3 ] DEBUG Engine               - Logging environment variables
19:19:47.008 [FXGL Background Thread 3 ] DEBUG Engine               - achievements: []
19:19:47.008 [FXGL Background Thread 3 ] DEBUG Engine               - appIcon: fxgl_icon.png
19:19:47.008 [FXGL Background Thread 3 ] DEBUG Engine               - applicationMode: DEBUG
19:19:47.008 [FXGL Background Thread 3 ] DEBUG Engine               - cSSList: [fxgl_dark.css]
19:19:47.008 [FXGL Background Thread 3 ] DEBUG Engine               - configClass: Optional.empty
19:19:47.008 [FXGL Background Thread 3 ] DEBUG Engine               - credits: []
19:19:47.008 [FXGL Background Thread 3 ] DEBUG Engine               - devBBoxColorProperty: ObjectProperty [value: 0xff0000ff]
19:19:47.008 [FXGL Background Thread 3 ] DEBUG Engine               - devEnableDebugCameraProperty: BooleanProperty [value: false]
19:19:47.009 [FXGL Background Thread 3 ] DEBUG Engine               - devSensorColorProperty: ObjectProperty [value: 0xffff00ff]
19:19:47.009 [FXGL Background Thread 3 ] DEBUG Engine               - devShowBBoxProperty: BooleanProperty [value: false]
19:19:47.009 [FXGL Background Thread 3 ] DEBUG Engine               - devShowPositionProperty: BooleanProperty [value: false]
19:19:47.009 [FXGL Background Thread 3 ] DEBUG Engine               - enabledMenuItems: []
19:19:47.009 [FXGL Background Thread 3 ] DEBUG Engine               - engineServices: [class com.almasb.fxgl.app.FXGLApplication$GameApplicationService, class com.almasb.fxgl.app.services.FXGLDialogService, class com.almasb.fxgl.app.services.IOTaskExecutorService, class com.almasb.fxgl.event.EventBusService, class com.almasb.fxgl.io.FileSystemService, class com.almasb.fxgl.localization.LocalizationService, class com.almasb.fxgl.app.services.FXGLAssetLoaderService, class com.almasb.fxgl.app.services.SystemBundleService, class com.almasb.fxgl.profile.SaveLoadService, class com.almasb.fxgl.ui.FXGLUIFactoryServiceProvider, class com.almasb.fxgl.ui.FXGLDialogFactoryServiceProvider, class com.almasb.fxgl.audio.AudioPlayer, class com.almasb.fxgl.notification.impl.NotificationServiceProvider, class com.almasb.fxgl.achievement.AchievementService, class com.almasb.fxgl.cutscene.CutsceneService, class com.almasb.fxgl.minigames.MiniGameService, class com.almasb.fxgl.net.NetService, class com.almasb.fxgl.app.services.UpdaterService, class com.almasb.fxgl.dev.DevService]
19:19:47.009 [FXGL Background Thread 3 ] DEBUG Engine               - fontGame: Abel-Regular.ttf
19:19:47.009 [FXGL Background Thread 3 ] DEBUG Engine               - fontMono: lucida_console.ttf
19:19:47.009 [FXGL Background Thread 3 ] DEBUG Engine               - fontText: Courier-Prime.ttf
19:19:47.009 [FXGL Background Thread 3 ] DEBUG Engine               - fontUI: pong.ttf
19:19:47.009 [FXGL Background Thread 3 ] DEBUG Engine               - fullScreen: BooleanProperty [value: false]
19:19:47.009 [FXGL Background Thread 3 ] DEBUG Engine               - gameDifficulty: MEDIUM
19:19:47.009 [FXGL Background Thread 3 ] DEBUG Engine               - gameDifficultyProperty: ObjectProperty [value: MEDIUM]
19:19:47.009 [FXGL Background Thread 3 ] DEBUG Engine               - globalMusicVolume: 0.5
19:19:47.009 [FXGL Background Thread 3 ] DEBUG Engine               - globalMusicVolumeProperty: DoubleProperty [value: 0.5]
19:19:47.010 [FXGL Background Thread 3 ] DEBUG Engine               - globalSoundVolume: 0.5
19:19:47.010 [FXGL Background Thread 3 ] DEBUG Engine               - globalSoundVolumeProperty: DoubleProperty [value: 0.5]
19:19:47.010 [FXGL Background Thread 3 ] DEBUG Engine               - height: 600
19:19:47.010 [FXGL Background Thread 3 ] DEBUG Engine               - isAndroid: false
19:19:47.010 [FXGL Background Thread 3 ] DEBUG Engine               - isBrowser: false
19:19:47.010 [FXGL Background Thread 3 ] DEBUG Engine               - isClickFeedbackEnabled: false
19:19:47.010 [FXGL Background Thread 3 ] DEBUG Engine               - isCloseConfirmation: false
19:19:47.010 [FXGL Background Thread 3 ] DEBUG Engine               - isDesktop: true
19:19:47.010 [FXGL Background Thread 3 ] DEBUG Engine               - isDeveloperMenuEnabled: false
19:19:47.010 [FXGL Background Thread 3 ] DEBUG Engine               - isEntityPreloadEnabled: true
19:19:47.010 [FXGL Background Thread 3 ] DEBUG Engine               - isExperimentalNative: false
19:19:47.010 [FXGL Background Thread 3 ] DEBUG Engine               - isExperimentalTiledLargeMap: false
19:19:47.010 [FXGL Background Thread 3 ] DEBUG Engine               - isFileSystemWriteAllowed: true
19:19:47.010 [FXGL Background Thread 3 ] DEBUG Engine               - isFullScreenAllowed: false
19:19:47.010 [FXGL Background Thread 3 ] DEBUG Engine               - isFullScreenFromStart: false
19:19:47.010 [FXGL Background Thread 3 ] DEBUG Engine               - isGameMenuEnabled: true
19:19:47.010 [FXGL Background Thread 3 ] DEBUG Engine               - isIOS: false
19:19:47.010 [FXGL Background Thread 3 ] DEBUG Engine               - isIntroEnabled: false
19:19:47.010 [FXGL Background Thread 3 ] DEBUG Engine               - isLinux: false
19:19:47.010 [FXGL Background Thread 3 ] DEBUG Engine               - isMac: false
19:19:47.011 [FXGL Background Thread 3 ] DEBUG Engine               - isMainMenuEnabled: false
19:19:47.011 [FXGL Background Thread 3 ] DEBUG Engine               - isManualResizeEnabled: false
19:19:47.011 [FXGL Background Thread 3 ] DEBUG Engine               - isMobile: false
19:19:47.011 [FXGL Background Thread 3 ] DEBUG Engine               - isPreserveResizeRatio: false
19:19:47.011 [FXGL Background Thread 3 ] DEBUG Engine               - isProfilingEnabled: false
19:19:47.011 [FXGL Background Thread 3 ] DEBUG Engine               - isSingleStep: false
19:19:47.011 [FXGL Background Thread 3 ] DEBUG Engine               - isUserProfileEnabled: false
19:19:47.011 [FXGL Background Thread 3 ] DEBUG Engine               - isWindows: true
19:19:47.011 [FXGL Background Thread 3 ] DEBUG Engine               - language: ObjectProperty [value: ENGLISH]
19:19:47.011 [FXGL Background Thread 3 ] DEBUG Engine               - menuKey: ESCAPE
19:19:47.011 [FXGL Background Thread 3 ] DEBUG Engine               - notificationViewClass: class com.almasb.fxgl.notification.view.XboxNotificationView
19:19:47.011 [FXGL Background Thread 3 ] DEBUG Engine               - pixelsPerMeter: 50.0
19:19:47.011 [FXGL Background Thread 3 ] DEBUG Engine               - platform: WINDOWS
19:19:47.011 [FXGL Background Thread 3 ] DEBUG Engine               - profileDir: profiles/
19:19:47.011 [FXGL Background Thread 3 ] DEBUG Engine               - profileName: StringProperty [value: DEFAULT]
19:19:47.011 [FXGL Background Thread 3 ] DEBUG Engine               - randomSeed: -1
19:19:47.012 [FXGL Background Thread 3 ] DEBUG Engine               - runtimeInfo: RuntimeInfo(platform=WINDOWS, version=11.11, build=08.09.2020 18.00)
19:19:47.012 [FXGL Background Thread 3 ] DEBUG Engine               - saveFileExt: sav
19:19:47.012 [FXGL Background Thread 3 ] DEBUG Engine               - sceneFactory: com.almasb.fxgl.app.scene.SceneFactory@136243c1
19:19:47.012 [FXGL Background Thread 3 ] DEBUG Engine               - secondsIn24h: 60
19:19:47.012 [FXGL Background Thread 3 ] DEBUG Engine               - soundMenuBack: menu/back.wav
19:19:47.012 [FXGL Background Thread 3 ] DEBUG Engine               - soundMenuPress: menu/press.wav
19:19:47.012 [FXGL Background Thread 3 ] DEBUG Engine               - soundMenuSelect: menu/select.wav
19:19:47.012 [FXGL Background Thread 3 ] DEBUG Engine               - soundNotification: core/notification.wav
19:19:47.012 [FXGL Background Thread 3 ] DEBUG Engine               - stageStyle: DECORATED
19:19:47.012 [FXGL Background Thread 3 ] DEBUG Engine               - supportedLanguages: [ENGLISH, FRENCH, GERMAN, HUNGARIAN, RUSSIAN]
19:19:47.012 [FXGL Background Thread 3 ] DEBUG Engine               - title: Pong
19:19:47.012 [FXGL Background Thread 3 ] DEBUG Engine               - urlGithub: https://github.com/AlmasB/FXGL
19:19:47.012 [FXGL Background Thread 3 ] DEBUG Engine               - urlLeaderboard: http://fxgl-top.herokuapp.com/
19:19:47.012 [FXGL Background Thread 3 ] DEBUG Engine               - urlPOM: https://raw.githubusercontent.com/AlmasB/FXGL/master/pom.xml
19:19:47.012 [FXGL Background Thread 3 ] DEBUG Engine               - version: 1.0
19:19:47.012 [FXGL Background Thread 3 ] DEBUG Engine               - versionCheckDays: 7
19:19:47.012 [FXGL Background Thread 3 ] DEBUG Engine               - width: 800
19:19:47.012 [FXGL Background Thread 3 ] DEBUG Engine               - Logging services
19:19:47.012 [FXGL Background Thread 3 ] DEBUG Engine               - class com.almasb.fxgl.app.FXGLApplication$GameApplicationService
19:19:47.012 [FXGL Background Thread 3 ] DEBUG Engine               - class com.almasb.fxgl.app.services.FXGLDialogService
19:19:47.012 [FXGL Background Thread 3 ] DEBUG Engine               - class com.almasb.fxgl.app.services.IOTaskExecutorService
19:19:47.013 [FXGL Background Thread 3 ] DEBUG Engine               - class com.almasb.fxgl.event.EventBusService
19:19:47.013 [FXGL Background Thread 3 ] DEBUG Engine               - class com.almasb.fxgl.io.FileSystemService
19:19:47.013 [FXGL Background Thread 3 ] DEBUG Engine               - class com.almasb.fxgl.localization.LocalizationService
19:19:47.013 [FXGL Background Thread 3 ] DEBUG Engine               - class com.almasb.fxgl.app.services.FXGLAssetLoaderService
19:19:47.013 [FXGL Background Thread 3 ] DEBUG Engine               - class com.almasb.fxgl.app.services.SystemBundleService
19:19:47.013 [FXGL Background Thread 3 ] DEBUG Engine               - class com.almasb.fxgl.profile.SaveLoadService
19:19:47.013 [FXGL Background Thread 3 ] DEBUG Engine               - class com.almasb.fxgl.ui.FXGLUIFactoryServiceProvider
19:19:47.013 [FXGL Background Thread 3 ] DEBUG Engine               - class com.almasb.fxgl.ui.FXGLDialogFactoryServiceProvider
19:19:47.013 [FXGL Background Thread 3 ] DEBUG Engine               - class com.almasb.fxgl.audio.AudioPlayer
19:19:47.013 [FXGL Background Thread 3 ] DEBUG Engine               - class com.almasb.fxgl.notification.impl.NotificationServiceProvider
19:19:47.013 [FXGL Background Thread 3 ] DEBUG Engine               - class com.almasb.fxgl.achievement.AchievementService
19:19:47.013 [FXGL Background Thread 3 ] DEBUG Engine               - class com.almasb.fxgl.cutscene.CutsceneService
19:19:47.013 [FXGL Background Thread 3 ] DEBUG Engine               - class com.almasb.fxgl.minigames.MiniGameService
19:19:47.013 [FXGL Background Thread 3 ] DEBUG Engine               - class com.almasb.fxgl.net.NetService
19:19:47.013 [FXGL Background Thread 3 ] DEBUG Engine               - class com.almasb.fxgl.app.services.UpdaterService
19:19:47.013 [FXGL Background Thread 3 ] DEBUG Engine               - class com.almasb.fxgl.dev.DevService
19:19:49.162 [Thread-4                 ] DEBUG Endpoint             - TCPServer opening new connection (1) from /127.0.0.1:56513 type: class java.lang.String
19:19:49.164 [Thread-4                 ] DEBUG Endpoint             - TCPServer successfully opened connection (1)
19:19:49.165 [TCPServer_SendThread-1   ] DEBUG Writers              - Getting TCPMessageWriter for class java.lang.String
19:19:49.165 [TCPServer_SendThread-1   ] DEBUG Writers              - Constructed TCPMessageWriter for class java.lang.String: MessageWriterS
19:19:49.166 [TCPServer_RecvThread-1   ] DEBUG Readers              - Getting TCPMessageReader for class java.lang.String
19:19:49.166 [TCPServer_RecvThread-1   ] DEBUG Readers              - Constructed MessageReader for class java.lang.String: MessageReaderS
19:20:28.430 [JavaFX Application Thread] DEBUG MainWindow           - Push state: FXGLDefaultMenu
19:20:28.431 [JavaFX Application Thread] DEBUG Input                - Clearing active input actions
19:20:28.433 [JavaFX Application Thread] DEBUG GameApplicationServi - Removing overlay from GameScene and adding to FXGLDefaultMenu
19:20:28.433 [JavaFX Application Thread] DEBUG MainWindow           - GameScene -> FXGLDefaultMenu
19:21:13.652 [JavaFX Application Thread] DEBUG Menu                 - fireResume()
19:21:13.652 [JavaFX Application Thread] DEBUG MainWindow           - Pop state: FXGLDefaultMenu
19:21:13.652 [JavaFX Application Thread] DEBUG Input                - Clearing active input actions
19:21:13.654 [JavaFX Application Thread] DEBUG GameApplicationServi - Removing overlay from FXGLDefaultMenu and adding to GameScene
19:21:13.654 [JavaFX Application Thread] DEBUG MainWindow           - GameScene <- FXGLDefaultMenu
19:22:14.462 [JavaFX Application Thread] DEBUG FXGLApplication      - Exiting FXGL
19:22:14.462 [JavaFX Application Thread] DEBUG LoopRunner           - Stopping loop
19:22:14.462 [JavaFX Application Thread] DEBUG SystemBundleService  - Saving FXGL system data
19:22:14.464 [JavaFX Application Thread] DEBUG FileSystemAccess     - Writing to: C:\Users\ellio\Documents\CI628\CI628-PongServer-master\system\fxgl.bundle
19:22:14.465 [JavaFX Application Thread] DEBUG Async                - Shutting down background threads
19:22:14.465 [JavaFX Application Thread] DEBUG MainWindow           - Closing main window
19:22:14.473 [JavaFX Application Thread] DEBUG Logger               - Closing Logger
