19:12:30.339 [main                     ] DEBUG Logger               - Configured Logger
19:12:30.342 [main                     ] DEBUG GameApplication      - Logging settings
Title: Pong
Version: 1.0
Width: 800
Height: 600
Fullscreen: false
Intro: false
Profiling: false
Single step:false
App Mode: DEBUG
Menu Key: ESCAPE
Stage Style: DECORATED
Scene Factory: class com.almasb.fxgl.app.scene.SceneFactory

19:12:30.621 [JavaFX Application Thread] DEBUG FXGLApplication      - Initializing FXGL
19:12:30.625 [JavaFX Application Thread] INFO  Engine               - FXGL-11.11 (08.09.2020 18.00) on WINDOWS (J:17.0.5 FX:14)
19:12:30.625 [JavaFX Application Thread] DEBUG Engine               - JRE Vendor Name: Amazon.com Inc.
19:12:30.625 [JavaFX Application Thread] DEBUG Engine               - Running on OS: Windows 11 version 10.0
19:12:30.625 [JavaFX Application Thread] DEBUG Engine               - Architecture: amd64
19:12:30.625 [JavaFX Application Thread] INFO  Engine               - Source code and latest versions at: https://github.com/AlmasB/FXGL
19:12:30.625 [JavaFX Application Thread] INFO  Engine               -              Join the FXGL chat at: https://gitter.im/AlmasB/FXGL
19:12:30.676 [JavaFX Application Thread] DEBUG MainWindow           - Creating a JavaFX scene
19:12:30.702 [JavaFX Application Thread] DEBUG MainWindow           - Target settings size: 800.0 x 600.0
19:12:30.702 [JavaFX Application Thread] DEBUG MainWindow           - Scaled scene size:    800.0 x 600.0
19:12:30.702 [JavaFX Application Thread] DEBUG MainWindow           - Scaled ratio: (1.0, 1.0)
19:12:30.704 [JavaFX Application Thread] DEBUG MainWindow           - Set initial scene to StartupScene
19:12:30.707 [JavaFX Application Thread] DEBUG MainWindow           - Opening main window
19:12:30.758 [JavaFX Application Thread] DEBUG MainWindow           - Window border size: (16.0, 39.0)
19:12:30.758 [JavaFX Application Thread] DEBUG MainWindow           - Scaled size: 800.0 x 600.0
19:12:30.758 [JavaFX Application Thread] DEBUG MainWindow           - Scaled ratio: (1.0, 1.0)
19:12:30.758 [JavaFX Application Thread] DEBUG MainWindow           - Scene size: 800.0 x 600.0
19:12:30.758 [JavaFX Application Thread] DEBUG MainWindow           - Stage size: 816.0 x 639.0
19:12:30.762 [FXGL Background Thread 1 ] DEBUG Engine               - Initializing environment variables
19:12:30.775 [FXGL Background Thread 1 ] DEBUG GameApplicationServi - Applying CSS: fxgl_dark.css
19:12:30.775 [FXGL Background Thread 1 ] DEBUG FXGLAssetLoaderServi - Loading from file system: /assets/ui/css/fxgl_dark.css
19:12:30.799 [FXGL Background Thread 1 ] DEBUG GameApplicationServi - Initializing application scenes
19:12:30.823 [FXGL Background Thread 1 ] DEBUG GameWorld            - Game world initialized
19:12:30.855 [FXGL Background Thread 1 ] DEBUG PhysicsWorld         - Physics world initialized: appHeight=600, physics.ppm=50.0
19:12:30.857 [FXGL Background Thread 1 ] DEBUG GameScene            - Game scene initialized: 800x600
19:12:30.875 [FXGL Background Thread 1 ] DEBUG FXGLAssetLoaderServi - Loading from file system: /assets/textures/particles/trace_horizontal.png
19:12:30.903 [FXGL Background Thread 1 ] DEBUG FXGL.DefaultMenu     - createMenuBodyGameMenu()
19:12:30.913 [FXGL Background Thread 1 ] DEBUG FXGL.DefaultMenu     - createOptionsMenu()
19:12:30.916 [FXGL Background Thread 1 ] DEBUG FXGLAssetLoaderServi - Loading from file system: /assets/textures/particles/smoke.png
19:12:30.945 [FXGL Background Thread 1 ] DEBUG GameApplicationServi - Application scenes initialized
19:12:30.952 [FXGL Background Thread 1 ] DEBUG SystemBundleService  - Loading FXGL system data
19:12:30.955 [FXGL Background Thread 1 ] DEBUG FileSystemAccess     - Reading from: C:\Users\ellio\Documents\CI628\CI628-PongServer-master\system\fxgl.bundle
19:12:30.959 [FXGL Background Thread 1 ] DEBUG SystemBundleService  - Bundle FXGL: {}
19:12:30.960 [FXGL Background Thread 1 ] DEBUG UpdaterService       - Checking for updates
19:12:30.962 [FXGL Background Thread 4 ] DEBUG FXGLApplication      - Loading fonts
19:12:30.962 [FXGL Background Thread 4 ] DEBUG FXGLAssetLoaderServi - Loading from file system: /assets/ui/fonts/pong.ttf
19:12:30.962 [FXGL Background Thread 1 ] DEBUG FXGLApplication      - Loading default localization
19:12:30.963 [FXGL Background Thread 1 ] DEBUG FXGLAssetLoaderServi - Loading from file system: /assets/languages/english.lang
19:12:30.972 [FXGL Background Thread 1 ] INFO  FXGLApplication      - FXGL initialization took: 0.211 sec
19:12:30.978 [JavaFX Application Thread] DEBUG Input                - Registered new binding: Up1 - W
19:12:30.978 [JavaFX Application Thread] DEBUG Input                - Registered new binding: Down1 - S
19:12:30.979 [JavaFX Application Thread] DEBUG Input                - Registered new binding: Right1 - D
19:12:30.979 [JavaFX Application Thread] DEBUG Input                - Registered new binding: Left1 - A
19:12:30.979 [JavaFX Application Thread] DEBUG Input                - Registered new binding: Up2 - I
19:12:30.979 [JavaFX Application Thread] DEBUG Input                - Registered new binding: Down2 - K
19:12:30.979 [JavaFX Application Thread] DEBUG Input                - Registered new binding: Right2 - L
19:12:30.979 [JavaFX Application Thread] DEBUG Input                - Registered new binding: Left2 - J
19:12:30.979 [JavaFX Application Thread] DEBUG FXGLAssetLoaderServi - Loading from file system: /assets/textures/fxgl_icon.png
19:12:30.993 [FXGL Background Thread 4 ] DEBUG FXGLAssetLoaderServi - Loading from file system: /assets/ui/fonts/Abel-Regular.ttf
19:12:30.995 [JavaFX Application Thread] DEBUG FXGLAssetLoaderServi - Loading from file system: /assets/ui/cursors/fxgl_default.png
19:12:30.995 [FXGL Background Thread 4 ] DEBUG FXGLAssetLoaderServi - Loading from file system: /assets/ui/fonts/lucida_console.ttf
19:12:30.997 [JavaFX Application Thread] DEBUG Input                - Registered new binding: Screenshot - P
19:12:30.997 [JavaFX Application Thread] DEBUG Input                - Registered new binding: System info dump - CTRL+9
19:12:30.998 [JavaFX Application Thread] DEBUG Input                - Registered new binding: Restart - CTRL+R
19:12:30.998 [JavaFX Application Thread] DEBUG Input                - Registered new binding: Toggle Debug Camera - CTRL+C
19:12:30.998 [FXGL Background Thread 4 ] DEBUG FXGLAssetLoaderServi - Loading from file system: /assets/ui/fonts/Courier-Prime.ttf
19:12:31.001 [JavaFX Application Thread] DEBUG LoopRunner           - Starting loop
19:12:31.002 [JavaFX Application Thread] DEBUG GameApplicationServi - Starting new game
19:12:31.002 [JavaFX Application Thread] DEBUG Input                - Clearing active input actions
19:12:31.011 [JavaFX Application Thread] DEBUG GameApplicationServi - Removing overlay from StartupScene and adding to FXGLLoadingScene
19:12:31.011 [JavaFX Application Thread] DEBUG MainWindow           - StartupScene -> FXGLLoadingScene
19:12:31.011 [JavaFX Application Thread] DEBUG GameApplicationServi - Clearing previous game
19:12:31.011 [JavaFX Application Thread] DEBUG GameScene            - Clearing game scene
19:12:31.011 [JavaFX Application Thread] DEBUG GameWorld            - Clearing game world
19:12:31.011 [JavaFX Application Thread] DEBUG PhysicsWorld         - Clearing physics world
19:12:31.013 [JavaFX Application Thread] DEBUG FXGLApplication      - Registering font factories with UI factory
19:12:31.013 [FXGL Background Thread 4 ] DEBUG FXGLApplication      - Initializing game
19:12:31.057 [FXGL Background Thread 4 ] DEBUG FXGLAssetLoaderServi - Loading from file system: /assets/ui/main.fxml
19:12:31.058 [Thread-4                 ] DEBUG TCPServer            - Starting to listen at: 55555 type: class java.lang.String
19:12:31.100 [FXGL Background Thread 4 ] INFO  FXGLApplication      - Game initialization took: 0.087 sec
19:12:31.106 [JavaFX Application Thread] DEBUG Input                - Clearing active input actions
19:12:31.114 [JavaFX Application Thread] DEBUG GameApplicationServi - Removing overlay from FXGLLoadingScene and adding to GameScene
19:12:31.114 [JavaFX Application Thread] DEBUG MainWindow           - FXGLLoadingScene -> GameScene
19:12:31.439 [FXGL Background Thread 2 ] INFO  UpdaterService       - Your current version:  11.11
19:12:31.439 [FXGL Background Thread 2 ] INFO  UpdaterService       - Latest stable version: 17+dev-SNAPSHOT
19:12:32.242 [JavaFX Application Thread] DEBUG MainWindow           - Push state: FXGLDefaultMenu
19:12:32.244 [JavaFX Application Thread] DEBUG Input                - Clearing active input actions
19:12:32.247 [JavaFX Application Thread] DEBUG GameApplicationServi - Removing overlay from GameScene and adding to FXGLDefaultMenu
19:12:32.247 [JavaFX Application Thread] DEBUG MainWindow           - GameScene -> FXGLDefaultMenu
19:12:33.961 [FXGL Background Thread 3 ] DEBUG Engine               - Logging environment variables
19:12:33.961 [FXGL Background Thread 3 ] DEBUG Engine               - achievements: []
19:12:33.961 [FXGL Background Thread 3 ] DEBUG Engine               - appIcon: fxgl_icon.png
19:12:33.961 [FXGL Background Thread 3 ] DEBUG Engine               - applicationMode: DEBUG
19:12:33.961 [FXGL Background Thread 3 ] DEBUG Engine               - cSSList: [fxgl_dark.css]
19:12:33.961 [FXGL Background Thread 3 ] DEBUG Engine               - configClass: Optional.empty
19:12:33.962 [FXGL Background Thread 3 ] DEBUG Engine               - credits: []
19:12:33.963 [FXGL Background Thread 3 ] DEBUG Engine               - devBBoxColorProperty: ObjectProperty [value: 0xff0000ff]
19:12:33.963 [FXGL Background Thread 3 ] DEBUG Engine               - devEnableDebugCameraProperty: BooleanProperty [value: false]
19:12:33.963 [FXGL Background Thread 3 ] DEBUG Engine               - devSensorColorProperty: ObjectProperty [value: 0xffff00ff]
19:12:33.963 [FXGL Background Thread 3 ] DEBUG Engine               - devShowBBoxProperty: BooleanProperty [value: false]
19:12:33.963 [FXGL Background Thread 3 ] DEBUG Engine               - devShowPositionProperty: BooleanProperty [value: false]
19:12:33.963 [FXGL Background Thread 3 ] DEBUG Engine               - enabledMenuItems: []
19:12:33.963 [FXGL Background Thread 3 ] DEBUG Engine               - engineServices: [class com.almasb.fxgl.app.FXGLApplication$GameApplicationService, class com.almasb.fxgl.app.services.FXGLDialogService, class com.almasb.fxgl.app.services.IOTaskExecutorService, class com.almasb.fxgl.event.EventBusService, class com.almasb.fxgl.io.FileSystemService, class com.almasb.fxgl.localization.LocalizationService, class com.almasb.fxgl.app.services.FXGLAssetLoaderService, class com.almasb.fxgl.app.services.SystemBundleService, class com.almasb.fxgl.profile.SaveLoadService, class com.almasb.fxgl.ui.FXGLUIFactoryServiceProvider, class com.almasb.fxgl.ui.FXGLDialogFactoryServiceProvider, class com.almasb.fxgl.audio.AudioPlayer, class com.almasb.fxgl.notification.impl.NotificationServiceProvider, class com.almasb.fxgl.achievement.AchievementService, class com.almasb.fxgl.cutscene.CutsceneService, class com.almasb.fxgl.minigames.MiniGameService, class com.almasb.fxgl.net.NetService, class com.almasb.fxgl.app.services.UpdaterService, class com.almasb.fxgl.dev.DevService]
19:12:33.963 [FXGL Background Thread 3 ] DEBUG Engine               - fontGame: Abel-Regular.ttf
19:12:33.963 [FXGL Background Thread 3 ] DEBUG Engine               - fontMono: lucida_console.ttf
19:12:33.963 [FXGL Background Thread 3 ] DEBUG Engine               - fontText: Courier-Prime.ttf
19:12:33.963 [FXGL Background Thread 3 ] DEBUG Engine               - fontUI: pong.ttf
19:12:33.963 [FXGL Background Thread 3 ] DEBUG Engine               - fullScreen: BooleanProperty [value: false]
19:12:33.963 [FXGL Background Thread 3 ] DEBUG Engine               - gameDifficulty: MEDIUM
19:12:33.964 [FXGL Background Thread 3 ] DEBUG Engine               - gameDifficultyProperty: ObjectProperty [value: MEDIUM]
19:12:33.964 [FXGL Background Thread 3 ] DEBUG Engine               - globalMusicVolume: 0.5
19:12:33.964 [FXGL Background Thread 3 ] DEBUG Engine               - globalMusicVolumeProperty: DoubleProperty [value: 0.5]
19:12:33.964 [FXGL Background Thread 3 ] DEBUG Engine               - globalSoundVolume: 0.5
19:12:33.964 [FXGL Background Thread 3 ] DEBUG Engine               - globalSoundVolumeProperty: DoubleProperty [value: 0.5]
19:12:33.964 [FXGL Background Thread 3 ] DEBUG Engine               - height: 600
19:12:33.964 [FXGL Background Thread 3 ] DEBUG Engine               - isAndroid: false
19:12:33.964 [FXGL Background Thread 3 ] DEBUG Engine               - isBrowser: false
19:12:33.964 [FXGL Background Thread 3 ] DEBUG Engine               - isClickFeedbackEnabled: false
19:12:33.964 [FXGL Background Thread 3 ] DEBUG Engine               - isCloseConfirmation: false
19:12:33.964 [FXGL Background Thread 3 ] DEBUG Engine               - isDesktop: true
19:12:33.964 [FXGL Background Thread 3 ] DEBUG Engine               - isDeveloperMenuEnabled: false
19:12:33.964 [FXGL Background Thread 3 ] DEBUG Engine               - isEntityPreloadEnabled: true
19:12:33.964 [FXGL Background Thread 3 ] DEBUG Engine               - isExperimentalNative: false
19:12:33.964 [FXGL Background Thread 3 ] DEBUG Engine               - isExperimentalTiledLargeMap: false
19:12:33.964 [FXGL Background Thread 3 ] DEBUG Engine               - isFileSystemWriteAllowed: true
19:12:33.964 [FXGL Background Thread 3 ] DEBUG Engine               - isFullScreenAllowed: false
19:12:33.964 [FXGL Background Thread 3 ] DEBUG Engine               - isFullScreenFromStart: false
19:12:33.964 [FXGL Background Thread 3 ] DEBUG Engine               - isGameMenuEnabled: true
19:12:33.965 [FXGL Background Thread 3 ] DEBUG Engine               - isIOS: false
19:12:33.965 [FXGL Background Thread 3 ] DEBUG Engine               - isIntroEnabled: false
19:12:33.965 [FXGL Background Thread 3 ] DEBUG Engine               - isLinux: false
19:12:33.965 [FXGL Background Thread 3 ] DEBUG Engine               - isMac: false
19:12:33.965 [FXGL Background Thread 3 ] DEBUG Engine               - isMainMenuEnabled: false
19:12:33.965 [FXGL Background Thread 3 ] DEBUG Engine               - isManualResizeEnabled: false
19:12:33.965 [FXGL Background Thread 3 ] DEBUG Engine               - isMobile: false
19:12:33.965 [FXGL Background Thread 3 ] DEBUG Engine               - isPreserveResizeRatio: false
19:12:33.965 [FXGL Background Thread 3 ] DEBUG Engine               - isProfilingEnabled: false
19:12:33.965 [FXGL Background Thread 3 ] DEBUG Engine               - isSingleStep: false
19:12:33.965 [FXGL Background Thread 3 ] DEBUG Engine               - isUserProfileEnabled: false
19:12:33.965 [FXGL Background Thread 3 ] DEBUG Engine               - isWindows: true
19:12:33.965 [FXGL Background Thread 3 ] DEBUG Engine               - language: ObjectProperty [value: ENGLISH]
19:12:33.965 [FXGL Background Thread 3 ] DEBUG Engine               - menuKey: ESCAPE
19:12:33.965 [FXGL Background Thread 3 ] DEBUG Engine               - notificationViewClass: class com.almasb.fxgl.notification.view.XboxNotificationView
19:12:33.965 [FXGL Background Thread 3 ] DEBUG Engine               - pixelsPerMeter: 50.0
19:12:33.965 [FXGL Background Thread 3 ] DEBUG Engine               - platform: WINDOWS
19:12:33.965 [FXGL Background Thread 3 ] DEBUG Engine               - profileDir: profiles/
19:12:33.965 [FXGL Background Thread 3 ] DEBUG Engine               - profileName: StringProperty [value: DEFAULT]
19:12:33.966 [FXGL Background Thread 3 ] DEBUG Engine               - randomSeed: -1
19:12:33.966 [FXGL Background Thread 3 ] DEBUG Engine               - runtimeInfo: RuntimeInfo(platform=WINDOWS, version=11.11, build=08.09.2020 18.00)
19:12:33.966 [FXGL Background Thread 3 ] DEBUG Engine               - saveFileExt: sav
19:12:33.966 [FXGL Background Thread 3 ] DEBUG Engine               - sceneFactory: com.almasb.fxgl.app.scene.SceneFactory@a3ad2c0
19:12:33.966 [FXGL Background Thread 3 ] DEBUG Engine               - secondsIn24h: 60
19:12:33.966 [FXGL Background Thread 3 ] DEBUG Engine               - soundMenuBack: menu/back.wav
19:12:33.966 [FXGL Background Thread 3 ] DEBUG Engine               - soundMenuPress: menu/press.wav
19:12:33.966 [FXGL Background Thread 3 ] DEBUG Engine               - soundMenuSelect: menu/select.wav
19:12:33.966 [FXGL Background Thread 3 ] DEBUG Engine               - soundNotification: core/notification.wav
19:12:33.966 [FXGL Background Thread 3 ] DEBUG Engine               - stageStyle: DECORATED
19:12:33.966 [FXGL Background Thread 3 ] DEBUG Engine               - supportedLanguages: [ENGLISH, FRENCH, GERMAN, HUNGARIAN, RUSSIAN]
19:12:33.966 [FXGL Background Thread 3 ] DEBUG Engine               - title: Pong
19:12:33.966 [FXGL Background Thread 3 ] DEBUG Engine               - urlGithub: https://github.com/AlmasB/FXGL
19:12:33.966 [FXGL Background Thread 3 ] DEBUG Engine               - urlLeaderboard: http://fxgl-top.herokuapp.com/
19:12:33.966 [FXGL Background Thread 3 ] DEBUG Engine               - urlPOM: https://raw.githubusercontent.com/AlmasB/FXGL/master/pom.xml
19:12:33.966 [FXGL Background Thread 3 ] DEBUG Engine               - version: 1.0
19:12:33.966 [FXGL Background Thread 3 ] DEBUG Engine               - versionCheckDays: 7
19:12:33.966 [FXGL Background Thread 3 ] DEBUG Engine               - width: 800
19:12:33.966 [FXGL Background Thread 3 ] DEBUG Engine               - Logging services
19:12:33.966 [FXGL Background Thread 3 ] DEBUG Engine               - class com.almasb.fxgl.app.FXGLApplication$GameApplicationService
19:12:33.966 [FXGL Background Thread 3 ] DEBUG Engine               - class com.almasb.fxgl.app.services.FXGLDialogService
19:12:33.966 [FXGL Background Thread 3 ] DEBUG Engine               - class com.almasb.fxgl.app.services.IOTaskExecutorService
19:12:33.966 [FXGL Background Thread 3 ] DEBUG Engine               - class com.almasb.fxgl.event.EventBusService
19:12:33.966 [FXGL Background Thread 3 ] DEBUG Engine               - class com.almasb.fxgl.io.FileSystemService
19:12:33.967 [FXGL Background Thread 3 ] DEBUG Engine               - class com.almasb.fxgl.localization.LocalizationService
19:12:33.967 [FXGL Background Thread 3 ] DEBUG Engine               - class com.almasb.fxgl.app.services.FXGLAssetLoaderService
19:12:33.967 [FXGL Background Thread 3 ] DEBUG Engine               - class com.almasb.fxgl.app.services.SystemBundleService
19:12:33.967 [FXGL Background Thread 3 ] DEBUG Engine               - class com.almasb.fxgl.profile.SaveLoadService
19:12:33.967 [FXGL Background Thread 3 ] DEBUG Engine               - class com.almasb.fxgl.ui.FXGLUIFactoryServiceProvider
19:12:33.967 [FXGL Background Thread 3 ] DEBUG Engine               - class com.almasb.fxgl.ui.FXGLDialogFactoryServiceProvider
19:12:33.967 [FXGL Background Thread 3 ] DEBUG Engine               - class com.almasb.fxgl.audio.AudioPlayer
19:12:33.967 [FXGL Background Thread 3 ] DEBUG Engine               - class com.almasb.fxgl.notification.impl.NotificationServiceProvider
19:12:33.967 [FXGL Background Thread 3 ] DEBUG Engine               - class com.almasb.fxgl.achievement.AchievementService
19:12:33.967 [FXGL Background Thread 3 ] DEBUG Engine               - class com.almasb.fxgl.cutscene.CutsceneService
19:12:33.967 [FXGL Background Thread 3 ] DEBUG Engine               - class com.almasb.fxgl.minigames.MiniGameService
19:12:33.967 [FXGL Background Thread 3 ] DEBUG Engine               - class com.almasb.fxgl.net.NetService
19:12:33.967 [FXGL Background Thread 3 ] DEBUG Engine               - class com.almasb.fxgl.app.services.UpdaterService
19:12:33.967 [FXGL Background Thread 3 ] DEBUG Engine               - class com.almasb.fxgl.dev.DevService
19:14:00.999 [Thread-4                 ] DEBUG Endpoint             - TCPServer opening new connection (1) from /127.0.0.1:56270 type: class java.lang.String
19:14:01.000 [Thread-4                 ] DEBUG Endpoint             - TCPServer successfully opened connection (1)
19:14:01.000 [TCPServer_SendThread-1   ] DEBUG Writers              - Getting TCPMessageWriter for class java.lang.String
19:14:01.001 [TCPServer_SendThread-1   ] DEBUG Writers              - Constructed TCPMessageWriter for class java.lang.String: MessageWriterS
19:14:01.001 [TCPServer_RecvThread-1   ] DEBUG Readers              - Getting TCPMessageReader for class java.lang.String
19:14:01.002 [TCPServer_RecvThread-1   ] DEBUG Readers              - Constructed MessageReader for class java.lang.String: MessageReaderS
19:14:16.501 [Thread-4                 ] DEBUG Endpoint             - TCPServer opening new connection (2) from /127.0.0.1:56276 type: class java.lang.String
19:14:16.502 [Thread-4                 ] DEBUG Endpoint             - TCPServer successfully opened connection (2)
19:14:16.502 [TCPServer_SendThread-2   ] DEBUG Writers              - Getting TCPMessageWriter for class java.lang.String
19:14:16.502 [TCPServer_RecvThread-2   ] DEBUG Readers              - Getting TCPMessageReader for class java.lang.String
19:14:16.502 [TCPServer_SendThread-2   ] DEBUG Writers              - Constructed TCPMessageWriter for class java.lang.String: MessageWriterS
19:14:16.502 [TCPServer_RecvThread-2   ] DEBUG Readers              - Constructed MessageReader for class java.lang.String: MessageReaderS
19:14:37.094 [JavaFX Application Thread] DEBUG Menu                 - fireResume()
19:14:37.095 [JavaFX Application Thread] DEBUG MainWindow           - Pop state: FXGLDefaultMenu
19:14:37.095 [JavaFX Application Thread] DEBUG Input                - Clearing active input actions
19:14:37.096 [JavaFX Application Thread] DEBUG GameApplicationServi - Removing overlay from FXGLDefaultMenu and adding to GameScene
19:14:37.096 [JavaFX Application Thread] DEBUG MainWindow           - GameScene <- FXGLDefaultMenu
19:14:40.500 [JavaFX Application Thread] DEBUG MainWindow           - Push state: FXGLDefaultMenu
19:14:40.500 [JavaFX Application Thread] DEBUG Input                - Clearing active input actions
19:14:40.501 [JavaFX Application Thread] DEBUG GameApplicationServi - Removing overlay from GameScene and adding to FXGLDefaultMenu
19:14:40.501 [JavaFX Application Thread] DEBUG MainWindow           - GameScene -> FXGLDefaultMenu
19:14:44.017 [Thread-4                 ] DEBUG Endpoint             - TCPServer opening new connection (3) from /127.0.0.1:56292 type: class java.lang.String
19:14:44.017 [Thread-4                 ] DEBUG Endpoint             - TCPServer successfully opened connection (3)
19:14:44.018 [TCPServer_SendThread-3   ] DEBUG Writers              - Getting TCPMessageWriter for class java.lang.String
19:14:44.018 [TCPServer_RecvThread-3   ] DEBUG Readers              - Getting TCPMessageReader for class java.lang.String
19:14:44.018 [TCPServer_SendThread-3   ] DEBUG Writers              - Constructed TCPMessageWriter for class java.lang.String: MessageWriterS
19:14:44.018 [TCPServer_RecvThread-3   ] DEBUG Readers              - Constructed MessageReader for class java.lang.String: MessageReaderS
19:14:52.850 [JavaFX Application Thread] DEBUG Menu                 - fireResume()
19:14:52.851 [JavaFX Application Thread] DEBUG MainWindow           - Pop state: FXGLDefaultMenu
19:14:52.851 [JavaFX Application Thread] DEBUG Input                - Clearing active input actions
19:14:52.851 [JavaFX Application Thread] DEBUG GameApplicationServi - Removing overlay from FXGLDefaultMenu and adding to GameScene
19:14:52.851 [JavaFX Application Thread] DEBUG MainWindow           - GameScene <- FXGLDefaultMenu
19:15:00.479 [JavaFX Application Thread] DEBUG Input                - Mocking key press: S
19:15:00.979 [JavaFX Application Thread] DEBUG Input                - Mocking key release: S
19:15:01.214 [JavaFX Application Thread] DEBUG Input                - Mocking key press: W
19:15:02.144 [JavaFX Application Thread] DEBUG Input                - Mocking key release: W
19:15:02.335 [JavaFX Application Thread] DEBUG Input                - Mocking key press: S
19:15:03.267 [JavaFX Application Thread] DEBUG Input                - Mocking key release: S
19:15:03.557 [JavaFX Application Thread] DEBUG Input                - Mocking key press: W
19:15:04.374 [JavaFX Application Thread] DEBUG Input                - Mocking key release: W
19:15:05.411 [JavaFX Application Thread] DEBUG Input                - Mocking key press: K
19:15:05.895 [JavaFX Application Thread] DEBUG Input                - Mocking key release: K
19:15:06.228 [JavaFX Application Thread] DEBUG Input                - Mocking key press: I
19:15:07.044 [JavaFX Application Thread] DEBUG Input                - Mocking key release: I
19:15:07.362 [JavaFX Application Thread] DEBUG Input                - Mocking key press: K
19:15:08.149 [JavaFX Application Thread] DEBUG Input                - Mocking key release: K
19:15:08.228 [JavaFX Application Thread] DEBUG Input                - Mocking key press: I
19:15:08.829 [JavaFX Application Thread] DEBUG Input                - Mocking key release: I
19:15:11.131 [JavaFX Application Thread] DEBUG Input                - Mocking key press: S
19:15:11.828 [JavaFX Application Thread] DEBUG Input                - Mocking key release: S
19:15:12.127 [JavaFX Application Thread] DEBUG Input                - Mocking key press: W
19:15:12.722 [JavaFX Application Thread] DEBUG Input                - Mocking key release: W
19:15:12.962 [JavaFX Application Thread] DEBUG Input                - Mocking key press: S
19:15:13.515 [JavaFX Application Thread] DEBUG Input                - Mocking key release: S
19:15:13.844 [JavaFX Application Thread] DEBUG Input                - Mocking key press: W
19:15:14.194 [JavaFX Application Thread] DEBUG Input                - Mocking key release: W
19:15:14.880 [JavaFX Application Thread] DEBUG Input                - Mocking key press: K
19:15:15.445 [JavaFX Application Thread] DEBUG Input                - Mocking key release: K
19:15:15.629 [JavaFX Application Thread] DEBUG Input                - Mocking key press: I
19:15:16.278 [JavaFX Application Thread] DEBUG Input                - Mocking key release: I
19:15:16.678 [JavaFX Application Thread] DEBUG Input                - Mocking key press: K
19:15:17.394 [JavaFX Application Thread] DEBUG Input                - Mocking key release: K
19:15:17.811 [JavaFX Application Thread] DEBUG Input                - Mocking key press: I
19:15:18.661 [JavaFX Application Thread] DEBUG Input                - Mocking key release: I
19:15:19.180 [JavaFX Application Thread] DEBUG Input                - Mocking key press: K
19:15:19.878 [JavaFX Application Thread] DEBUG Input                - Mocking key release: K
19:15:20.548 [JavaFX Application Thread] DEBUG Input                - Mocking key press: I
19:15:21.253 [JavaFX Application Thread] DEBUG Input                - Mocking key release: I
19:15:21.563 [JavaFX Application Thread] DEBUG Input                - Mocking key press: K
19:15:22.370 [JavaFX Application Thread] DEBUG Input                - Mocking key release: K
19:15:22.783 [JavaFX Application Thread] DEBUG Input                - Mocking key press: I
19:15:23.604 [JavaFX Application Thread] DEBUG Input                - Mocking key release: I
19:15:24.844 [JavaFX Application Thread] DEBUG Input                - Mocking key press: K
19:15:25.096 [JavaFX Application Thread] DEBUG Input                - Mocking key release: K
19:15:45.695 [JavaFX Application Thread] DEBUG FXGLApplication      - Exiting FXGL
19:15:45.695 [JavaFX Application Thread] DEBUG LoopRunner           - Stopping loop
19:15:45.695 [JavaFX Application Thread] DEBUG SystemBundleService  - Saving FXGL system data
19:15:45.697 [JavaFX Application Thread] DEBUG FileSystemAccess     - Writing to: C:\Users\ellio\Documents\CI628\CI628-PongServer-master\system\fxgl.bundle
19:15:45.698 [JavaFX Application Thread] DEBUG Async                - Shutting down background threads
19:15:45.698 [JavaFX Application Thread] DEBUG MainWindow           - Closing main window
19:15:45.709 [JavaFX Application Thread] DEBUG Logger               - Closing Logger
