21:52:25.324 [main                     ] DEBUG Logger               - Configured Logger
21:52:25.328 [main                     ] DEBUG GameApplication      - Logging settings
Title: Pong
Version: 1.0
Width: 800
Height: 600
Fullscreen: false
Intro: false
Profiling: false
Single step:false
App Mode: DEBUG
Menu Key: ESCAPE
Stage Style: DECORATED
Scene Factory: class com.almasb.fxgl.app.scene.SceneFactory

21:52:25.745 [JavaFX Application Thread] DEBUG FXGLApplication      - Initializing FXGL
21:52:25.752 [JavaFX Application Thread] INFO  Engine               - FXGL-11.11 (08.09.2020 18.00) on WINDOWS (J:17.0.5 FX:14)
21:52:25.752 [JavaFX Application Thread] DEBUG Engine               - JRE Vendor Name: Amazon.com Inc.
21:52:25.752 [JavaFX Application Thread] DEBUG Engine               - Running on OS: Windows 11 version 10.0
21:52:25.752 [JavaFX Application Thread] DEBUG Engine               - Architecture: amd64
21:52:25.752 [JavaFX Application Thread] INFO  Engine               - Source code and latest versions at: https://github.com/AlmasB/FXGL
21:52:25.752 [JavaFX Application Thread] INFO  Engine               -              Join the FXGL chat at: https://gitter.im/AlmasB/FXGL
21:52:25.845 [JavaFX Application Thread] DEBUG MainWindow           - Creating a JavaFX scene
21:52:25.889 [JavaFX Application Thread] DEBUG MainWindow           - Target settings size: 800.0 x 600.0
21:52:25.889 [JavaFX Application Thread] DEBUG MainWindow           - Scaled scene size:    800.0 x 600.0
21:52:25.889 [JavaFX Application Thread] DEBUG MainWindow           - Scaled ratio: (1.0, 1.0)
21:52:25.890 [JavaFX Application Thread] DEBUG MainWindow           - Set initial scene to StartupScene
21:52:25.894 [JavaFX Application Thread] DEBUG MainWindow           - Opening main window
21:52:25.964 [JavaFX Application Thread] DEBUG MainWindow           - Window border size: (16.0, 39.0)
21:52:25.964 [JavaFX Application Thread] DEBUG MainWindow           - Scaled size: 800.0 x 600.0
21:52:25.964 [JavaFX Application Thread] DEBUG MainWindow           - Scaled ratio: (1.0, 1.0)
21:52:25.965 [JavaFX Application Thread] DEBUG MainWindow           - Scene size: 800.0 x 600.0
21:52:25.965 [JavaFX Application Thread] DEBUG MainWindow           - Stage size: 816.0 x 639.0
21:52:25.971 [FXGL Background Thread 1 ] DEBUG Engine               - Initializing environment variables
21:52:25.990 [FXGL Background Thread 1 ] DEBUG GameApplicationServi - Applying CSS: fxgl_dark.css
21:52:25.991 [FXGL Background Thread 1 ] DEBUG FXGLAssetLoaderServi - Loading from file system: /assets/ui/css/fxgl_dark.css
21:52:26.026 [FXGL Background Thread 1 ] DEBUG GameApplicationServi - Initializing application scenes
21:52:26.056 [FXGL Background Thread 1 ] DEBUG GameWorld            - Game world initialized
21:52:26.130 [FXGL Background Thread 1 ] DEBUG PhysicsWorld         - Physics world initialized: appHeight=600, physics.ppm=50.0
21:52:26.131 [FXGL Background Thread 1 ] DEBUG GameScene            - Game scene initialized: 800x600
21:52:26.152 [FXGL Background Thread 1 ] DEBUG FXGLAssetLoaderServi - Loading from file system: /assets/textures/particles/trace_horizontal.png
21:52:26.186 [FXGL Background Thread 1 ] DEBUG FXGL.DefaultMenu     - createMenuBodyGameMenu()
21:52:26.198 [FXGL Background Thread 1 ] DEBUG FXGL.DefaultMenu     - createOptionsMenu()
21:52:26.201 [FXGL Background Thread 1 ] DEBUG FXGLAssetLoaderServi - Loading from file system: /assets/textures/particles/smoke.png
21:52:26.233 [FXGL Background Thread 1 ] DEBUG GameApplicationServi - Application scenes initialized
21:52:26.243 [FXGL Background Thread 1 ] DEBUG SystemBundleService  - Loading FXGL system data
21:52:26.246 [FXGL Background Thread 1 ] DEBUG FileSystemAccess     - Reading from: C:\Users\ellio\Documents\CI628\CI628-PongServer-master\system\fxgl.bundle
21:52:26.251 [FXGL Background Thread 1 ] DEBUG SystemBundleService  - Bundle FXGL: {}
21:52:26.252 [FXGL Background Thread 1 ] DEBUG UpdaterService       - Checking for updates
21:52:26.255 [FXGL Background Thread 4 ] DEBUG FXGLApplication      - Loading fonts
21:52:26.255 [FXGL Background Thread 4 ] DEBUG FXGLAssetLoaderServi - Loading from file system: /assets/ui/fonts/pong.ttf
21:52:26.256 [FXGL Background Thread 1 ] DEBUG FXGLApplication      - Loading default localization
21:52:26.256 [FXGL Background Thread 1 ] DEBUG FXGLAssetLoaderServi - Loading from file system: /assets/languages/english.lang
21:52:26.272 [FXGL Background Thread 1 ] INFO  FXGLApplication      - FXGL initialization took: 0.300 sec
21:52:26.277 [JavaFX Application Thread] DEBUG Input                - Registered new binding: Up1 - W
21:52:26.277 [JavaFX Application Thread] DEBUG Input                - Registered new binding: Down1 - S
21:52:26.277 [JavaFX Application Thread] DEBUG Input                - Registered new binding: Right1 - D
21:52:26.278 [JavaFX Application Thread] DEBUG Input                - Registered new binding: Left1 - A
21:52:26.278 [JavaFX Application Thread] DEBUG Input                - Registered new binding: Up2 - I
21:52:26.278 [JavaFX Application Thread] DEBUG Input                - Registered new binding: Down2 - K
21:52:26.278 [JavaFX Application Thread] DEBUG Input                - Registered new binding: Right2 - L
21:52:26.278 [JavaFX Application Thread] DEBUG Input                - Registered new binding: Left2 - J
21:52:26.278 [JavaFX Application Thread] DEBUG FXGLAssetLoaderServi - Loading from file system: /assets/textures/fxgl_icon.png
21:52:26.293 [JavaFX Application Thread] DEBUG FXGLAssetLoaderServi - Loading from file system: /assets/ui/cursors/fxgl_default.png
21:52:26.295 [JavaFX Application Thread] DEBUG Input                - Registered new binding: Screenshot - P
21:52:26.295 [FXGL Background Thread 4 ] DEBUG FXGLAssetLoaderServi - Loading from file system: /assets/ui/fonts/Abel-Regular.ttf
21:52:26.295 [JavaFX Application Thread] DEBUG Input                - Registered new binding: System info dump - CTRL+9
21:52:26.296 [JavaFX Application Thread] DEBUG Input                - Registered new binding: Restart - CTRL+R
21:52:26.296 [JavaFX Application Thread] DEBUG Input                - Registered new binding: Toggle Debug Camera - CTRL+C
21:52:26.297 [FXGL Background Thread 4 ] DEBUG FXGLAssetLoaderServi - Loading from file system: /assets/ui/fonts/lucida_console.ttf
21:52:26.298 [JavaFX Application Thread] DEBUG LoopRunner           - Starting loop
21:52:26.299 [JavaFX Application Thread] DEBUG GameApplicationServi - Starting new game
21:52:26.299 [JavaFX Application Thread] DEBUG Input                - Clearing active input actions
21:52:26.300 [FXGL Background Thread 4 ] DEBUG FXGLAssetLoaderServi - Loading from file system: /assets/ui/fonts/Courier-Prime.ttf
21:52:26.307 [JavaFX Application Thread] DEBUG GameApplicationServi - Removing overlay from StartupScene and adding to FXGLLoadingScene
21:52:26.308 [JavaFX Application Thread] DEBUG MainWindow           - StartupScene -> FXGLLoadingScene
21:52:26.308 [JavaFX Application Thread] DEBUG GameApplicationServi - Clearing previous game
21:52:26.308 [JavaFX Application Thread] DEBUG GameScene            - Clearing game scene
21:52:26.308 [JavaFX Application Thread] DEBUG GameWorld            - Clearing game world
21:52:26.308 [JavaFX Application Thread] DEBUG PhysicsWorld         - Clearing physics world
21:52:26.309 [FXGL Background Thread 4 ] DEBUG FXGLApplication      - Initializing game
21:52:26.311 [JavaFX Application Thread] DEBUG FXGLApplication      - Registering font factories with UI factory
21:52:26.345 [FXGL Background Thread 4 ] DEBUG FXGLAssetLoaderServi - Loading from file system: /assets/ui/main.fxml
21:52:26.345 [Thread-4                 ] DEBUG TCPServer            - Starting to listen at: 55555 type: class java.lang.String
21:52:26.416 [FXGL Background Thread 4 ] INFO  FXGLApplication      - Game initialization took: 0.107 sec
21:52:26.417 [JavaFX Application Thread] DEBUG Input                - Clearing active input actions
21:52:26.428 [JavaFX Application Thread] DEBUG GameApplicationServi - Removing overlay from FXGLLoadingScene and adding to GameScene
21:52:26.429 [JavaFX Application Thread] DEBUG MainWindow           - FXGLLoadingScene -> GameScene
21:52:26.964 [FXGL Background Thread 2 ] INFO  UpdaterService       - Your current version:  11.11
21:52:26.964 [FXGL Background Thread 2 ] INFO  UpdaterService       - Latest stable version: 17+dev-SNAPSHOT
21:52:29.255 [FXGL Background Thread 3 ] DEBUG Engine               - Logging environment variables
21:52:29.255 [FXGL Background Thread 3 ] DEBUG Engine               - achievements: []
21:52:29.255 [FXGL Background Thread 3 ] DEBUG Engine               - appIcon: fxgl_icon.png
21:52:29.255 [FXGL Background Thread 3 ] DEBUG Engine               - applicationMode: DEBUG
21:52:29.255 [FXGL Background Thread 3 ] DEBUG Engine               - cSSList: [fxgl_dark.css]
21:52:29.255 [FXGL Background Thread 3 ] DEBUG Engine               - configClass: Optional.empty
21:52:29.255 [FXGL Background Thread 3 ] DEBUG Engine               - credits: []
21:52:29.255 [FXGL Background Thread 3 ] DEBUG Engine               - devBBoxColorProperty: ObjectProperty [value: 0xff0000ff]
21:52:29.255 [FXGL Background Thread 3 ] DEBUG Engine               - devEnableDebugCameraProperty: BooleanProperty [value: false]
21:52:29.256 [FXGL Background Thread 3 ] DEBUG Engine               - devSensorColorProperty: ObjectProperty [value: 0xffff00ff]
21:52:29.256 [FXGL Background Thread 3 ] DEBUG Engine               - devShowBBoxProperty: BooleanProperty [value: false]
21:52:29.256 [FXGL Background Thread 3 ] DEBUG Engine               - devShowPositionProperty: BooleanProperty [value: false]
21:52:29.256 [FXGL Background Thread 3 ] DEBUG Engine               - enabledMenuItems: []
21:52:29.256 [FXGL Background Thread 3 ] DEBUG Engine               - engineServices: [class com.almasb.fxgl.app.FXGLApplication$GameApplicationService, class com.almasb.fxgl.app.services.FXGLDialogService, class com.almasb.fxgl.app.services.IOTaskExecutorService, class com.almasb.fxgl.event.EventBusService, class com.almasb.fxgl.io.FileSystemService, class com.almasb.fxgl.localization.LocalizationService, class com.almasb.fxgl.app.services.FXGLAssetLoaderService, class com.almasb.fxgl.app.services.SystemBundleService, class com.almasb.fxgl.profile.SaveLoadService, class com.almasb.fxgl.ui.FXGLUIFactoryServiceProvider, class com.almasb.fxgl.ui.FXGLDialogFactoryServiceProvider, class com.almasb.fxgl.audio.AudioPlayer, class com.almasb.fxgl.notification.impl.NotificationServiceProvider, class com.almasb.fxgl.achievement.AchievementService, class com.almasb.fxgl.cutscene.CutsceneService, class com.almasb.fxgl.minigames.MiniGameService, class com.almasb.fxgl.net.NetService, class com.almasb.fxgl.app.services.UpdaterService, class com.almasb.fxgl.dev.DevService]
21:52:29.256 [FXGL Background Thread 3 ] DEBUG Engine               - fontGame: Abel-Regular.ttf
21:52:29.256 [FXGL Background Thread 3 ] DEBUG Engine               - fontMono: lucida_console.ttf
21:52:29.256 [FXGL Background Thread 3 ] DEBUG Engine               - fontText: Courier-Prime.ttf
21:52:29.256 [FXGL Background Thread 3 ] DEBUG Engine               - fontUI: pong.ttf
21:52:29.256 [FXGL Background Thread 3 ] DEBUG Engine               - fullScreen: BooleanProperty [value: false]
21:52:29.256 [FXGL Background Thread 3 ] DEBUG Engine               - gameDifficulty: MEDIUM
21:52:29.256 [FXGL Background Thread 3 ] DEBUG Engine               - gameDifficultyProperty: ObjectProperty [value: MEDIUM]
21:52:29.256 [FXGL Background Thread 3 ] DEBUG Engine               - globalMusicVolume: 0.5
21:52:29.256 [FXGL Background Thread 3 ] DEBUG Engine               - globalMusicVolumeProperty: DoubleProperty [value: 0.5]
21:52:29.257 [FXGL Background Thread 3 ] DEBUG Engine               - globalSoundVolume: 0.5
21:52:29.257 [FXGL Background Thread 3 ] DEBUG Engine               - globalSoundVolumeProperty: DoubleProperty [value: 0.5]
21:52:29.257 [FXGL Background Thread 3 ] DEBUG Engine               - height: 600
21:52:29.257 [FXGL Background Thread 3 ] DEBUG Engine               - isAndroid: false
21:52:29.257 [FXGL Background Thread 3 ] DEBUG Engine               - isBrowser: false
21:52:29.257 [FXGL Background Thread 3 ] DEBUG Engine               - isClickFeedbackEnabled: false
21:52:29.257 [FXGL Background Thread 3 ] DEBUG Engine               - isCloseConfirmation: false
21:52:29.257 [FXGL Background Thread 3 ] DEBUG Engine               - isDesktop: true
21:52:29.257 [FXGL Background Thread 3 ] DEBUG Engine               - isDeveloperMenuEnabled: false
21:52:29.257 [FXGL Background Thread 3 ] DEBUG Engine               - isEntityPreloadEnabled: true
21:52:29.257 [FXGL Background Thread 3 ] DEBUG Engine               - isExperimentalNative: false
21:52:29.257 [FXGL Background Thread 3 ] DEBUG Engine               - isExperimentalTiledLargeMap: false
21:52:29.257 [FXGL Background Thread 3 ] DEBUG Engine               - isFileSystemWriteAllowed: true
21:52:29.257 [FXGL Background Thread 3 ] DEBUG Engine               - isFullScreenAllowed: false
21:52:29.257 [FXGL Background Thread 3 ] DEBUG Engine               - isFullScreenFromStart: false
21:52:29.257 [FXGL Background Thread 3 ] DEBUG Engine               - isGameMenuEnabled: true
21:52:29.257 [FXGL Background Thread 3 ] DEBUG Engine               - isIOS: false
21:52:29.257 [FXGL Background Thread 3 ] DEBUG Engine               - isIntroEnabled: false
21:52:29.257 [FXGL Background Thread 3 ] DEBUG Engine               - isLinux: false
21:52:29.257 [FXGL Background Thread 3 ] DEBUG Engine               - isMac: false
21:52:29.257 [FXGL Background Thread 3 ] DEBUG Engine               - isMainMenuEnabled: false
21:52:29.258 [FXGL Background Thread 3 ] DEBUG Engine               - isManualResizeEnabled: false
21:52:29.258 [FXGL Background Thread 3 ] DEBUG Engine               - isMobile: false
21:52:29.258 [FXGL Background Thread 3 ] DEBUG Engine               - isPreserveResizeRatio: false
21:52:29.258 [FXGL Background Thread 3 ] DEBUG Engine               - isProfilingEnabled: false
21:52:29.258 [FXGL Background Thread 3 ] DEBUG Engine               - isSingleStep: false
21:52:29.258 [FXGL Background Thread 3 ] DEBUG Engine               - isUserProfileEnabled: false
21:52:29.258 [FXGL Background Thread 3 ] DEBUG Engine               - isWindows: true
21:52:29.258 [FXGL Background Thread 3 ] DEBUG Engine               - language: ObjectProperty [value: ENGLISH]
21:52:29.258 [FXGL Background Thread 3 ] DEBUG Engine               - menuKey: ESCAPE
21:52:29.258 [FXGL Background Thread 3 ] DEBUG Engine               - notificationViewClass: class com.almasb.fxgl.notification.view.XboxNotificationView
21:52:29.258 [FXGL Background Thread 3 ] DEBUG Engine               - pixelsPerMeter: 50.0
21:52:29.258 [FXGL Background Thread 3 ] DEBUG Engine               - platform: WINDOWS
21:52:29.258 [FXGL Background Thread 3 ] DEBUG Engine               - profileDir: profiles/
21:52:29.258 [FXGL Background Thread 3 ] DEBUG Engine               - profileName: StringProperty [value: DEFAULT]
21:52:29.258 [FXGL Background Thread 3 ] DEBUG Engine               - randomSeed: -1
21:52:29.258 [FXGL Background Thread 3 ] DEBUG Engine               - runtimeInfo: RuntimeInfo(platform=WINDOWS, version=11.11, build=08.09.2020 18.00)
21:52:29.258 [FXGL Background Thread 3 ] DEBUG Engine               - saveFileExt: sav
21:52:29.258 [FXGL Background Thread 3 ] DEBUG Engine               - sceneFactory: com.almasb.fxgl.app.scene.SceneFactory@59d7e98
21:52:29.259 [FXGL Background Thread 3 ] DEBUG Engine               - secondsIn24h: 60
21:52:29.259 [FXGL Background Thread 3 ] DEBUG Engine               - soundMenuBack: menu/back.wav
21:52:29.259 [FXGL Background Thread 3 ] DEBUG Engine               - soundMenuPress: menu/press.wav
21:52:29.259 [FXGL Background Thread 3 ] DEBUG Engine               - soundMenuSelect: menu/select.wav
21:52:29.259 [FXGL Background Thread 3 ] DEBUG Engine               - soundNotification: core/notification.wav
21:52:29.259 [FXGL Background Thread 3 ] DEBUG Engine               - stageStyle: DECORATED
21:52:29.259 [FXGL Background Thread 3 ] DEBUG Engine               - supportedLanguages: [ENGLISH, FRENCH, GERMAN, HUNGARIAN, RUSSIAN]
21:52:29.259 [FXGL Background Thread 3 ] DEBUG Engine               - title: Pong
21:52:29.259 [FXGL Background Thread 3 ] DEBUG Engine               - urlGithub: https://github.com/AlmasB/FXGL
21:52:29.259 [FXGL Background Thread 3 ] DEBUG Engine               - urlLeaderboard: http://fxgl-top.herokuapp.com/
21:52:29.259 [FXGL Background Thread 3 ] DEBUG Engine               - urlPOM: https://raw.githubusercontent.com/AlmasB/FXGL/master/pom.xml
21:52:29.259 [FXGL Background Thread 3 ] DEBUG Engine               - version: 1.0
21:52:29.259 [FXGL Background Thread 3 ] DEBUG Engine               - versionCheckDays: 7
21:52:29.259 [FXGL Background Thread 3 ] DEBUG Engine               - width: 800
21:52:29.259 [FXGL Background Thread 3 ] DEBUG Engine               - Logging services
21:52:29.259 [FXGL Background Thread 3 ] DEBUG Engine               - class com.almasb.fxgl.app.FXGLApplication$GameApplicationService
21:52:29.259 [FXGL Background Thread 3 ] DEBUG Engine               - class com.almasb.fxgl.app.services.FXGLDialogService
21:52:29.259 [FXGL Background Thread 3 ] DEBUG Engine               - class com.almasb.fxgl.app.services.IOTaskExecutorService
21:52:29.259 [FXGL Background Thread 3 ] DEBUG Engine               - class com.almasb.fxgl.event.EventBusService
21:52:29.259 [FXGL Background Thread 3 ] DEBUG Engine               - class com.almasb.fxgl.io.FileSystemService
21:52:29.259 [FXGL Background Thread 3 ] DEBUG Engine               - class com.almasb.fxgl.localization.LocalizationService
21:52:29.259 [FXGL Background Thread 3 ] DEBUG Engine               - class com.almasb.fxgl.app.services.FXGLAssetLoaderService
21:52:29.259 [FXGL Background Thread 3 ] DEBUG Engine               - class com.almasb.fxgl.app.services.SystemBundleService
21:52:29.259 [FXGL Background Thread 3 ] DEBUG Engine               - class com.almasb.fxgl.profile.SaveLoadService
21:52:29.259 [FXGL Background Thread 3 ] DEBUG Engine               - class com.almasb.fxgl.ui.FXGLUIFactoryServiceProvider
21:52:29.259 [FXGL Background Thread 3 ] DEBUG Engine               - class com.almasb.fxgl.ui.FXGLDialogFactoryServiceProvider
21:52:29.259 [FXGL Background Thread 3 ] DEBUG Engine               - class com.almasb.fxgl.audio.AudioPlayer
21:52:29.260 [FXGL Background Thread 3 ] DEBUG Engine               - class com.almasb.fxgl.notification.impl.NotificationServiceProvider
21:52:29.260 [FXGL Background Thread 3 ] DEBUG Engine               - class com.almasb.fxgl.achievement.AchievementService
21:52:29.260 [FXGL Background Thread 3 ] DEBUG Engine               - class com.almasb.fxgl.cutscene.CutsceneService
21:52:29.260 [FXGL Background Thread 3 ] DEBUG Engine               - class com.almasb.fxgl.minigames.MiniGameService
21:52:29.260 [FXGL Background Thread 3 ] DEBUG Engine               - class com.almasb.fxgl.net.NetService
21:52:29.260 [FXGL Background Thread 3 ] DEBUG Engine               - class com.almasb.fxgl.app.services.UpdaterService
21:52:29.260 [FXGL Background Thread 3 ] DEBUG Engine               - class com.almasb.fxgl.dev.DevService
21:52:31.239 [Thread-4                 ] DEBUG Endpoint             - TCPServer opening new connection (1) from /127.0.0.1:51303 type: class java.lang.String
21:52:31.240 [Thread-4                 ] DEBUG Endpoint             - TCPServer successfully opened connection (1)
21:52:31.241 [TCPServer_SendThread-1   ] DEBUG Writers              - Getting TCPMessageWriter for class java.lang.String
21:52:31.242 [TCPServer_RecvThread-1   ] DEBUG Readers              - Getting TCPMessageReader for class java.lang.String
21:52:31.242 [TCPServer_SendThread-1   ] DEBUG Writers              - Constructed TCPMessageWriter for class java.lang.String: MessageWriterS
21:52:31.243 [TCPServer_RecvThread-1   ] DEBUG Readers              - Constructed MessageReader for class java.lang.String: MessageReaderS
21:52:36.634 [JavaFX Application Thread] DEBUG FXGLApplication      - Exiting FXGL
21:52:36.634 [JavaFX Application Thread] DEBUG LoopRunner           - Stopping loop
21:52:36.634 [JavaFX Application Thread] DEBUG SystemBundleService  - Saving FXGL system data
21:52:36.636 [JavaFX Application Thread] DEBUG FileSystemAccess     - Writing to: C:\Users\ellio\Documents\CI628\CI628-PongServer-master\system\fxgl.bundle
21:52:36.637 [JavaFX Application Thread] DEBUG Async                - Shutting down background threads
21:52:36.637 [JavaFX Application Thread] DEBUG MainWindow           - Closing main window
21:52:36.647 [JavaFX Application Thread] DEBUG Logger               - Closing Logger
